[0.016s] Invoking command in '/home/nazia/ros2_ws3/build/my_robot_bringup': CMAKE_PREFIX_PATH=/home/nazia/ros2_ws3/install/my_robot2_description:/home/nazia/ros2_ws3/src/install/my_robot_bringup:/home/nazia/ros2_ws3/src/install/my_robot2_description:/opt/ros/humble /usr/bin/cmake /home/nazia/ros2_ws3/src/my_robot_bringup -DCMAKE_INSTALL_PREFIX=/home/nazia/ros2_ws3/install/my_robot_bringup
[0.031s] -- Found ament_cmake: 1.3.10 (/opt/ros/humble/share/ament_cmake/cmake)
[0.156s] -- Override CMake install command with custom implementation using symlinks instead of copying resources
[0.233s] -- Configuring done
[0.236s] -- Generating done
[0.238s] -- Build files have been written to: /home/nazia/ros2_ws3/build/my_robot_bringup
[0.241s] Invoked command in '/home/nazia/ros2_ws3/build/my_robot_bringup' returned '0': CMAKE_PREFIX_PATH=/home/nazia/ros2_ws3/install/my_robot2_description:/home/nazia/ros2_ws3/src/install/my_robot_bringup:/home/nazia/ros2_ws3/src/install/my_robot2_description:/opt/ros/humble /usr/bin/cmake /home/nazia/ros2_ws3/src/my_robot_bringup -DCMAKE_INSTALL_PREFIX=/home/nazia/ros2_ws3/install/my_robot_bringup
[0.242s] Invoking command in '/home/nazia/ros2_ws3/build/my_robot_bringup': CMAKE_PREFIX_PATH=/home/nazia/ros2_ws3/install/my_robot2_description:/home/nazia/ros2_ws3/src/install/my_robot_bringup:/home/nazia/ros2_ws3/src/install/my_robot2_description:/opt/ros/humble /usr/bin/cmake --build /home/nazia/ros2_ws3/build/my_robot_bringup -- -j2 -l2
[0.292s] Invoked command in '/home/nazia/ros2_ws3/build/my_robot_bringup' returned '0': CMAKE_PREFIX_PATH=/home/nazia/ros2_ws3/install/my_robot2_description:/home/nazia/ros2_ws3/src/install/my_robot_bringup:/home/nazia/ros2_ws3/src/install/my_robot2_description:/opt/ros/humble /usr/bin/cmake --build /home/nazia/ros2_ws3/build/my_robot_bringup -- -j2 -l2
[0.328s] Invoking command in '/home/nazia/ros2_ws3/build/my_robot_bringup': CMAKE_PREFIX_PATH=/home/nazia/ros2_ws3/install/my_robot2_description:/home/nazia/ros2_ws3/src/install/my_robot_bringup:/home/nazia/ros2_ws3/src/install/my_robot2_description:/opt/ros/humble /usr/bin/cmake --install /home/nazia/ros2_ws3/build/my_robot_bringup
[0.337s] -- Install configuration: ""
[0.337s] -- Execute custom install script
[0.337s] -- Up-to-date symlink: /home/nazia/ros2_ws3/install/my_robot_bringup/share/my_robot_bringup//launch/my_robot_gazebo.launch.xml
[0.338s] -- Symlinking: /home/nazia/ros2_ws3/install/my_robot_bringup/share/my_robot_bringup//rviz/urdf_config3.rviz
[0.351s] -- Symlinking: /home/nazia/ros2_ws3/install/my_robot_bringup/share/ament_index/resource_index/package_run_dependencies/my_robot_bringup
[0.365s] -- Symlinking: /home/nazia/ros2_ws3/install/my_robot_bringup/share/ament_index/resource_index/parent_prefix_path/my_robot_bringup
[0.375s] -- Symlinking: /home/nazia/ros2_ws3/install/my_robot_bringup/share/my_robot_bringup/environment/ament_prefix_path.sh
[0.389s] -- Symlinking: /home/nazia/ros2_ws3/install/my_robot_bringup/share/my_robot_bringup/environment/ament_prefix_path.dsv
[0.399s] -- Symlinking: /home/nazia/ros2_ws3/install/my_robot_bringup/share/my_robot_bringup/environment/path.sh
[0.410s] -- Symlinking: /home/nazia/ros2_ws3/install/my_robot_bringup/share/my_robot_bringup/environment/path.dsv
[0.420s] -- Symlinking: /home/nazia/ros2_ws3/install/my_robot_bringup/share/my_robot_bringup/local_setup.bash
[0.432s] -- Symlinking: /home/nazia/ros2_ws3/install/my_robot_bringup/share/my_robot_bringup/local_setup.sh
[0.442s] -- Symlinking: /home/nazia/ros2_ws3/install/my_robot_bringup/share/my_robot_bringup/local_setup.zsh
[0.452s] -- Symlinking: /home/nazia/ros2_ws3/install/my_robot_bringup/share/my_robot_bringup/local_setup.dsv
[0.463s] -- Symlinking: /home/nazia/ros2_ws3/install/my_robot_bringup/share/my_robot_bringup/package.dsv
[0.474s] -- Symlinking: /home/nazia/ros2_ws3/install/my_robot_bringup/share/ament_index/resource_index/packages/my_robot_bringup
[0.487s] -- Symlinking: /home/nazia/ros2_ws3/install/my_robot_bringup/share/my_robot_bringup/cmake/my_robot_bringupConfig.cmake
[0.499s] -- Symlinking: /home/nazia/ros2_ws3/install/my_robot_bringup/share/my_robot_bringup/cmake/my_robot_bringupConfig-version.cmake
[0.510s] -- Symlinking: /home/nazia/ros2_ws3/install/my_robot_bringup/share/my_robot_bringup/package.xml
[0.522s] Invoked command in '/home/nazia/ros2_ws3/build/my_robot_bringup' returned '0': CMAKE_PREFIX_PATH=/home/nazia/ros2_ws3/install/my_robot2_description:/home/nazia/ros2_ws3/src/install/my_robot_bringup:/home/nazia/ros2_ws3/src/install/my_robot2_description:/opt/ros/humble /usr/bin/cmake --install /home/nazia/ros2_ws3/build/my_robot_bringup
