[0.056s] Invoking command in '/home/nazia/ros2_ws3/build/my_robot2_description': CMAKE_PREFIX_PATH=${CMAKE_PREFIX_PATH}:/opt/ros/humble /usr/bin/cmake --build /home/nazia/ros2_ws3/build/my_robot2_description -- -j2 -l2
[0.268s] Invoked command in '/home/nazia/ros2_ws3/build/my_robot2_description' returned '0': CMAKE_PREFIX_PATH=${CMAKE_PREFIX_PATH}:/opt/ros/humble /usr/bin/cmake --build /home/nazia/ros2_ws3/build/my_robot2_description -- -j2 -l2
[0.414s] Invoking command in '/home/nazia/ros2_ws3/build/my_robot2_description': CMAKE_PREFIX_PATH=${CMAKE_PREFIX_PATH}:/opt/ros/humble /usr/bin/cmake --install /home/nazia/ros2_ws3/build/my_robot2_description
[0.459s] -- Install configuration: ""
[0.465s] -- Execute custom install script
[0.471s] -- Symlinking: /home/nazia/ros2_ws3/install/my_robot2_description/share/my_robot2_description/urdf/common_properties.xacro
[0.524s] -- Symlinking: /home/nazia/ros2_ws3/install/my_robot2_description/share/my_robot2_description/urdf/mobile_base.xacro
[0.556s] -- Up-to-date symlink: /home/nazia/ros2_ws3/install/my_robot2_description/share/my_robot2_description/urdf/my_robot.urdf.xacro
[0.559s] -- Up-to-date symlink: /home/nazia/ros2_ws3/install/my_robot2_description/share/my_robot2_description/launch/display.launch.py
[0.560s] -- Up-to-date symlink: /home/nazia/ros2_ws3/install/my_robot2_description/share/my_robot2_description/launch/display.launch.xml
[0.563s] -- Up-to-date symlink: /home/nazia/ros2_ws3/install/my_robot2_description/share/my_robot2_description/rviz/urdf_config.rviz
[0.566s] -- Up-to-date symlink: /home/nazia/ros2_ws3/install/my_robot2_description/share/my_robot2_description/rviz/urdf_config2.rviz
[0.566s] -- Up-to-date symlink: /home/nazia/ros2_ws3/install/my_robot2_description/share/ament_index/resource_index/package_run_dependencies/my_robot2_description
[0.569s] -- Up-to-date symlink: /home/nazia/ros2_ws3/install/my_robot2_description/share/ament_index/resource_index/parent_prefix_path/my_robot2_description
[0.570s] -- Up-to-date symlink: /home/nazia/ros2_ws3/install/my_robot2_description/share/my_robot2_description/environment/ament_prefix_path.sh
[0.570s] -- Up-to-date symlink: /home/nazia/ros2_ws3/install/my_robot2_description/share/my_robot2_description/environment/ament_prefix_path.dsv
[0.572s] -- Up-to-date symlink: /home/nazia/ros2_ws3/install/my_robot2_description/share/my_robot2_description/environment/path.sh
[0.573s] -- Up-to-date symlink: /home/nazia/ros2_ws3/install/my_robot2_description/share/my_robot2_description/environment/path.dsv
[0.576s] -- Up-to-date symlink: /home/nazia/ros2_ws3/install/my_robot2_description/share/my_robot2_description/local_setup.bash
[0.577s] -- Up-to-date symlink: /home/nazia/ros2_ws3/install/my_robot2_description/share/my_robot2_description/local_setup.sh
[0.579s] -- Up-to-date symlink: /home/nazia/ros2_ws3/install/my_robot2_description/share/my_robot2_description/local_setup.zsh
[0.579s] -- Up-to-date symlink: /home/nazia/ros2_ws3/install/my_robot2_description/share/my_robot2_description/local_setup.dsv
[0.580s] -- Symlinking: /home/nazia/ros2_ws3/install/my_robot2_description/share/my_robot2_description/package.dsv
[0.609s] -- Up-to-date symlink: /home/nazia/ros2_ws3/install/my_robot2_description/share/ament_index/resource_index/packages/my_robot2_description
[0.612s] -- Up-to-date symlink: /home/nazia/ros2_ws3/install/my_robot2_description/share/my_robot2_description/cmake/my_robot2_descriptionConfig.cmake
[0.615s] -- Up-to-date symlink: /home/nazia/ros2_ws3/install/my_robot2_description/share/my_robot2_description/cmake/my_robot2_descriptionConfig-version.cmake
[0.615s] -- Up-to-date symlink: /home/nazia/ros2_ws3/install/my_robot2_description/share/my_robot2_description/package.xml
[0.620s] Invoked command in '/home/nazia/ros2_ws3/build/my_robot2_description' returned '0': CMAKE_PREFIX_PATH=${CMAKE_PREFIX_PATH}:/opt/ros/humble /usr/bin/cmake --install /home/nazia/ros2_ws3/build/my_robot2_description
