[0.041s] Invoking command in '/home/nazia/ros2_ws3/build/my_robot_bringup2': CMAKE_PREFIX_PATH=${CMAKE_PREFIX_PATH}:/opt/ros/humble /usr/bin/cmake --build /home/nazia/ros2_ws3/build/my_robot_bringup2 -- -j2 -l2
[0.171s] Invoked command in '/home/nazia/ros2_ws3/build/my_robot_bringup2' returned '0': CMAKE_PREFIX_PATH=${CMAKE_PREFIX_PATH}:/opt/ros/humble /usr/bin/cmake --build /home/nazia/ros2_ws3/build/my_robot_bringup2 -- -j2 -l2
[0.279s] Invoking command in '/home/nazia/ros2_ws3/build/my_robot_bringup2': CMAKE_PREFIX_PATH=${CMAKE_PREFIX_PATH}:/opt/ros/humble /usr/bin/cmake --install /home/nazia/ros2_ws3/build/my_robot_bringup2
[0.303s] -- Install configuration: ""
[0.305s] -- Execute custom install script
[0.307s] -- Up-to-date symlink: /home/nazia/ros2_ws3/install/my_robot_bringup2/share/ament_index/resource_index/package_run_dependencies/my_robot_bringup2
[0.307s] -- Up-to-date symlink: /home/nazia/ros2_ws3/install/my_robot_bringup2/share/ament_index/resource_index/parent_prefix_path/my_robot_bringup2
[0.308s] -- Up-to-date symlink: /home/nazia/ros2_ws3/install/my_robot_bringup2/share/my_robot_bringup2/environment/ament_prefix_path.sh
[0.309s] -- Up-to-date symlink: /home/nazia/ros2_ws3/install/my_robot_bringup2/share/my_robot_bringup2/environment/ament_prefix_path.dsv
[0.310s] -- Up-to-date symlink: /home/nazia/ros2_ws3/install/my_robot_bringup2/share/my_robot_bringup2/environment/path.sh
[0.311s] -- Up-to-date symlink: /home/nazia/ros2_ws3/install/my_robot_bringup2/share/my_robot_bringup2/environment/path.dsv
[0.311s] -- Up-to-date symlink: /home/nazia/ros2_ws3/install/my_robot_bringup2/share/my_robot_bringup2/local_setup.bash
[0.312s] -- Up-to-date symlink: /home/nazia/ros2_ws3/install/my_robot_bringup2/share/my_robot_bringup2/local_setup.sh
[0.314s] -- Up-to-date symlink: /home/nazia/ros2_ws3/install/my_robot_bringup2/share/my_robot_bringup2/local_setup.zsh
[0.314s] -- Up-to-date symlink: /home/nazia/ros2_ws3/install/my_robot_bringup2/share/my_robot_bringup2/local_setup.dsv
[0.315s] -- Symlinking: /home/nazia/ros2_ws3/install/my_robot_bringup2/share/my_robot_bringup2/package.dsv
[0.354s] -- Up-to-date symlink: /home/nazia/ros2_ws3/install/my_robot_bringup2/share/ament_index/resource_index/packages/my_robot_bringup2
[0.354s] -- Up-to-date symlink: /home/nazia/ros2_ws3/install/my_robot_bringup2/share/my_robot_bringup2/cmake/my_robot_bringup2Config.cmake
[0.354s] -- Up-to-date symlink: /home/nazia/ros2_ws3/install/my_robot_bringup2/share/my_robot_bringup2/cmake/my_robot_bringup2Config-version.cmake
[0.354s] -- Up-to-date symlink: /home/nazia/ros2_ws3/install/my_robot_bringup2/share/my_robot_bringup2/package.xml
[0.356s] Invoked command in '/home/nazia/ros2_ws3/build/my_robot_bringup2' returned '0': CMAKE_PREFIX_PATH=${CMAKE_PREFIX_PATH}:/opt/ros/humble /usr/bin/cmake --install /home/nazia/ros2_ws3/build/my_robot_bringup2
