[0.040s] Invoking command in '/home/nazia/ros2_ws3/build/my_robot_bringup2': CMAKE_PREFIX_PATH=${CMAKE_PREFIX_PATH}:/opt/ros/humble /usr/bin/cmake /home/nazia/ros2_ws3/src/my_robot_bringup2 -DCMAKE_INSTALL_PREFIX=/home/nazia/ros2_ws3/install/my_robot_bringup2
[0.096s] -- Found ament_cmake: 1.3.10 (/opt/ros/humble/share/ament_cmake/cmake)
[0.400s] -- Override CMake install command with custom implementation using symlinks instead of copying resources
[0.492s] -- Found ament_lint_auto: 0.12.11 (/opt/ros/humble/share/ament_lint_auto/cmake)
[0.694s] -- Added test 'lint_cmake' to check CMake code style
[0.699s] -- Added test 'xmllint' to check XML markup files
[0.712s] -- Configuring done
[0.724s] -- Generating done
[0.728s] -- Build files have been written to: /home/nazia/ros2_ws3/build/my_robot_bringup2
[0.734s] Invoked command in '/home/nazia/ros2_ws3/build/my_robot_bringup2' returned '0': CMAKE_PREFIX_PATH=${CMAKE_PREFIX_PATH}:/opt/ros/humble /usr/bin/cmake /home/nazia/ros2_ws3/src/my_robot_bringup2 -DCMAKE_INSTALL_PREFIX=/home/nazia/ros2_ws3/install/my_robot_bringup2
[0.735s] Invoking command in '/home/nazia/ros2_ws3/build/my_robot_bringup2': CMAKE_PREFIX_PATH=${CMAKE_PREFIX_PATH}:/opt/ros/humble /usr/bin/cmake --build /home/nazia/ros2_ws3/build/my_robot_bringup2 -- -j2 -l2
[0.831s] Invoked command in '/home/nazia/ros2_ws3/build/my_robot_bringup2' returned '0': CMAKE_PREFIX_PATH=${CMAKE_PREFIX_PATH}:/opt/ros/humble /usr/bin/cmake --build /home/nazia/ros2_ws3/build/my_robot_bringup2 -- -j2 -l2
[0.919s] Invoking command in '/home/nazia/ros2_ws3/build/my_robot_bringup2': CMAKE_PREFIX_PATH=${CMAKE_PREFIX_PATH}:/opt/ros/humble /usr/bin/cmake --install /home/nazia/ros2_ws3/build/my_robot_bringup2
[0.945s] -- Install configuration: ""
[0.946s] -- Execute custom install script
[0.947s] -- Up-to-date symlink: /home/nazia/ros2_ws3/install/my_robot_bringup2/share/ament_index/resource_index/package_run_dependencies/my_robot_bringup2
[0.957s] -- Up-to-date symlink: /home/nazia/ros2_ws3/install/my_robot_bringup2/share/ament_index/resource_index/parent_prefix_path/my_robot_bringup2
[0.959s] -- Up-to-date symlink: /home/nazia/ros2_ws3/install/my_robot_bringup2/share/my_robot_bringup2/environment/ament_prefix_path.sh
[0.961s] -- Up-to-date symlink: /home/nazia/ros2_ws3/install/my_robot_bringup2/share/my_robot_bringup2/environment/ament_prefix_path.dsv
[0.963s] -- Up-to-date symlink: /home/nazia/ros2_ws3/install/my_robot_bringup2/share/my_robot_bringup2/environment/path.sh
[0.964s] -- Up-to-date symlink: /home/nazia/ros2_ws3/install/my_robot_bringup2/share/my_robot_bringup2/environment/path.dsv
[0.966s] -- Up-to-date symlink: /home/nazia/ros2_ws3/install/my_robot_bringup2/share/my_robot_bringup2/local_setup.bash
[0.967s] -- Up-to-date symlink: /home/nazia/ros2_ws3/install/my_robot_bringup2/share/my_robot_bringup2/local_setup.sh
[0.969s] -- Up-to-date symlink: /home/nazia/ros2_ws3/install/my_robot_bringup2/share/my_robot_bringup2/local_setup.zsh
[0.969s] -- Up-to-date symlink: /home/nazia/ros2_ws3/install/my_robot_bringup2/share/my_robot_bringup2/local_setup.dsv
[0.971s] -- Symlinking: /home/nazia/ros2_ws3/install/my_robot_bringup2/share/my_robot_bringup2/package.dsv
[0.995s] -- Up-to-date symlink: /home/nazia/ros2_ws3/install/my_robot_bringup2/share/ament_index/resource_index/packages/my_robot_bringup2
[0.998s] -- Up-to-date symlink: /home/nazia/ros2_ws3/install/my_robot_bringup2/share/my_robot_bringup2/cmake/my_robot_bringup2Config.cmake
[1.001s] -- Up-to-date symlink: /home/nazia/ros2_ws3/install/my_robot_bringup2/share/my_robot_bringup2/cmake/my_robot_bringup2Config-version.cmake
[1.002s] -- Up-to-date symlink: /home/nazia/ros2_ws3/install/my_robot_bringup2/share/my_robot_bringup2/package.xml
[1.044s] Invoked command in '/home/nazia/ros2_ws3/build/my_robot_bringup2' returned '0': CMAKE_PREFIX_PATH=${CMAKE_PREFIX_PATH}:/opt/ros/humble /usr/bin/cmake --install /home/nazia/ros2_ws3/build/my_robot_bringup2
