[0.149s] Invoking command in '/home/nazia/ros2_ws3/build/my_robot_bringup': CMAKE_PREFIX_PATH=/home/nazia/ros2_ws3/install/my_robot2_description:/home/nazia/ros2_ws3/install/my_robot_bringup2:/home/nazia/ros2_ws3/install/my_robot_bringup:/home/nazia/ros2_ws3/src/install/my_robot_bringup2:/home/nazia/ros2_ws3/src/install/my_robot_bringup:/home/nazia/ros2_ws3/src/install/my_robot2_description:/opt/ros/humble /usr/bin/cmake /home/nazia/ros2_ws3/src/my_robot_bringup -DCMAKE_INSTALL_PREFIX=/home/nazia/ros2_ws3/install/my_robot_bringup
[0.268s] -- Found ament_cmake: 1.3.10 (/opt/ros/humble/share/ament_cmake/cmake)
[1.230s] -- Override CMake install command with custom implementation using symlinks instead of copying resources
[1.824s] -- Configuring done
[1.858s] -- Generating done
[1.880s] -- Build files have been written to: /home/nazia/ros2_ws3/build/my_robot_bringup
[1.896s] Invoked command in '/home/nazia/ros2_ws3/build/my_robot_bringup' returned '0': CMAKE_PREFIX_PATH=/home/nazia/ros2_ws3/install/my_robot2_description:/home/nazia/ros2_ws3/install/my_robot_bringup2:/home/nazia/ros2_ws3/install/my_robot_bringup:/home/nazia/ros2_ws3/src/install/my_robot_bringup2:/home/nazia/ros2_ws3/src/install/my_robot_bringup:/home/nazia/ros2_ws3/src/install/my_robot2_description:/opt/ros/humble /usr/bin/cmake /home/nazia/ros2_ws3/src/my_robot_bringup -DCMAKE_INSTALL_PREFIX=/home/nazia/ros2_ws3/install/my_robot_bringup
[1.904s] Invoking command in '/home/nazia/ros2_ws3/build/my_robot_bringup': CMAKE_PREFIX_PATH=/home/nazia/ros2_ws3/install/my_robot2_description:/home/nazia/ros2_ws3/install/my_robot_bringup2:/home/nazia/ros2_ws3/install/my_robot_bringup:/home/nazia/ros2_ws3/src/install/my_robot_bringup2:/home/nazia/ros2_ws3/src/install/my_robot_bringup:/home/nazia/ros2_ws3/src/install/my_robot2_description:/opt/ros/humble /usr/bin/cmake --build /home/nazia/ros2_ws3/build/my_robot_bringup -- -j2 -l2
[2.303s] Invoked command in '/home/nazia/ros2_ws3/build/my_robot_bringup' returned '0': CMAKE_PREFIX_PATH=/home/nazia/ros2_ws3/install/my_robot2_description:/home/nazia/ros2_ws3/install/my_robot_bringup2:/home/nazia/ros2_ws3/install/my_robot_bringup:/home/nazia/ros2_ws3/src/install/my_robot_bringup2:/home/nazia/ros2_ws3/src/install/my_robot_bringup:/home/nazia/ros2_ws3/src/install/my_robot2_description:/opt/ros/humble /usr/bin/cmake --build /home/nazia/ros2_ws3/build/my_robot_bringup -- -j2 -l2
[2.580s] Invoking command in '/home/nazia/ros2_ws3/build/my_robot_bringup': CMAKE_PREFIX_PATH=/home/nazia/ros2_ws3/install/my_robot2_description:/home/nazia/ros2_ws3/install/my_robot_bringup2:/home/nazia/ros2_ws3/install/my_robot_bringup:/home/nazia/ros2_ws3/src/install/my_robot_bringup2:/home/nazia/ros2_ws3/src/install/my_robot_bringup:/home/nazia/ros2_ws3/src/install/my_robot2_description:/opt/ros/humble /usr/bin/cmake --install /home/nazia/ros2_ws3/build/my_robot_bringup
[2.648s] -- Install configuration: ""
[2.652s] -- Execute custom install script
[2.653s] -- Up-to-date symlink: /home/nazia/ros2_ws3/install/my_robot_bringup/share/my_robot_bringup//launch/my_robot_gazebo.launch.xml
[2.660s] -- Up-to-date symlink: /home/nazia/ros2_ws3/install/my_robot_bringup/share/my_robot_bringup//rviz/urdf_config3.rviz
[2.665s] -- Up-to-date symlink: /home/nazia/ros2_ws3/install/my_robot_bringup/share/my_robot_bringup//worlds/test_world.world
[2.667s] -- Up-to-date symlink: /home/nazia/ros2_ws3/install/my_robot_bringup/share/ament_index/resource_index/package_run_dependencies/my_robot_bringup
[2.667s] -- Up-to-date symlink: /home/nazia/ros2_ws3/install/my_robot_bringup/share/ament_index/resource_index/parent_prefix_path/my_robot_bringup
[2.668s] -- Up-to-date symlink: /home/nazia/ros2_ws3/install/my_robot_bringup/share/my_robot_bringup/environment/ament_prefix_path.sh
[2.678s] -- Up-to-date symlink: /home/nazia/ros2_ws3/install/my_robot_bringup/share/my_robot_bringup/environment/ament_prefix_path.dsv
[2.679s] -- Up-to-date symlink: /home/nazia/ros2_ws3/install/my_robot_bringup/share/my_robot_bringup/environment/path.sh
[2.679s] -- Up-to-date symlink: /home/nazia/ros2_ws3/install/my_robot_bringup/share/my_robot_bringup/environment/path.dsv
[2.687s] -- Up-to-date symlink: /home/nazia/ros2_ws3/install/my_robot_bringup/share/my_robot_bringup/local_setup.bash
[2.687s] -- Up-to-date symlink: /home/nazia/ros2_ws3/install/my_robot_bringup/share/my_robot_bringup/local_setup.sh
[2.692s] -- Up-to-date symlink: /home/nazia/ros2_ws3/install/my_robot_bringup/share/my_robot_bringup/local_setup.zsh
[2.692s] -- Up-to-date symlink: /home/nazia/ros2_ws3/install/my_robot_bringup/share/my_robot_bringup/local_setup.dsv
[2.695s] -- Symlinking: /home/nazia/ros2_ws3/install/my_robot_bringup/share/my_robot_bringup/package.dsv
[2.763s] -- Up-to-date symlink: /home/nazia/ros2_ws3/install/my_robot_bringup/share/ament_index/resource_index/packages/my_robot_bringup
[2.770s] -- Up-to-date symlink: /home/nazia/ros2_ws3/install/my_robot_bringup/share/my_robot_bringup/cmake/my_robot_bringupConfig.cmake
[2.770s] -- Up-to-date symlink: /home/nazia/ros2_ws3/install/my_robot_bringup/share/my_robot_bringup/cmake/my_robot_bringupConfig-version.cmake
[2.772s] -- Up-to-date symlink: /home/nazia/ros2_ws3/install/my_robot_bringup/share/my_robot_bringup/package.xml
[2.783s] Invoked command in '/home/nazia/ros2_ws3/build/my_robot_bringup' returned '0': CMAKE_PREFIX_PATH=/home/nazia/ros2_ws3/install/my_robot2_description:/home/nazia/ros2_ws3/install/my_robot_bringup2:/home/nazia/ros2_ws3/install/my_robot_bringup:/home/nazia/ros2_ws3/src/install/my_robot_bringup2:/home/nazia/ros2_ws3/src/install/my_robot_bringup:/home/nazia/ros2_ws3/src/install/my_robot2_description:/opt/ros/humble /usr/bin/cmake --install /home/nazia/ros2_ws3/build/my_robot_bringup
