[0.024s] Invoking command in '/home/nazia/ros2_ws3/build/my_robot_bringup': CMAKE_PREFIX_PATH=/home/nazia/ros2_ws3/install/my_robot2_description:/home/nazia/ros2_ws3/install/my_robot_bringup2:/home/nazia/ros2_ws3/install/my_robot_bringup:/home/nazia/ros2_ws3/src/install/my_robot_bringup2:/home/nazia/ros2_ws3/src/install/my_robot_bringup:/home/nazia/ros2_ws3/src/install/my_robot2_description:/opt/ros/humble /usr/bin/cmake /home/nazia/ros2_ws3/src/my_robot_bringup -DAMENT_CMAKE_SYMLINK_INSTALL=1 -DCMAKE_INSTALL_PREFIX=/home/nazia/ros2_ws3/install/my_robot_bringup
[0.051s] -- Found ament_cmake: 1.3.10 (/opt/ros/humble/share/ament_cmake/cmake)
[0.291s] -- Override CMake install command with custom implementation using symlinks instead of copying resources
[0.417s] -- Configuring done
[0.423s] -- Generating done
[0.428s] -- Build files have been written to: /home/nazia/ros2_ws3/build/my_robot_bringup
[0.434s] Invoked command in '/home/nazia/ros2_ws3/build/my_robot_bringup' returned '0': CMAKE_PREFIX_PATH=/home/nazia/ros2_ws3/install/my_robot2_description:/home/nazia/ros2_ws3/install/my_robot_bringup2:/home/nazia/ros2_ws3/install/my_robot_bringup:/home/nazia/ros2_ws3/src/install/my_robot_bringup2:/home/nazia/ros2_ws3/src/install/my_robot_bringup:/home/nazia/ros2_ws3/src/install/my_robot2_description:/opt/ros/humble /usr/bin/cmake /home/nazia/ros2_ws3/src/my_robot_bringup -DAMENT_CMAKE_SYMLINK_INSTALL=1 -DCMAKE_INSTALL_PREFIX=/home/nazia/ros2_ws3/install/my_robot_bringup
[0.436s] Invoking command in '/home/nazia/ros2_ws3/build/my_robot_bringup': CMAKE_PREFIX_PATH=/home/nazia/ros2_ws3/install/my_robot2_description:/home/nazia/ros2_ws3/install/my_robot_bringup2:/home/nazia/ros2_ws3/install/my_robot_bringup:/home/nazia/ros2_ws3/src/install/my_robot_bringup2:/home/nazia/ros2_ws3/src/install/my_robot_bringup:/home/nazia/ros2_ws3/src/install/my_robot2_description:/opt/ros/humble /usr/bin/cmake --build /home/nazia/ros2_ws3/build/my_robot_bringup -- -j2 -l2
[0.524s] Invoked command in '/home/nazia/ros2_ws3/build/my_robot_bringup' returned '0': CMAKE_PREFIX_PATH=/home/nazia/ros2_ws3/install/my_robot2_description:/home/nazia/ros2_ws3/install/my_robot_bringup2:/home/nazia/ros2_ws3/install/my_robot_bringup:/home/nazia/ros2_ws3/src/install/my_robot_bringup2:/home/nazia/ros2_ws3/src/install/my_robot_bringup:/home/nazia/ros2_ws3/src/install/my_robot2_description:/opt/ros/humble /usr/bin/cmake --build /home/nazia/ros2_ws3/build/my_robot_bringup -- -j2 -l2
[0.591s] Invoking command in '/home/nazia/ros2_ws3/build/my_robot_bringup': CMAKE_PREFIX_PATH=/home/nazia/ros2_ws3/install/my_robot2_description:/home/nazia/ros2_ws3/install/my_robot_bringup2:/home/nazia/ros2_ws3/install/my_robot_bringup:/home/nazia/ros2_ws3/src/install/my_robot_bringup2:/home/nazia/ros2_ws3/src/install/my_robot_bringup:/home/nazia/ros2_ws3/src/install/my_robot2_description:/opt/ros/humble /usr/bin/cmake --install /home/nazia/ros2_ws3/build/my_robot_bringup
[0.608s] -- Install configuration: ""
[0.609s] -- Execute custom install script
[0.610s] -- Up-to-date symlink: /home/nazia/ros2_ws3/install/my_robot_bringup/share/my_robot_bringup//launch/my_robot_gazebo.launch.xml
[0.611s] -- Up-to-date symlink: /home/nazia/ros2_ws3/install/my_robot_bringup/share/my_robot_bringup//rviz/urdf_config3.rviz
[0.611s] -- Up-to-date symlink: /home/nazia/ros2_ws3/install/my_robot_bringup/share/my_robot_bringup//worlds/test_world.world
[0.612s] -- Up-to-date symlink: /home/nazia/ros2_ws3/install/my_robot_bringup/share/ament_index/resource_index/package_run_dependencies/my_robot_bringup
[0.613s] -- Up-to-date symlink: /home/nazia/ros2_ws3/install/my_robot_bringup/share/ament_index/resource_index/parent_prefix_path/my_robot_bringup
[0.614s] -- Up-to-date symlink: /home/nazia/ros2_ws3/install/my_robot_bringup/share/my_robot_bringup/environment/ament_prefix_path.sh
[0.615s] -- Up-to-date symlink: /home/nazia/ros2_ws3/install/my_robot_bringup/share/my_robot_bringup/environment/ament_prefix_path.dsv
[0.615s] -- Up-to-date symlink: /home/nazia/ros2_ws3/install/my_robot_bringup/share/my_robot_bringup/environment/path.sh
[0.616s] -- Up-to-date symlink: /home/nazia/ros2_ws3/install/my_robot_bringup/share/my_robot_bringup/environment/path.dsv
[0.616s] -- Up-to-date symlink: /home/nazia/ros2_ws3/install/my_robot_bringup/share/my_robot_bringup/local_setup.bash
[0.616s] -- Up-to-date symlink: /home/nazia/ros2_ws3/install/my_robot_bringup/share/my_robot_bringup/local_setup.sh
[0.617s] -- Up-to-date symlink: /home/nazia/ros2_ws3/install/my_robot_bringup/share/my_robot_bringup/local_setup.zsh
[0.618s] -- Up-to-date symlink: /home/nazia/ros2_ws3/install/my_robot_bringup/share/my_robot_bringup/local_setup.dsv
[0.618s] -- Symlinking: /home/nazia/ros2_ws3/install/my_robot_bringup/share/my_robot_bringup/package.dsv
[0.640s] -- Up-to-date symlink: /home/nazia/ros2_ws3/install/my_robot_bringup/share/ament_index/resource_index/packages/my_robot_bringup
[0.641s] -- Up-to-date symlink: /home/nazia/ros2_ws3/install/my_robot_bringup/share/my_robot_bringup/cmake/my_robot_bringupConfig.cmake
[0.641s] -- Up-to-date symlink: /home/nazia/ros2_ws3/install/my_robot_bringup/share/my_robot_bringup/cmake/my_robot_bringupConfig-version.cmake
[0.641s] -- Up-to-date symlink: /home/nazia/ros2_ws3/install/my_robot_bringup/share/my_robot_bringup/package.xml
[0.647s] Invoked command in '/home/nazia/ros2_ws3/build/my_robot_bringup' returned '0': CMAKE_PREFIX_PATH=/home/nazia/ros2_ws3/install/my_robot2_description:/home/nazia/ros2_ws3/install/my_robot_bringup2:/home/nazia/ros2_ws3/install/my_robot_bringup:/home/nazia/ros2_ws3/src/install/my_robot_bringup2:/home/nazia/ros2_ws3/src/install/my_robot_bringup:/home/nazia/ros2_ws3/src/install/my_robot2_description:/opt/ros/humble /usr/bin/cmake --install /home/nazia/ros2_ws3/build/my_robot_bringup
