[0.037s] Invoking command in '/home/nazia/ros2_ws3/build/my_robot2_description': CMAKE_PREFIX_PATH=${CMAKE_PREFIX_PATH}:/opt/ros/humble /usr/bin/cmake --build /home/nazia/ros2_ws3/build/my_robot2_description -- -j2 -l2
[0.144s] Invoked command in '/home/nazia/ros2_ws3/build/my_robot2_description' returned '0': CMAKE_PREFIX_PATH=${CMAKE_PREFIX_PATH}:/opt/ros/humble /usr/bin/cmake --build /home/nazia/ros2_ws3/build/my_robot2_description -- -j2 -l2
[0.259s] Invoking command in '/home/nazia/ros2_ws3/build/my_robot2_description': CMAKE_PREFIX_PATH=${CMAKE_PREFIX_PATH}:/opt/ros/humble /usr/bin/cmake --install /home/nazia/ros2_ws3/build/my_robot2_description
[0.295s] -- Install configuration: ""
[0.295s] -- Execute custom install script
[0.296s] -- Up-to-date symlink: /home/nazia/ros2_ws3/install/my_robot2_description/share/my_robot2_description/urdf/common_properties.xacro
[0.299s] -- Up-to-date symlink: /home/nazia/ros2_ws3/install/my_robot2_description/share/my_robot2_description/urdf/mobile_base.xacro
[0.299s] -- Up-to-date symlink: /home/nazia/ros2_ws3/install/my_robot2_description/share/my_robot2_description/urdf/mobile_base_gazebo.xacro
[0.300s] -- Up-to-date symlink: /home/nazia/ros2_ws3/install/my_robot2_description/share/my_robot2_description/urdf/my_robot.urdf.xacro
[0.300s] -- Up-to-date symlink: /home/nazia/ros2_ws3/install/my_robot2_description/share/my_robot2_description/launch/display.launch.py
[0.300s] -- Up-to-date symlink: /home/nazia/ros2_ws3/install/my_robot2_description/share/my_robot2_description/launch/display.launch.xml
[0.302s] -- Up-to-date symlink: /home/nazia/ros2_ws3/install/my_robot2_description/share/my_robot2_description/rviz/urdf_config.rviz
[0.302s] -- Up-to-date symlink: /home/nazia/ros2_ws3/install/my_robot2_description/share/my_robot2_description/rviz/urdf_config2.rviz
[0.303s] -- Up-to-date symlink: /home/nazia/ros2_ws3/install/my_robot2_description/share/ament_index/resource_index/package_run_dependencies/my_robot2_description
[0.304s] -- Up-to-date symlink: /home/nazia/ros2_ws3/install/my_robot2_description/share/ament_index/resource_index/parent_prefix_path/my_robot2_description
[0.305s] -- Up-to-date symlink: /home/nazia/ros2_ws3/install/my_robot2_description/share/my_robot2_description/environment/ament_prefix_path.sh
[0.307s] -- Up-to-date symlink: /home/nazia/ros2_ws3/install/my_robot2_description/share/my_robot2_description/environment/ament_prefix_path.dsv
[0.307s] -- Up-to-date symlink: /home/nazia/ros2_ws3/install/my_robot2_description/share/my_robot2_description/environment/path.sh
[0.308s] -- Up-to-date symlink: /home/nazia/ros2_ws3/install/my_robot2_description/share/my_robot2_description/environment/path.dsv
[0.309s] -- Up-to-date symlink: /home/nazia/ros2_ws3/install/my_robot2_description/share/my_robot2_description/local_setup.bash
[0.310s] -- Up-to-date symlink: /home/nazia/ros2_ws3/install/my_robot2_description/share/my_robot2_description/local_setup.sh
[0.311s] -- Up-to-date symlink: /home/nazia/ros2_ws3/install/my_robot2_description/share/my_robot2_description/local_setup.zsh
[0.312s] -- Up-to-date symlink: /home/nazia/ros2_ws3/install/my_robot2_description/share/my_robot2_description/local_setup.dsv
[0.313s] -- Symlinking: /home/nazia/ros2_ws3/install/my_robot2_description/share/my_robot2_description/package.dsv
[0.343s] -- Up-to-date symlink: /home/nazia/ros2_ws3/install/my_robot2_description/share/ament_index/resource_index/packages/my_robot2_description
[0.343s] -- Up-to-date symlink: /home/nazia/ros2_ws3/install/my_robot2_description/share/my_robot2_description/cmake/my_robot2_descriptionConfig.cmake
[0.345s] -- Up-to-date symlink: /home/nazia/ros2_ws3/install/my_robot2_description/share/my_robot2_description/cmake/my_robot2_descriptionConfig-version.cmake
[0.345s] -- Up-to-date symlink: /home/nazia/ros2_ws3/install/my_robot2_description/share/my_robot2_description/package.xml
[0.369s] Invoked command in '/home/nazia/ros2_ws3/build/my_robot2_description' returned '0': CMAKE_PREFIX_PATH=${CMAKE_PREFIX_PATH}:/opt/ros/humble /usr/bin/cmake --install /home/nazia/ros2_ws3/build/my_robot2_description
