[0.190s] DEBUG:colcon:Command line arguments: ['/usr/bin/colcon', 'build', '--symlink-install']
[0.190s] DEBUG:colcon:Parsed command line arguments: Namespace(log_base=None, log_level=None, verb_name='build', build_base='build', install_base='install', merge_install=False, symlink_install=True, test_result_base=None, continue_on_error=False, executor='parallel', parallel_workers=2, event_handlers=None, ignore_user_meta=False, metas=['./colcon.meta'], base_paths=['.'], packages_ignore=None, packages_ignore_regex=None, paths=None, packages_up_to=None, packages_up_to_regex=None, packages_above=None, packages_above_and_dependencies=None, packages_above_depth=None, packages_select_by_dep=None, packages_skip_by_dep=None, packages_skip_up_to=None, packages_select_build_failed=False, packages_skip_build_finished=False, packages_select_test_failures=False, packages_skip_test_passed=False, packages_select=None, packages_skip=None, packages_select_regex=None, packages_skip_regex=None, packages_start=None, packages_end=None, allow_overriding=[], cmake_args=None, cmake_target=None, cmake_target_skip_unavailable=False, cmake_clean_cache=False, cmake_clean_first=False, cmake_force_configure=False, ament_cmake_args=None, catkin_cmake_args=None, catkin_skip_building_tests=False, verb_parser=<colcon_defaults.argument_parser.defaults.DefaultArgumentsDecorator object at 0x7b3b903f7880>, verb_extension=<colcon_core.verb.build.BuildVerb object at 0x7b3b903a1660>, main=<bound method BuildVerb.main of <colcon_core.verb.build.BuildVerb object at 0x7b3b903a1660>>)
[0.464s] Level 1:colcon.colcon_core.package_discovery:discover_packages(colcon_meta) check parameters
[0.464s] Level 1:colcon.colcon_core.package_discovery:discover_packages(recursive) check parameters
[0.464s] Level 1:colcon.colcon_core.package_discovery:discover_packages(ignore) check parameters
[0.464s] Level 1:colcon.colcon_core.package_discovery:discover_packages(path) check parameters
[0.464s] Level 1:colcon.colcon_core.package_discovery:discover_packages(colcon_meta) discover
[0.464s] Level 1:colcon.colcon_core.package_discovery:discover_packages(recursive) discover
[0.465s] INFO:colcon.colcon_core.package_discovery:Crawling recursively for packages in '/home/nazia/ros2_ws3'
[0.465s] Level 1:colcon.colcon_core.package_identification:_identify(.) by extensions ['ignore', 'ignore_ament_install']
[0.465s] Level 1:colcon.colcon_core.package_identification:_identify(.) by extension 'ignore'
[0.465s] Level 1:colcon.colcon_core.package_identification:_identify(.) by extension 'ignore_ament_install'
[0.465s] Level 1:colcon.colcon_core.package_identification:_identify(.) by extensions ['colcon_pkg']
[0.465s] Level 1:colcon.colcon_core.package_identification:_identify(.) by extension 'colcon_pkg'
[0.465s] Level 1:colcon.colcon_core.package_identification:_identify(.) by extensions ['colcon_meta']
[0.465s] Level 1:colcon.colcon_core.package_identification:_identify(.) by extension 'colcon_meta'
[0.465s] Level 1:colcon.colcon_core.package_identification:_identify(.) by extensions ['ros']
[0.465s] Level 1:colcon.colcon_core.package_identification:_identify(.) by extension 'ros'
[0.488s] Level 1:colcon.colcon_core.package_identification:_identify(.) by extensions ['cmake', 'python']
[0.488s] Level 1:colcon.colcon_core.package_identification:_identify(.) by extension 'cmake'
[0.489s] Level 1:colcon.colcon_core.package_identification:_identify(.) by extension 'python'
[0.489s] Level 1:colcon.colcon_core.package_identification:_identify(.) by extensions ['python_setup_py']
[0.489s] Level 1:colcon.colcon_core.package_identification:_identify(.) by extension 'python_setup_py'
[0.489s] Level 1:colcon.colcon_core.package_identification:_identify(build) by extensions ['ignore', 'ignore_ament_install']
[0.489s] Level 1:colcon.colcon_core.package_identification:_identify(build) by extension 'ignore'
[0.489s] Level 1:colcon.colcon_core.package_identification:_identify(build) ignored
[0.489s] Level 1:colcon.colcon_core.package_identification:_identify(install) by extensions ['ignore', 'ignore_ament_install']
[0.490s] Level 1:colcon.colcon_core.package_identification:_identify(install) by extension 'ignore'
[0.490s] Level 1:colcon.colcon_core.package_identification:_identify(install) ignored
[0.490s] Level 1:colcon.colcon_core.package_identification:_identify(log) by extensions ['ignore', 'ignore_ament_install']
[0.490s] Level 1:colcon.colcon_core.package_identification:_identify(log) by extension 'ignore'
[0.490s] Level 1:colcon.colcon_core.package_identification:_identify(log) ignored
[0.490s] Level 1:colcon.colcon_core.package_identification:_identify(src) by extensions ['ignore', 'ignore_ament_install']
[0.491s] Level 1:colcon.colcon_core.package_identification:_identify(src) by extension 'ignore'
[0.491s] Level 1:colcon.colcon_core.package_identification:_identify(src) by extension 'ignore_ament_install'
[0.491s] Level 1:colcon.colcon_core.package_identification:_identify(src) by extensions ['colcon_pkg']
[0.491s] Level 1:colcon.colcon_core.package_identification:_identify(src) by extension 'colcon_pkg'
[0.491s] Level 1:colcon.colcon_core.package_identification:_identify(src) by extensions ['colcon_meta']
[0.491s] Level 1:colcon.colcon_core.package_identification:_identify(src) by extension 'colcon_meta'
[0.491s] Level 1:colcon.colcon_core.package_identification:_identify(src) by extensions ['ros']
[0.491s] Level 1:colcon.colcon_core.package_identification:_identify(src) by extension 'ros'
[0.491s] Level 1:colcon.colcon_core.package_identification:_identify(src) by extensions ['cmake', 'python']
[0.491s] Level 1:colcon.colcon_core.package_identification:_identify(src) by extension 'cmake'
[0.491s] Level 1:colcon.colcon_core.package_identification:_identify(src) by extension 'python'
[0.491s] Level 1:colcon.colcon_core.package_identification:_identify(src) by extensions ['python_setup_py']
[0.491s] Level 1:colcon.colcon_core.package_identification:_identify(src) by extension 'python_setup_py'
[0.492s] Level 1:colcon.colcon_core.package_identification:_identify(src/build) by extensions ['ignore', 'ignore_ament_install']
[0.492s] Level 1:colcon.colcon_core.package_identification:_identify(src/build) by extension 'ignore'
[0.492s] Level 1:colcon.colcon_core.package_identification:_identify(src/build) ignored
[0.492s] Level 1:colcon.colcon_core.package_identification:_identify(src/install) by extensions ['ignore', 'ignore_ament_install']
[0.492s] Level 1:colcon.colcon_core.package_identification:_identify(src/install) by extension 'ignore'
[0.492s] Level 1:colcon.colcon_core.package_identification:_identify(src/install) ignored
[0.493s] Level 1:colcon.colcon_core.package_identification:_identify(src/log) by extensions ['ignore', 'ignore_ament_install']
[0.493s] Level 1:colcon.colcon_core.package_identification:_identify(src/log) by extension 'ignore'
[0.493s] Level 1:colcon.colcon_core.package_identification:_identify(src/log) ignored
[0.493s] Level 1:colcon.colcon_core.package_identification:_identify(src/my_robot2_description) by extensions ['ignore', 'ignore_ament_install']
[0.493s] Level 1:colcon.colcon_core.package_identification:_identify(src/my_robot2_description) by extension 'ignore'
[0.493s] Level 1:colcon.colcon_core.package_identification:_identify(src/my_robot2_description) by extension 'ignore_ament_install'
[0.493s] Level 1:colcon.colcon_core.package_identification:_identify(src/my_robot2_description) by extensions ['colcon_pkg']
[0.493s] Level 1:colcon.colcon_core.package_identification:_identify(src/my_robot2_description) by extension 'colcon_pkg'
[0.493s] Level 1:colcon.colcon_core.package_identification:_identify(src/my_robot2_description) by extensions ['colcon_meta']
[0.493s] Level 1:colcon.colcon_core.package_identification:_identify(src/my_robot2_description) by extension 'colcon_meta'
[0.494s] Level 1:colcon.colcon_core.package_identification:_identify(src/my_robot2_description) by extensions ['ros']
[0.494s] Level 1:colcon.colcon_core.package_identification:_identify(src/my_robot2_description) by extension 'ros'
[0.498s] DEBUG:colcon.colcon_core.package_identification:Package 'src/my_robot2_description' with type 'ros.ament_cmake' and name 'my_robot2_description'
[0.498s] Level 1:colcon.colcon_core.package_identification:_identify(src/my_robot_bringup) by extensions ['ignore', 'ignore_ament_install']
[0.498s] Level 1:colcon.colcon_core.package_identification:_identify(src/my_robot_bringup) by extension 'ignore'
[0.498s] Level 1:colcon.colcon_core.package_identification:_identify(src/my_robot_bringup) by extension 'ignore_ament_install'
[0.498s] Level 1:colcon.colcon_core.package_identification:_identify(src/my_robot_bringup) by extensions ['colcon_pkg']
[0.498s] Level 1:colcon.colcon_core.package_identification:_identify(src/my_robot_bringup) by extension 'colcon_pkg'
[0.498s] Level 1:colcon.colcon_core.package_identification:_identify(src/my_robot_bringup) by extensions ['colcon_meta']
[0.498s] Level 1:colcon.colcon_core.package_identification:_identify(src/my_robot_bringup) by extension 'colcon_meta'
[0.498s] Level 1:colcon.colcon_core.package_identification:_identify(src/my_robot_bringup) by extensions ['ros']
[0.499s] Level 1:colcon.colcon_core.package_identification:_identify(src/my_robot_bringup) by extension 'ros'
[0.500s] DEBUG:colcon.colcon_core.package_identification:Package 'src/my_robot_bringup' with type 'ros.ament_cmake' and name 'my_robot_bringup'
[0.500s] Level 1:colcon.colcon_core.package_identification:_identify(src/my_robot_bringup2) by extensions ['ignore', 'ignore_ament_install']
[0.500s] Level 1:colcon.colcon_core.package_identification:_identify(src/my_robot_bringup2) by extension 'ignore'
[0.500s] Level 1:colcon.colcon_core.package_identification:_identify(src/my_robot_bringup2) by extension 'ignore_ament_install'
[0.500s] Level 1:colcon.colcon_core.package_identification:_identify(src/my_robot_bringup2) by extensions ['colcon_pkg']
[0.500s] Level 1:colcon.colcon_core.package_identification:_identify(src/my_robot_bringup2) by extension 'colcon_pkg'
[0.500s] Level 1:colcon.colcon_core.package_identification:_identify(src/my_robot_bringup2) by extensions ['colcon_meta']
[0.500s] Level 1:colcon.colcon_core.package_identification:_identify(src/my_robot_bringup2) by extension 'colcon_meta'
[0.501s] Level 1:colcon.colcon_core.package_identification:_identify(src/my_robot_bringup2) by extensions ['ros']
[0.501s] Level 1:colcon.colcon_core.package_identification:_identify(src/my_robot_bringup2) by extension 'ros'
[0.501s] DEBUG:colcon.colcon_core.package_identification:Package 'src/my_robot_bringup2' with type 'ros.ament_cmake' and name 'my_robot_bringup2'
[0.502s] Level 1:colcon.colcon_core.package_discovery:discover_packages(recursive) using defaults
[0.502s] Level 1:colcon.colcon_core.package_discovery:discover_packages(ignore) discover
[0.502s] Level 1:colcon.colcon_core.package_discovery:discover_packages(ignore) using defaults
[0.502s] Level 1:colcon.colcon_core.package_discovery:discover_packages(path) discover
[0.502s] Level 1:colcon.colcon_core.package_discovery:discover_packages(path) using defaults
[0.551s] Level 1:colcon.colcon_core.package_discovery:discover_packages(prefix_path) check parameters
[0.551s] Level 1:colcon.colcon_core.package_discovery:discover_packages(prefix_path) discover
[0.554s] DEBUG:colcon.colcon_installed_package_information.package_discovery:Found 3 installed packages in /home/nazia/ros2_ws3/install
[0.555s] DEBUG:colcon.colcon_installed_package_information.package_discovery:Found 3 installed packages in /home/nazia/ros2_ws3/src/install
[0.556s] DEBUG:colcon.colcon_installed_package_information.package_discovery:Found 282 installed packages in /opt/ros/humble
[0.558s] Level 1:colcon.colcon_core.package_discovery:discover_packages(prefix_path) using defaults
[0.651s] Level 5:colcon.colcon_core.verb:set package 'my_robot2_description' build argument 'cmake_args' from command line to 'None'
[0.652s] Level 5:colcon.colcon_core.verb:set package 'my_robot2_description' build argument 'cmake_target' from command line to 'None'
[0.652s] Level 5:colcon.colcon_core.verb:set package 'my_robot2_description' build argument 'cmake_target_skip_unavailable' from command line to 'False'
[0.652s] Level 5:colcon.colcon_core.verb:set package 'my_robot2_description' build argument 'cmake_clean_cache' from command line to 'False'
[0.652s] Level 5:colcon.colcon_core.verb:set package 'my_robot2_description' build argument 'cmake_clean_first' from command line to 'False'
[0.652s] Level 5:colcon.colcon_core.verb:set package 'my_robot2_description' build argument 'cmake_force_configure' from command line to 'False'
[0.652s] Level 5:colcon.colcon_core.verb:set package 'my_robot2_description' build argument 'ament_cmake_args' from command line to 'None'
[0.652s] Level 5:colcon.colcon_core.verb:set package 'my_robot2_description' build argument 'catkin_cmake_args' from command line to 'None'
[0.652s] Level 5:colcon.colcon_core.verb:set package 'my_robot2_description' build argument 'catkin_skip_building_tests' from command line to 'False'
[0.652s] DEBUG:colcon.colcon_core.verb:Building package 'my_robot2_description' with the following arguments: {'ament_cmake_args': None, 'build_base': '/home/nazia/ros2_ws3/build/my_robot2_description', 'catkin_cmake_args': None, 'catkin_skip_building_tests': False, 'cmake_args': None, 'cmake_clean_cache': False, 'cmake_clean_first': False, 'cmake_force_configure': False, 'cmake_target': None, 'cmake_target_skip_unavailable': False, 'install_base': '/home/nazia/ros2_ws3/install/my_robot2_description', 'merge_install': False, 'path': '/home/nazia/ros2_ws3/src/my_robot2_description', 'symlink_install': True, 'test_result_base': None}
[0.653s] Level 5:colcon.colcon_core.verb:set package 'my_robot_bringup2' build argument 'cmake_args' from command line to 'None'
[0.653s] Level 5:colcon.colcon_core.verb:set package 'my_robot_bringup2' build argument 'cmake_target' from command line to 'None'
[0.653s] Level 5:colcon.colcon_core.verb:set package 'my_robot_bringup2' build argument 'cmake_target_skip_unavailable' from command line to 'False'
[0.653s] Level 5:colcon.colcon_core.verb:set package 'my_robot_bringup2' build argument 'cmake_clean_cache' from command line to 'False'
[0.653s] Level 5:colcon.colcon_core.verb:set package 'my_robot_bringup2' build argument 'cmake_clean_first' from command line to 'False'
[0.653s] Level 5:colcon.colcon_core.verb:set package 'my_robot_bringup2' build argument 'cmake_force_configure' from command line to 'False'
[0.653s] Level 5:colcon.colcon_core.verb:set package 'my_robot_bringup2' build argument 'ament_cmake_args' from command line to 'None'
[0.653s] Level 5:colcon.colcon_core.verb:set package 'my_robot_bringup2' build argument 'catkin_cmake_args' from command line to 'None'
[0.653s] Level 5:colcon.colcon_core.verb:set package 'my_robot_bringup2' build argument 'catkin_skip_building_tests' from command line to 'False'
[0.653s] DEBUG:colcon.colcon_core.verb:Building package 'my_robot_bringup2' with the following arguments: {'ament_cmake_args': None, 'build_base': '/home/nazia/ros2_ws3/build/my_robot_bringup2', 'catkin_cmake_args': None, 'catkin_skip_building_tests': False, 'cmake_args': None, 'cmake_clean_cache': False, 'cmake_clean_first': False, 'cmake_force_configure': False, 'cmake_target': None, 'cmake_target_skip_unavailable': False, 'install_base': '/home/nazia/ros2_ws3/install/my_robot_bringup2', 'merge_install': False, 'path': '/home/nazia/ros2_ws3/src/my_robot_bringup2', 'symlink_install': True, 'test_result_base': None}
[0.653s] Level 5:colcon.colcon_core.verb:set package 'my_robot_bringup' build argument 'cmake_args' from command line to 'None'
[0.654s] Level 5:colcon.colcon_core.verb:set package 'my_robot_bringup' build argument 'cmake_target' from command line to 'None'
[0.654s] Level 5:colcon.colcon_core.verb:set package 'my_robot_bringup' build argument 'cmake_target_skip_unavailable' from command line to 'False'
[0.654s] Level 5:colcon.colcon_core.verb:set package 'my_robot_bringup' build argument 'cmake_clean_cache' from command line to 'False'
[0.654s] Level 5:colcon.colcon_core.verb:set package 'my_robot_bringup' build argument 'cmake_clean_first' from command line to 'False'
[0.654s] Level 5:colcon.colcon_core.verb:set package 'my_robot_bringup' build argument 'cmake_force_configure' from command line to 'False'
[0.654s] Level 5:colcon.colcon_core.verb:set package 'my_robot_bringup' build argument 'ament_cmake_args' from command line to 'None'
[0.654s] Level 5:colcon.colcon_core.verb:set package 'my_robot_bringup' build argument 'catkin_cmake_args' from command line to 'None'
[0.654s] Level 5:colcon.colcon_core.verb:set package 'my_robot_bringup' build argument 'catkin_skip_building_tests' from command line to 'False'
[0.654s] DEBUG:colcon.colcon_core.verb:Building package 'my_robot_bringup' with the following arguments: {'ament_cmake_args': None, 'build_base': '/home/nazia/ros2_ws3/build/my_robot_bringup', 'catkin_cmake_args': None, 'catkin_skip_building_tests': False, 'cmake_args': None, 'cmake_clean_cache': False, 'cmake_clean_first': False, 'cmake_force_configure': False, 'cmake_target': None, 'cmake_target_skip_unavailable': False, 'install_base': '/home/nazia/ros2_ws3/install/my_robot_bringup', 'merge_install': False, 'path': '/home/nazia/ros2_ws3/src/my_robot_bringup', 'symlink_install': True, 'test_result_base': None}
[0.655s] INFO:colcon.colcon_core.executor:Executing jobs using 'parallel' executor
[0.657s] DEBUG:colcon.colcon_parallel_executor.executor.parallel:run_until_complete
[0.657s] INFO:colcon.colcon_ros.task.ament_cmake.build:Building ROS package in '/home/nazia/ros2_ws3/src/my_robot2_description' with build type 'ament_cmake'
[0.657s] INFO:colcon.colcon_cmake.task.cmake.build:Building CMake package in '/home/nazia/ros2_ws3/src/my_robot2_description'
[0.663s] INFO:colcon.colcon_core.plugin_system:Skipping extension 'colcon_core.shell.bat': Not used on non-Windows systems
[0.663s] INFO:colcon.colcon_core.shell:Skip shell extension 'powershell' for command environment: Not usable outside of PowerShell
[0.663s] DEBUG:colcon.colcon_core.shell:Skip shell extension 'dsv' for command environment
[0.673s] INFO:colcon.colcon_ros.task.ament_cmake.build:Building ROS package in '/home/nazia/ros2_ws3/src/my_robot_bringup2' with build type 'ament_cmake'
[0.673s] INFO:colcon.colcon_cmake.task.cmake.build:Building CMake package in '/home/nazia/ros2_ws3/src/my_robot_bringup2'
[0.673s] INFO:colcon.colcon_core.shell:Skip shell extension 'powershell' for command environment: Not usable outside of PowerShell
[0.673s] DEBUG:colcon.colcon_core.shell:Skip shell extension 'dsv' for command environment
[0.692s] DEBUG:colcon.colcon_core.event_handler.log_command:Invoking command in '/home/nazia/ros2_ws3/build/my_robot2_description': CMAKE_PREFIX_PATH=${CMAKE_PREFIX_PATH}:/opt/ros/humble /usr/bin/cmake /home/nazia/ros2_ws3/src/my_robot2_description -DAMENT_CMAKE_SYMLINK_INSTALL=1 -DCMAKE_INSTALL_PREFIX=/home/nazia/ros2_ws3/install/my_robot2_description
[0.711s] DEBUG:colcon.colcon_core.event_handler.log_command:Invoking command in '/home/nazia/ros2_ws3/build/my_robot_bringup2': CMAKE_PREFIX_PATH=${CMAKE_PREFIX_PATH}:/opt/ros/humble /usr/bin/cmake /home/nazia/ros2_ws3/src/my_robot_bringup2 -DAMENT_CMAKE_SYMLINK_INSTALL=1 -DCMAKE_INSTALL_PREFIX=/home/nazia/ros2_ws3/install/my_robot_bringup2
[1.286s] DEBUG:colcon.colcon_core.event_handler.log_command:Invoked command in '/home/nazia/ros2_ws3/build/my_robot2_description' returned '0': CMAKE_PREFIX_PATH=${CMAKE_PREFIX_PATH}:/opt/ros/humble /usr/bin/cmake /home/nazia/ros2_ws3/src/my_robot2_description -DAMENT_CMAKE_SYMLINK_INSTALL=1 -DCMAKE_INSTALL_PREFIX=/home/nazia/ros2_ws3/install/my_robot2_description
[1.290s] DEBUG:colcon.colcon_core.event_handler.log_command:Invoking command in '/home/nazia/ros2_ws3/build/my_robot2_description': CMAKE_PREFIX_PATH=${CMAKE_PREFIX_PATH}:/opt/ros/humble /usr/bin/cmake --build /home/nazia/ros2_ws3/build/my_robot2_description -- -j2 -l2
[1.300s] DEBUG:colcon.colcon_core.event_handler.log_command:Invoked command in '/home/nazia/ros2_ws3/build/my_robot_bringup2' returned '0': CMAKE_PREFIX_PATH=${CMAKE_PREFIX_PATH}:/opt/ros/humble /usr/bin/cmake /home/nazia/ros2_ws3/src/my_robot_bringup2 -DAMENT_CMAKE_SYMLINK_INSTALL=1 -DCMAKE_INSTALL_PREFIX=/home/nazia/ros2_ws3/install/my_robot_bringup2
[1.305s] DEBUG:colcon.colcon_core.event_handler.log_command:Invoking command in '/home/nazia/ros2_ws3/build/my_robot_bringup2': CMAKE_PREFIX_PATH=${CMAKE_PREFIX_PATH}:/opt/ros/humble /usr/bin/cmake --build /home/nazia/ros2_ws3/build/my_robot_bringup2 -- -j2 -l2
[1.410s] DEBUG:colcon.colcon_core.event_handler.log_command:Invoked command in '/home/nazia/ros2_ws3/build/my_robot_bringup2' returned '0': CMAKE_PREFIX_PATH=${CMAKE_PREFIX_PATH}:/opt/ros/humble /usr/bin/cmake --build /home/nazia/ros2_ws3/build/my_robot_bringup2 -- -j2 -l2
[1.416s] DEBUG:colcon.colcon_core.event_handler.log_command:Invoked command in '/home/nazia/ros2_ws3/build/my_robot2_description' returned '0': CMAKE_PREFIX_PATH=${CMAKE_PREFIX_PATH}:/opt/ros/humble /usr/bin/cmake --build /home/nazia/ros2_ws3/build/my_robot2_description -- -j2 -l2
[1.512s] DEBUG:colcon.colcon_core.event_handler.log_command:Invoking command in '/home/nazia/ros2_ws3/build/my_robot_bringup2': CMAKE_PREFIX_PATH=${CMAKE_PREFIX_PATH}:/opt/ros/humble /usr/bin/cmake --install /home/nazia/ros2_ws3/build/my_robot_bringup2
[1.515s] DEBUG:colcon.colcon_core.event_handler.log_command:Invoking command in '/home/nazia/ros2_ws3/build/my_robot2_description': CMAKE_PREFIX_PATH=${CMAKE_PREFIX_PATH}:/opt/ros/humble /usr/bin/cmake --install /home/nazia/ros2_ws3/build/my_robot2_description
[1.573s] Level 1:colcon.colcon_core.environment:create_environment_scripts_only(my_robot_bringup2)
[1.575s] DEBUG:colcon.colcon_core.event_handler.log_command:Invoked command in '/home/nazia/ros2_ws3/build/my_robot_bringup2' returned '0': CMAKE_PREFIX_PATH=${CMAKE_PREFIX_PATH}:/opt/ros/humble /usr/bin/cmake --install /home/nazia/ros2_ws3/build/my_robot_bringup2
[1.586s] Level 1:colcon.colcon_core.environment:checking '/home/nazia/ros2_ws3/install/my_robot_bringup2' for CMake module files
[1.591s] Level 1:colcon.colcon_core.environment:checking '/home/nazia/ros2_ws3/install/my_robot_bringup2' for CMake config files
[1.595s] Level 1:colcon.colcon_core.shell:create_environment_hook('my_robot_bringup2', 'cmake_prefix_path')
[1.596s] INFO:colcon.colcon_core.shell:Creating environment hook '/home/nazia/ros2_ws3/install/my_robot_bringup2/share/my_robot_bringup2/hook/cmake_prefix_path.ps1'
[1.597s] INFO:colcon.colcon_core.shell:Creating environment descriptor '/home/nazia/ros2_ws3/install/my_robot_bringup2/share/my_robot_bringup2/hook/cmake_prefix_path.dsv'
[1.598s] INFO:colcon.colcon_core.shell:Creating environment hook '/home/nazia/ros2_ws3/install/my_robot_bringup2/share/my_robot_bringup2/hook/cmake_prefix_path.sh'
[1.601s] Level 1:colcon.colcon_core.environment:checking '/home/nazia/ros2_ws3/install/my_robot_bringup2/bin'
[1.601s] Level 1:colcon.colcon_core.environment:checking '/home/nazia/ros2_ws3/install/my_robot_bringup2/lib/pkgconfig/my_robot_bringup2.pc'
[1.601s] Level 1:colcon.colcon_core.environment:checking '/home/nazia/ros2_ws3/install/my_robot_bringup2/lib/python3.10/site-packages'
[1.601s] Level 1:colcon.colcon_core.environment:checking '/home/nazia/ros2_ws3/install/my_robot_bringup2/bin'
[1.602s] INFO:colcon.colcon_core.shell:Creating package script '/home/nazia/ros2_ws3/install/my_robot_bringup2/share/my_robot_bringup2/package.ps1'
[1.605s] INFO:colcon.colcon_core.shell:Creating package descriptor '/home/nazia/ros2_ws3/install/my_robot_bringup2/share/my_robot_bringup2/package.dsv'
[1.607s] INFO:colcon.colcon_core.shell:Creating package script '/home/nazia/ros2_ws3/install/my_robot_bringup2/share/my_robot_bringup2/package.sh'
[1.609s] INFO:colcon.colcon_core.shell:Creating package script '/home/nazia/ros2_ws3/install/my_robot_bringup2/share/my_robot_bringup2/package.bash'
[1.612s] INFO:colcon.colcon_core.shell:Creating package script '/home/nazia/ros2_ws3/install/my_robot_bringup2/share/my_robot_bringup2/package.zsh'
[1.613s] Level 1:colcon.colcon_core.environment:create_file_with_runtime_dependencies(/home/nazia/ros2_ws3/install/my_robot_bringup2/share/colcon-core/packages/my_robot_bringup2)
[1.616s] Level 1:colcon.colcon_core.environment:create_environment_scripts_only(my_robot2_description)
[1.616s] Level 1:colcon.colcon_core.environment:checking '/home/nazia/ros2_ws3/install/my_robot2_description' for CMake module files
[1.618s] Level 1:colcon.colcon_core.environment:checking '/home/nazia/ros2_ws3/install/my_robot2_description' for CMake config files
[1.619s] DEBUG:colcon.colcon_core.event_handler.log_command:Invoked command in '/home/nazia/ros2_ws3/build/my_robot2_description' returned '0': CMAKE_PREFIX_PATH=${CMAKE_PREFIX_PATH}:/opt/ros/humble /usr/bin/cmake --install /home/nazia/ros2_ws3/build/my_robot2_description
[1.620s] Level 1:colcon.colcon_core.shell:create_environment_hook('my_robot2_description', 'cmake_prefix_path')
[1.621s] INFO:colcon.colcon_core.shell:Creating environment hook '/home/nazia/ros2_ws3/install/my_robot2_description/share/my_robot2_description/hook/cmake_prefix_path.ps1'
[1.623s] INFO:colcon.colcon_core.shell:Creating environment descriptor '/home/nazia/ros2_ws3/install/my_robot2_description/share/my_robot2_description/hook/cmake_prefix_path.dsv'
[1.624s] INFO:colcon.colcon_core.shell:Creating environment hook '/home/nazia/ros2_ws3/install/my_robot2_description/share/my_robot2_description/hook/cmake_prefix_path.sh'
[1.625s] Level 1:colcon.colcon_core.environment:checking '/home/nazia/ros2_ws3/install/my_robot2_description/bin'
[1.626s] Level 1:colcon.colcon_core.environment:checking '/home/nazia/ros2_ws3/install/my_robot2_description/lib/pkgconfig/my_robot2_description.pc'
[1.626s] Level 1:colcon.colcon_core.environment:checking '/home/nazia/ros2_ws3/install/my_robot2_description/lib/python3.10/site-packages'
[1.627s] Level 1:colcon.colcon_core.environment:checking '/home/nazia/ros2_ws3/install/my_robot2_description/bin'
[1.628s] INFO:colcon.colcon_core.shell:Creating package script '/home/nazia/ros2_ws3/install/my_robot2_description/share/my_robot2_description/package.ps1'
[1.629s] INFO:colcon.colcon_core.shell:Creating package descriptor '/home/nazia/ros2_ws3/install/my_robot2_description/share/my_robot2_description/package.dsv'
[1.631s] INFO:colcon.colcon_core.shell:Creating package script '/home/nazia/ros2_ws3/install/my_robot2_description/share/my_robot2_description/package.sh'
[1.632s] INFO:colcon.colcon_core.shell:Creating package script '/home/nazia/ros2_ws3/install/my_robot2_description/share/my_robot2_description/package.bash'
[1.633s] INFO:colcon.colcon_core.shell:Creating package script '/home/nazia/ros2_ws3/install/my_robot2_description/share/my_robot2_description/package.zsh'
[1.634s] Level 1:colcon.colcon_core.environment:create_file_with_runtime_dependencies(/home/nazia/ros2_ws3/install/my_robot2_description/share/colcon-core/packages/my_robot2_description)
[1.707s] Level 1:colcon.colcon_core.environment:create_environment_scripts_only(my_robot_bringup2)
[1.708s] Level 1:colcon.colcon_core.environment:checking '/home/nazia/ros2_ws3/install/my_robot_bringup2' for CMake module files
[1.709s] Level 1:colcon.colcon_core.environment:checking '/home/nazia/ros2_ws3/install/my_robot_bringup2' for CMake config files
[1.710s] Level 1:colcon.colcon_core.shell:create_environment_hook('my_robot_bringup2', 'cmake_prefix_path')
[1.710s] INFO:colcon.colcon_core.shell:Creating environment hook '/home/nazia/ros2_ws3/install/my_robot_bringup2/share/my_robot_bringup2/hook/cmake_prefix_path.ps1'
[1.712s] INFO:colcon.colcon_core.shell:Creating environment descriptor '/home/nazia/ros2_ws3/install/my_robot_bringup2/share/my_robot_bringup2/hook/cmake_prefix_path.dsv'
[1.713s] INFO:colcon.colcon_core.shell:Creating environment hook '/home/nazia/ros2_ws3/install/my_robot_bringup2/share/my_robot_bringup2/hook/cmake_prefix_path.sh'
[1.715s] Level 1:colcon.colcon_core.environment:checking '/home/nazia/ros2_ws3/install/my_robot_bringup2/bin'
[1.715s] Level 1:colcon.colcon_core.environment:checking '/home/nazia/ros2_ws3/install/my_robot_bringup2/lib/pkgconfig/my_robot_bringup2.pc'
[1.716s] Level 1:colcon.colcon_core.environment:checking '/home/nazia/ros2_ws3/install/my_robot_bringup2/lib/python3.10/site-packages'
[1.716s] Level 1:colcon.colcon_core.environment:checking '/home/nazia/ros2_ws3/install/my_robot_bringup2/bin'
[1.717s] INFO:colcon.colcon_core.shell:Creating package script '/home/nazia/ros2_ws3/install/my_robot_bringup2/share/my_robot_bringup2/package.ps1'
[1.719s] INFO:colcon.colcon_core.shell:Creating package descriptor '/home/nazia/ros2_ws3/install/my_robot_bringup2/share/my_robot_bringup2/package.dsv'
[1.721s] INFO:colcon.colcon_core.shell:Creating package script '/home/nazia/ros2_ws3/install/my_robot_bringup2/share/my_robot_bringup2/package.sh'
[1.722s] INFO:colcon.colcon_core.shell:Creating package script '/home/nazia/ros2_ws3/install/my_robot_bringup2/share/my_robot_bringup2/package.bash'
[1.724s] INFO:colcon.colcon_core.shell:Creating package script '/home/nazia/ros2_ws3/install/my_robot_bringup2/share/my_robot_bringup2/package.zsh'
[1.725s] Level 1:colcon.colcon_core.environment:create_file_with_runtime_dependencies(/home/nazia/ros2_ws3/install/my_robot_bringup2/share/colcon-core/packages/my_robot_bringup2)
[1.730s] Level 1:colcon.colcon_core.environment:create_environment_scripts_only(my_robot2_description)
[1.730s] Level 1:colcon.colcon_core.environment:checking '/home/nazia/ros2_ws3/install/my_robot2_description' for CMake module files
[1.733s] Level 1:colcon.colcon_core.environment:checking '/home/nazia/ros2_ws3/install/my_robot2_description' for CMake config files
[1.733s] Level 1:colcon.colcon_core.shell:create_environment_hook('my_robot2_description', 'cmake_prefix_path')
[1.734s] INFO:colcon.colcon_core.shell:Creating environment hook '/home/nazia/ros2_ws3/install/my_robot2_description/share/my_robot2_description/hook/cmake_prefix_path.ps1'
[1.735s] INFO:colcon.colcon_core.shell:Creating environment descriptor '/home/nazia/ros2_ws3/install/my_robot2_description/share/my_robot2_description/hook/cmake_prefix_path.dsv'
[1.736s] INFO:colcon.colcon_core.shell:Creating environment hook '/home/nazia/ros2_ws3/install/my_robot2_description/share/my_robot2_description/hook/cmake_prefix_path.sh'
[1.737s] Level 1:colcon.colcon_core.environment:checking '/home/nazia/ros2_ws3/install/my_robot2_description/bin'
[1.737s] Level 1:colcon.colcon_core.environment:checking '/home/nazia/ros2_ws3/install/my_robot2_description/lib/pkgconfig/my_robot2_description.pc'
[1.738s] Level 1:colcon.colcon_core.environment:checking '/home/nazia/ros2_ws3/install/my_robot2_description/lib/python3.10/site-packages'
[1.738s] Level 1:colcon.colcon_core.environment:checking '/home/nazia/ros2_ws3/install/my_robot2_description/bin'
[1.739s] INFO:colcon.colcon_core.shell:Creating package script '/home/nazia/ros2_ws3/install/my_robot2_description/share/my_robot2_description/package.ps1'
[1.741s] INFO:colcon.colcon_core.shell:Creating package descriptor '/home/nazia/ros2_ws3/install/my_robot2_description/share/my_robot2_description/package.dsv'
[1.743s] INFO:colcon.colcon_core.shell:Creating package script '/home/nazia/ros2_ws3/install/my_robot2_description/share/my_robot2_description/package.sh'
[1.744s] INFO:colcon.colcon_core.shell:Creating package script '/home/nazia/ros2_ws3/install/my_robot2_description/share/my_robot2_description/package.bash'
[1.746s] INFO:colcon.colcon_core.shell:Creating package script '/home/nazia/ros2_ws3/install/my_robot2_description/share/my_robot2_description/package.zsh'
[1.748s] Level 1:colcon.colcon_core.environment:create_file_with_runtime_dependencies(/home/nazia/ros2_ws3/install/my_robot2_description/share/colcon-core/packages/my_robot2_description)
[1.749s] INFO:colcon.colcon_ros.task.ament_cmake.build:Building ROS package in '/home/nazia/ros2_ws3/src/my_robot_bringup' with build type 'ament_cmake'
[1.749s] INFO:colcon.colcon_cmake.task.cmake.build:Building CMake package in '/home/nazia/ros2_ws3/src/my_robot_bringup'
[1.750s] INFO:colcon.colcon_core.shell:Skip shell extension 'powershell' for command environment: Not usable outside of PowerShell
[1.750s] DEBUG:colcon.colcon_core.shell:Skip shell extension 'dsv' for command environment
[1.783s] DEBUG:colcon.colcon_core.event_handler.log_command:Invoking command in '/home/nazia/ros2_ws3/build/my_robot_bringup': CMAKE_PREFIX_PATH=/home/nazia/ros2_ws3/install/my_robot2_description:/home/nazia/ros2_ws3/install/my_robot_bringup2:/home/nazia/ros2_ws3/install/my_robot_bringup:/home/nazia/ros2_ws3/src/install/my_robot_bringup2:/home/nazia/ros2_ws3/src/install/my_robot_bringup:/home/nazia/ros2_ws3/src/install/my_robot2_description:/opt/ros/humble /usr/bin/cmake /home/nazia/ros2_ws3/src/my_robot_bringup -DAMENT_CMAKE_SYMLINK_INSTALL=1 -DCMAKE_INSTALL_PREFIX=/home/nazia/ros2_ws3/install/my_robot_bringup
[2.178s] DEBUG:colcon.colcon_core.event_handler.log_command:Invoked command in '/home/nazia/ros2_ws3/build/my_robot_bringup' returned '0': CMAKE_PREFIX_PATH=/home/nazia/ros2_ws3/install/my_robot2_description:/home/nazia/ros2_ws3/install/my_robot_bringup2:/home/nazia/ros2_ws3/install/my_robot_bringup:/home/nazia/ros2_ws3/src/install/my_robot_bringup2:/home/nazia/ros2_ws3/src/install/my_robot_bringup:/home/nazia/ros2_ws3/src/install/my_robot2_description:/opt/ros/humble /usr/bin/cmake /home/nazia/ros2_ws3/src/my_robot_bringup -DAMENT_CMAKE_SYMLINK_INSTALL=1 -DCMAKE_INSTALL_PREFIX=/home/nazia/ros2_ws3/install/my_robot_bringup
[2.180s] DEBUG:colcon.colcon_core.event_handler.log_command:Invoking command in '/home/nazia/ros2_ws3/build/my_robot_bringup': CMAKE_PREFIX_PATH=/home/nazia/ros2_ws3/install/my_robot2_description:/home/nazia/ros2_ws3/install/my_robot_bringup2:/home/nazia/ros2_ws3/install/my_robot_bringup:/home/nazia/ros2_ws3/src/install/my_robot_bringup2:/home/nazia/ros2_ws3/src/install/my_robot_bringup:/home/nazia/ros2_ws3/src/install/my_robot2_description:/opt/ros/humble /usr/bin/cmake --build /home/nazia/ros2_ws3/build/my_robot_bringup -- -j2 -l2
[2.294s] DEBUG:colcon.colcon_core.event_handler.log_command:Invoked command in '/home/nazia/ros2_ws3/build/my_robot_bringup' returned '0': CMAKE_PREFIX_PATH=/home/nazia/ros2_ws3/install/my_robot2_description:/home/nazia/ros2_ws3/install/my_robot_bringup2:/home/nazia/ros2_ws3/install/my_robot_bringup:/home/nazia/ros2_ws3/src/install/my_robot_bringup2:/home/nazia/ros2_ws3/src/install/my_robot_bringup:/home/nazia/ros2_ws3/src/install/my_robot2_description:/opt/ros/humble /usr/bin/cmake --build /home/nazia/ros2_ws3/build/my_robot_bringup -- -j2 -l2
[2.363s] DEBUG:colcon.colcon_core.event_handler.log_command:Invoking command in '/home/nazia/ros2_ws3/build/my_robot_bringup': CMAKE_PREFIX_PATH=/home/nazia/ros2_ws3/install/my_robot2_description:/home/nazia/ros2_ws3/install/my_robot_bringup2:/home/nazia/ros2_ws3/install/my_robot_bringup:/home/nazia/ros2_ws3/src/install/my_robot_bringup2:/home/nazia/ros2_ws3/src/install/my_robot_bringup:/home/nazia/ros2_ws3/src/install/my_robot2_description:/opt/ros/humble /usr/bin/cmake --install /home/nazia/ros2_ws3/build/my_robot_bringup
[2.472s] Level 1:colcon.colcon_core.environment:create_environment_scripts_only(my_robot_bringup)
[2.473s] Level 1:colcon.colcon_core.environment:checking '/home/nazia/ros2_ws3/install/my_robot_bringup' for CMake module files
[2.475s] DEBUG:colcon.colcon_core.event_handler.log_command:Invoked command in '/home/nazia/ros2_ws3/build/my_robot_bringup' returned '0': CMAKE_PREFIX_PATH=/home/nazia/ros2_ws3/install/my_robot2_description:/home/nazia/ros2_ws3/install/my_robot_bringup2:/home/nazia/ros2_ws3/install/my_robot_bringup:/home/nazia/ros2_ws3/src/install/my_robot_bringup2:/home/nazia/ros2_ws3/src/install/my_robot_bringup:/home/nazia/ros2_ws3/src/install/my_robot2_description:/opt/ros/humble /usr/bin/cmake --install /home/nazia/ros2_ws3/build/my_robot_bringup
[2.477s] Level 1:colcon.colcon_core.environment:checking '/home/nazia/ros2_ws3/install/my_robot_bringup' for CMake config files
[2.477s] Level 1:colcon.colcon_core.shell:create_environment_hook('my_robot_bringup', 'cmake_prefix_path')
[2.478s] INFO:colcon.colcon_core.shell:Creating environment hook '/home/nazia/ros2_ws3/install/my_robot_bringup/share/my_robot_bringup/hook/cmake_prefix_path.ps1'
[2.479s] INFO:colcon.colcon_core.shell:Creating environment descriptor '/home/nazia/ros2_ws3/install/my_robot_bringup/share/my_robot_bringup/hook/cmake_prefix_path.dsv'
[2.480s] INFO:colcon.colcon_core.shell:Creating environment hook '/home/nazia/ros2_ws3/install/my_robot_bringup/share/my_robot_bringup/hook/cmake_prefix_path.sh'
[2.482s] Level 1:colcon.colcon_core.environment:checking '/home/nazia/ros2_ws3/install/my_robot_bringup/bin'
[2.482s] Level 1:colcon.colcon_core.environment:checking '/home/nazia/ros2_ws3/install/my_robot_bringup/lib/pkgconfig/my_robot_bringup.pc'
[2.483s] Level 1:colcon.colcon_core.environment:checking '/home/nazia/ros2_ws3/install/my_robot_bringup/lib/python3.10/site-packages'
[2.483s] Level 1:colcon.colcon_core.environment:checking '/home/nazia/ros2_ws3/install/my_robot_bringup/bin'
[2.484s] INFO:colcon.colcon_core.shell:Creating package script '/home/nazia/ros2_ws3/install/my_robot_bringup/share/my_robot_bringup/package.ps1'
[2.487s] INFO:colcon.colcon_core.shell:Creating package descriptor '/home/nazia/ros2_ws3/install/my_robot_bringup/share/my_robot_bringup/package.dsv'
[2.488s] INFO:colcon.colcon_core.shell:Creating package script '/home/nazia/ros2_ws3/install/my_robot_bringup/share/my_robot_bringup/package.sh'
[2.490s] INFO:colcon.colcon_core.shell:Creating package script '/home/nazia/ros2_ws3/install/my_robot_bringup/share/my_robot_bringup/package.bash'
[2.491s] INFO:colcon.colcon_core.shell:Creating package script '/home/nazia/ros2_ws3/install/my_robot_bringup/share/my_robot_bringup/package.zsh'
[2.492s] Level 1:colcon.colcon_core.environment:create_file_with_runtime_dependencies(/home/nazia/ros2_ws3/install/my_robot_bringup/share/colcon-core/packages/my_robot_bringup)
[2.585s] Level 1:colcon.colcon_core.environment:create_environment_scripts_only(my_robot_bringup)
[2.586s] Level 1:colcon.colcon_core.environment:checking '/home/nazia/ros2_ws3/install/my_robot_bringup' for CMake module files
[2.590s] Level 1:colcon.colcon_core.environment:checking '/home/nazia/ros2_ws3/install/my_robot_bringup' for CMake config files
[2.592s] Level 1:colcon.colcon_core.shell:create_environment_hook('my_robot_bringup', 'cmake_prefix_path')
[2.594s] INFO:colcon.colcon_core.shell:Creating environment hook '/home/nazia/ros2_ws3/install/my_robot_bringup/share/my_robot_bringup/hook/cmake_prefix_path.ps1'
[2.597s] INFO:colcon.colcon_core.shell:Creating environment descriptor '/home/nazia/ros2_ws3/install/my_robot_bringup/share/my_robot_bringup/hook/cmake_prefix_path.dsv'
[2.600s] INFO:colcon.colcon_core.shell:Creating environment hook '/home/nazia/ros2_ws3/install/my_robot_bringup/share/my_robot_bringup/hook/cmake_prefix_path.sh'
[2.604s] Level 1:colcon.colcon_core.environment:checking '/home/nazia/ros2_ws3/install/my_robot_bringup/bin'
[2.605s] Level 1:colcon.colcon_core.environment:checking '/home/nazia/ros2_ws3/install/my_robot_bringup/lib/pkgconfig/my_robot_bringup.pc'
[2.606s] Level 1:colcon.colcon_core.environment:checking '/home/nazia/ros2_ws3/install/my_robot_bringup/lib/python3.10/site-packages'
[2.607s] Level 1:colcon.colcon_core.environment:checking '/home/nazia/ros2_ws3/install/my_robot_bringup/bin'
[2.610s] INFO:colcon.colcon_core.shell:Creating package script '/home/nazia/ros2_ws3/install/my_robot_bringup/share/my_robot_bringup/package.ps1'
[2.616s] INFO:colcon.colcon_core.shell:Creating package descriptor '/home/nazia/ros2_ws3/install/my_robot_bringup/share/my_robot_bringup/package.dsv'
[2.621s] INFO:colcon.colcon_core.shell:Creating package script '/home/nazia/ros2_ws3/install/my_robot_bringup/share/my_robot_bringup/package.sh'
[2.626s] INFO:colcon.colcon_core.shell:Creating package script '/home/nazia/ros2_ws3/install/my_robot_bringup/share/my_robot_bringup/package.bash'
[2.632s] INFO:colcon.colcon_core.shell:Creating package script '/home/nazia/ros2_ws3/install/my_robot_bringup/share/my_robot_bringup/package.zsh'
[2.634s] Level 1:colcon.colcon_core.environment:create_file_with_runtime_dependencies(/home/nazia/ros2_ws3/install/my_robot_bringup/share/colcon-core/packages/my_robot_bringup)
[2.637s] DEBUG:colcon.colcon_parallel_executor.executor.parallel:closing loop
[2.638s] DEBUG:colcon.colcon_parallel_executor.executor.parallel:loop closed
[2.638s] DEBUG:colcon.colcon_parallel_executor.executor.parallel:run_until_complete finished with '0'
[2.639s] DEBUG:colcon.colcon_core.event_reactor:joining thread
[2.663s] INFO:colcon.colcon_core.plugin_system:Skipping extension 'colcon_notification.desktop_notification.terminal_notifier': Not used on non-Darwin systems
[2.663s] INFO:colcon.colcon_core.plugin_system:Skipping extension 'colcon_notification.desktop_notification.win32': Not used on non-Windows systems
[2.664s] INFO:colcon.colcon_notification.desktop_notification:Sending desktop notification using 'notify2'
[2.697s] DEBUG:colcon.colcon_core.event_reactor:joined thread
[2.698s] INFO:colcon.colcon_core.shell:Creating prefix script '/home/nazia/ros2_ws3/install/local_setup.ps1'
[2.700s] INFO:colcon.colcon_core.shell:Creating prefix util module '/home/nazia/ros2_ws3/install/_local_setup_util_ps1.py'
[2.703s] INFO:colcon.colcon_core.shell:Creating prefix chain script '/home/nazia/ros2_ws3/install/setup.ps1'
[2.708s] INFO:colcon.colcon_core.shell:Creating prefix script '/home/nazia/ros2_ws3/install/local_setup.sh'
[2.710s] INFO:colcon.colcon_core.shell:Creating prefix util module '/home/nazia/ros2_ws3/install/_local_setup_util_sh.py'
[2.711s] INFO:colcon.colcon_core.shell:Creating prefix chain script '/home/nazia/ros2_ws3/install/setup.sh'
[2.714s] INFO:colcon.colcon_core.shell:Creating prefix script '/home/nazia/ros2_ws3/install/local_setup.bash'
[2.716s] INFO:colcon.colcon_core.shell:Creating prefix chain script '/home/nazia/ros2_ws3/install/setup.bash'
[2.719s] INFO:colcon.colcon_core.shell:Creating prefix script '/home/nazia/ros2_ws3/install/local_setup.zsh'
[2.720s] INFO:colcon.colcon_core.shell:Creating prefix chain script '/home/nazia/ros2_ws3/install/setup.zsh'
