[0.109s] Invoking command in '/home/nazia/ros2_ws3/build/my_robot2_description': CMAKE_PREFIX_PATH=/opt/ros/humble /usr/bin/cmake /home/nazia/ros2_ws3/src/my_robot2_description -DCMAKE_INSTALL_PREFIX=/home/nazia/ros2_ws3/install/my_robot2_description
[0.800s] -- The C compiler identification is GNU 11.4.0
[1.508s] -- The CXX compiler identification is GNU 11.4.0
[1.603s] -- Detecting C compiler ABI info
[2.400s] -- Detecting C compiler ABI info - done
[2.431s] -- Check for working C compiler: /usr/bin/cc - skipped
[2.435s] -- Detecting C compile features
[2.441s] -- Detecting C compile features - done
[2.469s] -- Detecting CXX compiler ABI info
[3.417s] -- Detecting CXX compiler ABI info - done
[3.459s] -- Check for working CXX compiler: /usr/bin/c++ - skipped
[3.460s] -- Detecting CXX compile features
[3.462s] -- Detecting CXX compile features - done
[3.521s] -- Found ament_cmake: 1.3.10 (/opt/ros/humble/share/ament_cmake/cmake)
[4.679s] -- Found Python3: /usr/bin/python3 (found version "3.10.12") found components: Interpreter 
[5.870s] -- Configuring done
[5.893s] -- Generating done
[5.901s] -- Build files have been written to: /home/nazia/ros2_ws3/build/my_robot2_description
[5.952s] Invoked command in '/home/nazia/ros2_ws3/build/my_robot2_description' returned '0': CMAKE_PREFIX_PATH=/opt/ros/humble /usr/bin/cmake /home/nazia/ros2_ws3/src/my_robot2_description -DCMAKE_INSTALL_PREFIX=/home/nazia/ros2_ws3/install/my_robot2_description
[5.957s] Invoking command in '/home/nazia/ros2_ws3/build/my_robot2_description': CMAKE_PREFIX_PATH=/opt/ros/humble /usr/bin/cmake --build /home/nazia/ros2_ws3/build/my_robot2_description -- -j2 -l2
[6.401s] Invoked command in '/home/nazia/ros2_ws3/build/my_robot2_description' returned '0': CMAKE_PREFIX_PATH=/opt/ros/humble /usr/bin/cmake --build /home/nazia/ros2_ws3/build/my_robot2_description -- -j2 -l2
[6.885s] Invoking command in '/home/nazia/ros2_ws3/build/my_robot2_description': CMAKE_PREFIX_PATH=/opt/ros/humble /usr/bin/cmake --install /home/nazia/ros2_ws3/build/my_robot2_description
[6.971s] -- Install configuration: ""
[6.974s] -- Installing: /home/nazia/ros2_ws3/install/my_robot2_description/share/my_robot2_description/urdf
[6.975s] -- Installing: /home/nazia/ros2_ws3/install/my_robot2_description/share/my_robot2_description/urdf/my_robot.urdf
[6.978s] -- Installing: /home/nazia/ros2_ws3/install/my_robot2_description/share/ament_index/resource_index/package_run_dependencies/my_robot2_description
[6.982s] -- Installing: /home/nazia/ros2_ws3/install/my_robot2_description/share/ament_index/resource_index/parent_prefix_path/my_robot2_description
[6.986s] -- Installing: /home/nazia/ros2_ws3/install/my_robot2_description/share/my_robot2_description/environment/ament_prefix_path.sh
[6.992s] -- Installing: /home/nazia/ros2_ws3/install/my_robot2_description/share/my_robot2_description/environment/ament_prefix_path.dsv
[6.997s] -- Installing: /home/nazia/ros2_ws3/install/my_robot2_description/share/my_robot2_description/environment/path.sh
[7.001s] -- Installing: /home/nazia/ros2_ws3/install/my_robot2_description/share/my_robot2_description/environment/path.dsv
[7.007s] -- Installing: /home/nazia/ros2_ws3/install/my_robot2_description/share/my_robot2_description/local_setup.bash
[7.011s] -- Installing: /home/nazia/ros2_ws3/install/my_robot2_description/share/my_robot2_description/local_setup.sh
[7.012s] -- Installing: /home/nazia/ros2_ws3/install/my_robot2_description/share/my_robot2_description/local_setup.zsh
[7.012s] -- Installing: /home/nazia/ros2_ws3/install/my_robot2_description/share/my_robot2_description/local_setup.dsv
[7.013s] -- Installing: /home/nazia/ros2_ws3/install/my_robot2_description/share/my_robot2_description/package.dsv
[7.014s] -- Installing: /home/nazia/ros2_ws3/install/my_robot2_description/share/ament_index/resource_index/packages/my_robot2_description
[7.014s] -- Installing: /home/nazia/ros2_ws3/install/my_robot2_description/share/my_robot2_description/cmake/my_robot2_descriptionConfig.cmake
[7.015s] -- Installing: /home/nazia/ros2_ws3/install/my_robot2_description/share/my_robot2_description/cmake/my_robot2_descriptionConfig-version.cmake
[7.017s] -- Installing: /home/nazia/ros2_ws3/install/my_robot2_description/share/my_robot2_description/package.xml
[7.027s] Invoked command in '/home/nazia/ros2_ws3/build/my_robot2_description' returned '0': CMAKE_PREFIX_PATH=/opt/ros/humble /usr/bin/cmake --install /home/nazia/ros2_ws3/build/my_robot2_description
