[0.182s] Invoking command in '/home/nazia/ros2_ws3/build/my_robot2_description': CMAKE_PREFIX_PATH=${CMAKE_PREFIX_PATH}:/opt/ros/humble /usr/bin/cmake /home/nazia/ros2_ws3/src/my_robot2_description -DCMAKE_INSTALL_PREFIX=/home/nazia/ros2_ws3/install/my_robot2_description
[0.510s] -- Found ament_cmake: 1.3.10 (/opt/ros/humble/share/ament_cmake/cmake)
[1.223s] -- Override CMake install command with custom implementation using symlinks instead of copying resources
[1.799s] -- Configuring done
[1.846s] -- Generating done
[1.864s] -- Build files have been written to: /home/nazia/ros2_ws3/build/my_robot2_description
[1.896s] Invoked command in '/home/nazia/ros2_ws3/build/my_robot2_description' returned '0': CMAKE_PREFIX_PATH=${CMAKE_PREFIX_PATH}:/opt/ros/humble /usr/bin/cmake /home/nazia/ros2_ws3/src/my_robot2_description -DCMAKE_INSTALL_PREFIX=/home/nazia/ros2_ws3/install/my_robot2_description
[1.942s] Invoking command in '/home/nazia/ros2_ws3/build/my_robot2_description': CMAKE_PREFIX_PATH=${CMAKE_PREFIX_PATH}:/opt/ros/humble /usr/bin/cmake --build /home/nazia/ros2_ws3/build/my_robot2_description -- -j2 -l2
[2.673s] Invoked command in '/home/nazia/ros2_ws3/build/my_robot2_description' returned '0': CMAKE_PREFIX_PATH=${CMAKE_PREFIX_PATH}:/opt/ros/humble /usr/bin/cmake --build /home/nazia/ros2_ws3/build/my_robot2_description -- -j2 -l2
[3.147s] Invoking command in '/home/nazia/ros2_ws3/build/my_robot2_description': CMAKE_PREFIX_PATH=${CMAKE_PREFIX_PATH}:/opt/ros/humble /usr/bin/cmake --install /home/nazia/ros2_ws3/build/my_robot2_description
[3.371s] -- Install configuration: ""
[3.388s] -- Execute custom install script
[3.397s] -- Up-to-date symlink: /home/nazia/ros2_ws3/install/my_robot2_description/share/my_robot2_description/urdf/camera.xacro
[3.404s] -- Up-to-date symlink: /home/nazia/ros2_ws3/install/my_robot2_description/share/my_robot2_description/urdf/common_properties.xacro
[3.414s] -- Up-to-date symlink: /home/nazia/ros2_ws3/install/my_robot2_description/share/my_robot2_description/urdf/mobile_base.xacro
[3.420s] -- Up-to-date symlink: /home/nazia/ros2_ws3/install/my_robot2_description/share/my_robot2_description/urdf/mobile_base_gazebo.xacro
[3.439s] -- Up-to-date symlink: /home/nazia/ros2_ws3/install/my_robot2_description/share/my_robot2_description/urdf/my_robot.urdf.xacro
[3.439s] -- Up-to-date symlink: /home/nazia/ros2_ws3/install/my_robot2_description/share/my_robot2_description/launch/display.launch.py
[3.449s] -- Up-to-date symlink: /home/nazia/ros2_ws3/install/my_robot2_description/share/my_robot2_description/launch/display.launch.xml
[3.464s] -- Up-to-date symlink: /home/nazia/ros2_ws3/install/my_robot2_description/share/my_robot2_description/rviz/urdf_config.rviz
[3.474s] -- Up-to-date symlink: /home/nazia/ros2_ws3/install/my_robot2_description/share/my_robot2_description/rviz/urdf_config2.rviz
[3.475s] -- Up-to-date symlink: /home/nazia/ros2_ws3/install/my_robot2_description/share/ament_index/resource_index/package_run_dependencies/my_robot2_description
[3.490s] -- Up-to-date symlink: /home/nazia/ros2_ws3/install/my_robot2_description/share/ament_index/resource_index/parent_prefix_path/my_robot2_description
[3.490s] -- Up-to-date symlink: /home/nazia/ros2_ws3/install/my_robot2_description/share/my_robot2_description/environment/ament_prefix_path.sh
[3.500s] -- Up-to-date symlink: /home/nazia/ros2_ws3/install/my_robot2_description/share/my_robot2_description/environment/ament_prefix_path.dsv
[3.508s] -- Up-to-date symlink: /home/nazia/ros2_ws3/install/my_robot2_description/share/my_robot2_description/environment/path.sh
[3.509s] -- Up-to-date symlink: /home/nazia/ros2_ws3/install/my_robot2_description/share/my_robot2_description/environment/path.dsv
[3.521s] -- Up-to-date symlink: /home/nazia/ros2_ws3/install/my_robot2_description/share/my_robot2_description/local_setup.bash
[3.537s] -- Up-to-date symlink: /home/nazia/ros2_ws3/install/my_robot2_description/share/my_robot2_description/local_setup.sh
[3.543s] -- Up-to-date symlink: /home/nazia/ros2_ws3/install/my_robot2_description/share/my_robot2_description/local_setup.zsh
[3.547s] -- Up-to-date symlink: /home/nazia/ros2_ws3/install/my_robot2_description/share/my_robot2_description/local_setup.dsv
[3.547s] -- Symlinking: /home/nazia/ros2_ws3/install/my_robot2_description/share/my_robot2_description/package.dsv
[3.630s] -- Up-to-date symlink: /home/nazia/ros2_ws3/install/my_robot2_description/share/ament_index/resource_index/packages/my_robot2_description
[3.637s] -- Up-to-date symlink: /home/nazia/ros2_ws3/install/my_robot2_description/share/my_robot2_description/cmake/my_robot2_descriptionConfig.cmake
[3.640s] -- Up-to-date symlink: /home/nazia/ros2_ws3/install/my_robot2_description/share/my_robot2_description/cmake/my_robot2_descriptionConfig-version.cmake
[3.643s] -- Up-to-date symlink: /home/nazia/ros2_ws3/install/my_robot2_description/share/my_robot2_description/package.xml
[3.693s] Invoked command in '/home/nazia/ros2_ws3/build/my_robot2_description' returned '0': CMAKE_PREFIX_PATH=${CMAKE_PREFIX_PATH}:/opt/ros/humble /usr/bin/cmake --install /home/nazia/ros2_ws3/build/my_robot2_description
