[0.341s] Invoking command in '/home/nazia/ros2_ws3/build/my_robot_bringup2': CMAKE_PREFIX_PATH=${CMAKE_PREFIX_PATH}:/opt/ros/humble /usr/bin/cmake /home/nazia/ros2_ws3/src/my_robot_bringup2 -DAMENT_CMAKE_SYMLINK_INSTALL=1 -DCMAKE_INSTALL_PREFIX=/home/nazia/ros2_ws3/install/my_robot_bringup2
[0.630s] -- Found ament_cmake: 1.3.10 (/opt/ros/humble/share/ament_cmake/cmake)
[2.624s] -- Override CMake install command with custom implementation using symlinks instead of copying resources
[2.783s] -- Found ament_lint_auto: 0.12.11 (/opt/ros/humble/share/ament_lint_auto/cmake)
[4.108s] -- Added test 'lint_cmake' to check CMake code style
[4.109s] -- Added test 'xmllint' to check XML markup files
[4.130s] -- Configuring done
[4.207s] -- Generating done
[4.236s] -- Build files have been written to: /home/nazia/ros2_ws3/build/my_robot_bringup2
[4.271s] Invoked command in '/home/nazia/ros2_ws3/build/my_robot_bringup2' returned '0': CMAKE_PREFIX_PATH=${CMAKE_PREFIX_PATH}:/opt/ros/humble /usr/bin/cmake /home/nazia/ros2_ws3/src/my_robot_bringup2 -DAMENT_CMAKE_SYMLINK_INSTALL=1 -DCMAKE_INSTALL_PREFIX=/home/nazia/ros2_ws3/install/my_robot_bringup2
[4.312s] Invoking command in '/home/nazia/ros2_ws3/build/my_robot_bringup2': CMAKE_PREFIX_PATH=${CMAKE_PREFIX_PATH}:/opt/ros/humble /usr/bin/cmake --build /home/nazia/ros2_ws3/build/my_robot_bringup2 -- -j2 -l2
[5.357s] Invoked command in '/home/nazia/ros2_ws3/build/my_robot_bringup2' returned '0': CMAKE_PREFIX_PATH=${CMAKE_PREFIX_PATH}:/opt/ros/humble /usr/bin/cmake --build /home/nazia/ros2_ws3/build/my_robot_bringup2 -- -j2 -l2
[6.229s] Invoking command in '/home/nazia/ros2_ws3/build/my_robot_bringup2': CMAKE_PREFIX_PATH=${CMAKE_PREFIX_PATH}:/opt/ros/humble /usr/bin/cmake --install /home/nazia/ros2_ws3/build/my_robot_bringup2
[6.452s] -- Install configuration: ""
[6.464s] -- Execute custom install script
[6.471s] -- Up-to-date symlink: /home/nazia/ros2_ws3/install/my_robot_bringup2/share/ament_index/resource_index/package_run_dependencies/my_robot_bringup2
[6.478s] -- Up-to-date symlink: /home/nazia/ros2_ws3/install/my_robot_bringup2/share/ament_index/resource_index/parent_prefix_path/my_robot_bringup2
[6.492s] -- Up-to-date symlink: /home/nazia/ros2_ws3/install/my_robot_bringup2/share/my_robot_bringup2/environment/ament_prefix_path.sh
[6.493s] -- Up-to-date symlink: /home/nazia/ros2_ws3/install/my_robot_bringup2/share/my_robot_bringup2/environment/ament_prefix_path.dsv
[6.493s] -- Up-to-date symlink: /home/nazia/ros2_ws3/install/my_robot_bringup2/share/my_robot_bringup2/environment/path.sh
[6.493s] -- Up-to-date symlink: /home/nazia/ros2_ws3/install/my_robot_bringup2/share/my_robot_bringup2/environment/path.dsv
[6.509s] -- Up-to-date symlink: /home/nazia/ros2_ws3/install/my_robot_bringup2/share/my_robot_bringup2/local_setup.bash
[6.519s] -- Up-to-date symlink: /home/nazia/ros2_ws3/install/my_robot_bringup2/share/my_robot_bringup2/local_setup.sh
[6.519s] -- Up-to-date symlink: /home/nazia/ros2_ws3/install/my_robot_bringup2/share/my_robot_bringup2/local_setup.zsh
[6.526s] -- Up-to-date symlink: /home/nazia/ros2_ws3/install/my_robot_bringup2/share/my_robot_bringup2/local_setup.dsv
[6.530s] -- Symlinking: /home/nazia/ros2_ws3/install/my_robot_bringup2/share/my_robot_bringup2/package.dsv
[6.774s] -- Up-to-date symlink: /home/nazia/ros2_ws3/install/my_robot_bringup2/share/ament_index/resource_index/packages/my_robot_bringup2
[6.776s] -- Up-to-date symlink: /home/nazia/ros2_ws3/install/my_robot_bringup2/share/my_robot_bringup2/cmake/my_robot_bringup2Config.cmake
[6.787s] -- Up-to-date symlink: /home/nazia/ros2_ws3/install/my_robot_bringup2/share/my_robot_bringup2/cmake/my_robot_bringup2Config-version.cmake
[6.799s] -- Up-to-date symlink: /home/nazia/ros2_ws3/install/my_robot_bringup2/share/my_robot_bringup2/package.xml
[6.917s] Invoked command in '/home/nazia/ros2_ws3/build/my_robot_bringup2' returned '0': CMAKE_PREFIX_PATH=${CMAKE_PREFIX_PATH}:/opt/ros/humble /usr/bin/cmake --install /home/nazia/ros2_ws3/build/my_robot_bringup2
