[1.190s] DEBUG:colcon:Command line arguments: ['/usr/bin/colcon', 'list', '-p', '--base-paths', '/home/nazia/ros2_ws3']
[1.190s] DEBUG:colcon:Parsed command line arguments: Namespace(log_base=None, log_level=None, verb_name='list', build_base='build', ignore_user_meta=False, metas=['./colcon.meta'], base_paths=['/home/nazia/ros2_ws3'], packages_ignore=None, packages_ignore_regex=None, paths=None, packages_up_to=None, packages_up_to_regex=None, packages_above=None, packages_above_and_dependencies=None, packages_above_depth=None, packages_select_by_dep=None, packages_skip_by_dep=None, packages_skip_up_to=None, packages_select_build_failed=False, packages_skip_build_finished=False, packages_select_test_failures=False, packages_skip_test_passed=False, packages_select=None, packages_skip=None, packages_select_regex=None, packages_skip_regex=None, packages_start=None, packages_end=None, allow_overriding=[], topological_order=False, names_only=False, paths_only=True, topological_graph=False, topological_graph_dot=False, topological_graph_density=False, topological_graph_legend=False, topological_graph_dot_cluster=False, topological_graph_dot_include_skipped=False, verb_parser=<colcon_defaults.argument_parser.defaults.DefaultArgumentsDecorator object at 0x77dd2c7b8f70>, verb_extension=<colcon_package_information.verb.list.ListVerb object at 0x77dd2c92dc00>, main=<bound method ListVerb.main of <colcon_package_information.verb.list.ListVerb object at 0x77dd2c92dc00>>)
[3.947s] Level 1:colcon.colcon_core.package_discovery:discover_packages(colcon_meta) check parameters
[3.948s] Level 1:colcon.colcon_core.package_discovery:discover_packages(recursive) check parameters
[3.948s] Level 1:colcon.colcon_core.package_discovery:discover_packages(ignore) check parameters
[3.948s] Level 1:colcon.colcon_core.package_discovery:discover_packages(path) check parameters
[3.948s] Level 1:colcon.colcon_core.package_discovery:discover_packages(recursive) discover
[3.948s] INFO:colcon.colcon_core.package_discovery:Crawling recursively for packages in '/home/nazia/ros2_ws3'
[3.951s] Level 1:colcon.colcon_core.package_identification:_identify(/home/nazia/ros2_ws3) by extensions ['ignore', 'ignore_ament_install']
[3.951s] Level 1:colcon.colcon_core.package_identification:_identify(/home/nazia/ros2_ws3) by extension 'ignore'
[3.951s] Level 1:colcon.colcon_core.package_identification:_identify(/home/nazia/ros2_ws3) by extension 'ignore_ament_install'
[3.952s] Level 1:colcon.colcon_core.package_identification:_identify(/home/nazia/ros2_ws3) by extensions ['colcon_pkg']
[3.952s] Level 1:colcon.colcon_core.package_identification:_identify(/home/nazia/ros2_ws3) by extension 'colcon_pkg'
[3.952s] Level 1:colcon.colcon_core.package_identification:_identify(/home/nazia/ros2_ws3) by extensions ['colcon_meta']
[3.952s] Level 1:colcon.colcon_core.package_identification:_identify(/home/nazia/ros2_ws3) by extension 'colcon_meta'
[3.955s] Level 1:colcon.colcon_core.package_identification:_identify(/home/nazia/ros2_ws3) by extensions ['ros']
[3.955s] Level 1:colcon.colcon_core.package_identification:_identify(/home/nazia/ros2_ws3) by extension 'ros'
[4.206s] Level 1:colcon.colcon_core.package_identification:_identify(/home/nazia/ros2_ws3) by extensions ['cmake', 'python']
[4.206s] Level 1:colcon.colcon_core.package_identification:_identify(/home/nazia/ros2_ws3) by extension 'cmake'
[4.206s] Level 1:colcon.colcon_core.package_identification:_identify(/home/nazia/ros2_ws3) by extension 'python'
[4.213s] Level 1:colcon.colcon_core.package_identification:_identify(/home/nazia/ros2_ws3) by extensions ['python_setup_py']
[4.213s] Level 1:colcon.colcon_core.package_identification:_identify(/home/nazia/ros2_ws3) by extension 'python_setup_py'
[4.213s] Level 1:colcon.colcon_core.package_identification:_identify(/home/nazia/ros2_ws3/build) by extensions ['ignore', 'ignore_ament_install']
[4.214s] Level 1:colcon.colcon_core.package_identification:_identify(/home/nazia/ros2_ws3/build) by extension 'ignore'
[4.214s] Level 1:colcon.colcon_core.package_identification:_identify(/home/nazia/ros2_ws3/build) ignored
[4.214s] Level 1:colcon.colcon_core.package_identification:_identify(/home/nazia/ros2_ws3/install) by extensions ['ignore', 'ignore_ament_install']
[4.225s] Level 1:colcon.colcon_core.package_identification:_identify(/home/nazia/ros2_ws3/install) by extension 'ignore'
[4.225s] Level 1:colcon.colcon_core.package_identification:_identify(/home/nazia/ros2_ws3/install) ignored
[4.226s] Level 1:colcon.colcon_core.package_identification:_identify(/home/nazia/ros2_ws3/log) by extensions ['ignore', 'ignore_ament_install']
[4.226s] Level 1:colcon.colcon_core.package_identification:_identify(/home/nazia/ros2_ws3/log) by extension 'ignore'
[4.235s] Level 1:colcon.colcon_core.package_identification:_identify(/home/nazia/ros2_ws3/log) ignored
[4.235s] Level 1:colcon.colcon_core.package_identification:_identify(/home/nazia/ros2_ws3/src) by extensions ['ignore', 'ignore_ament_install']
[4.235s] Level 1:colcon.colcon_core.package_identification:_identify(/home/nazia/ros2_ws3/src) by extension 'ignore'
[4.235s] Level 1:colcon.colcon_core.package_identification:_identify(/home/nazia/ros2_ws3/src) by extension 'ignore_ament_install'
[4.236s] Level 1:colcon.colcon_core.package_identification:_identify(/home/nazia/ros2_ws3/src) by extensions ['colcon_pkg']
[4.236s] Level 1:colcon.colcon_core.package_identification:_identify(/home/nazia/ros2_ws3/src) by extension 'colcon_pkg'
[4.236s] Level 1:colcon.colcon_core.package_identification:_identify(/home/nazia/ros2_ws3/src) by extensions ['colcon_meta']
[4.236s] Level 1:colcon.colcon_core.package_identification:_identify(/home/nazia/ros2_ws3/src) by extension 'colcon_meta'
[4.236s] Level 1:colcon.colcon_core.package_identification:_identify(/home/nazia/ros2_ws3/src) by extensions ['ros']
[4.236s] Level 1:colcon.colcon_core.package_identification:_identify(/home/nazia/ros2_ws3/src) by extension 'ros'
[4.245s] Level 1:colcon.colcon_core.package_identification:_identify(/home/nazia/ros2_ws3/src) by extensions ['cmake', 'python']
[4.245s] Level 1:colcon.colcon_core.package_identification:_identify(/home/nazia/ros2_ws3/src) by extension 'cmake'
[4.245s] Level 1:colcon.colcon_core.package_identification:_identify(/home/nazia/ros2_ws3/src) by extension 'python'
[4.246s] Level 1:colcon.colcon_core.package_identification:_identify(/home/nazia/ros2_ws3/src) by extensions ['python_setup_py']
[4.246s] Level 1:colcon.colcon_core.package_identification:_identify(/home/nazia/ros2_ws3/src) by extension 'python_setup_py'
[4.246s] Level 1:colcon.colcon_core.package_identification:_identify(/home/nazia/ros2_ws3/src/build) by extensions ['ignore', 'ignore_ament_install']
[4.246s] Level 1:colcon.colcon_core.package_identification:_identify(/home/nazia/ros2_ws3/src/build) by extension 'ignore'
[4.246s] Level 1:colcon.colcon_core.package_identification:_identify(/home/nazia/ros2_ws3/src/build) ignored
[4.255s] Level 1:colcon.colcon_core.package_identification:_identify(/home/nazia/ros2_ws3/src/install) by extensions ['ignore', 'ignore_ament_install']
[4.256s] Level 1:colcon.colcon_core.package_identification:_identify(/home/nazia/ros2_ws3/src/install) by extension 'ignore'
[4.256s] Level 1:colcon.colcon_core.package_identification:_identify(/home/nazia/ros2_ws3/src/install) ignored
[4.256s] Level 1:colcon.colcon_core.package_identification:_identify(/home/nazia/ros2_ws3/src/log) by extensions ['ignore', 'ignore_ament_install']
[4.256s] Level 1:colcon.colcon_core.package_identification:_identify(/home/nazia/ros2_ws3/src/log) by extension 'ignore'
[4.268s] Level 1:colcon.colcon_core.package_identification:_identify(/home/nazia/ros2_ws3/src/log) ignored
[4.268s] Level 1:colcon.colcon_core.package_identification:_identify(/home/nazia/ros2_ws3/src/my_robot2_description) by extensions ['ignore', 'ignore_ament_install']
[4.269s] Level 1:colcon.colcon_core.package_identification:_identify(/home/nazia/ros2_ws3/src/my_robot2_description) by extension 'ignore'
[4.269s] Level 1:colcon.colcon_core.package_identification:_identify(/home/nazia/ros2_ws3/src/my_robot2_description) by extension 'ignore_ament_install'
[4.269s] Level 1:colcon.colcon_core.package_identification:_identify(/home/nazia/ros2_ws3/src/my_robot2_description) by extensions ['colcon_pkg']
[4.269s] Level 1:colcon.colcon_core.package_identification:_identify(/home/nazia/ros2_ws3/src/my_robot2_description) by extension 'colcon_pkg'
[4.269s] Level 1:colcon.colcon_core.package_identification:_identify(/home/nazia/ros2_ws3/src/my_robot2_description) by extensions ['colcon_meta']
[4.269s] Level 1:colcon.colcon_core.package_identification:_identify(/home/nazia/ros2_ws3/src/my_robot2_description) by extension 'colcon_meta'
[4.278s] Level 1:colcon.colcon_core.package_identification:_identify(/home/nazia/ros2_ws3/src/my_robot2_description) by extensions ['ros']
[4.278s] Level 1:colcon.colcon_core.package_identification:_identify(/home/nazia/ros2_ws3/src/my_robot2_description) by extension 'ros'
[4.323s] DEBUG:colcon.colcon_core.package_identification:Package '/home/nazia/ros2_ws3/src/my_robot2_description' with type 'ros.ament_cmake' and name 'my_robot2_description'
[4.323s] Level 1:colcon.colcon_core.package_discovery:discover_packages(recursive) using defaults
