[0.187s] DEBUG:colcon:Command line arguments: ['/usr/bin/colcon', 'build', '--symlink-install']
[0.187s] DEBUG:colcon:Parsed command line arguments: Namespace(log_base=None, log_level=None, verb_name='build', build_base='build', install_base='install', merge_install=False, symlink_install=True, test_result_base=None, continue_on_error=False, executor='parallel', parallel_workers=2, event_handlers=None, ignore_user_meta=False, metas=['./colcon.meta'], base_paths=['.'], packages_ignore=None, packages_ignore_regex=None, paths=None, packages_up_to=None, packages_up_to_regex=None, packages_above=None, packages_above_and_dependencies=None, packages_above_depth=None, packages_select_by_dep=None, packages_skip_by_dep=None, packages_skip_up_to=None, packages_select_build_failed=False, packages_skip_build_finished=False, packages_select_test_failures=False, packages_skip_test_passed=False, packages_select=None, packages_skip=None, packages_select_regex=None, packages_skip_regex=None, packages_start=None, packages_end=None, allow_overriding=[], cmake_args=None, cmake_target=None, cmake_target_skip_unavailable=False, cmake_clean_cache=False, cmake_clean_first=False, cmake_force_configure=False, ament_cmake_args=None, catkin_cmake_args=None, catkin_skip_building_tests=False, verb_parser=<colcon_defaults.argument_parser.defaults.DefaultArgumentsDecorator object at 0x72905d5f7f40>, verb_extension=<colcon_core.verb.build.BuildVerb object at 0x72905d5a1570>, main=<bound method BuildVerb.main of <colcon_core.verb.build.BuildVerb object at 0x72905d5a1570>>)
[0.461s] Level 1:colcon.colcon_core.package_discovery:discover_packages(colcon_meta) check parameters
[0.462s] Level 1:colcon.colcon_core.package_discovery:discover_packages(recursive) check parameters
[0.462s] Level 1:colcon.colcon_core.package_discovery:discover_packages(ignore) check parameters
[0.462s] Level 1:colcon.colcon_core.package_discovery:discover_packages(path) check parameters
[0.462s] Level 1:colcon.colcon_core.package_discovery:discover_packages(colcon_meta) discover
[0.462s] Level 1:colcon.colcon_core.package_discovery:discover_packages(recursive) discover
[0.462s] INFO:colcon.colcon_core.package_discovery:Crawling recursively for packages in '/home/nazia/ros2_ws3'
[0.462s] Level 1:colcon.colcon_core.package_identification:_identify(.) by extensions ['ignore', 'ignore_ament_install']
[0.462s] Level 1:colcon.colcon_core.package_identification:_identify(.) by extension 'ignore'
[0.462s] Level 1:colcon.colcon_core.package_identification:_identify(.) by extension 'ignore_ament_install'
[0.462s] Level 1:colcon.colcon_core.package_identification:_identify(.) by extensions ['colcon_pkg']
[0.462s] Level 1:colcon.colcon_core.package_identification:_identify(.) by extension 'colcon_pkg'
[0.462s] Level 1:colcon.colcon_core.package_identification:_identify(.) by extensions ['colcon_meta']
[0.462s] Level 1:colcon.colcon_core.package_identification:_identify(.) by extension 'colcon_meta'
[0.462s] Level 1:colcon.colcon_core.package_identification:_identify(.) by extensions ['ros']
[0.462s] Level 1:colcon.colcon_core.package_identification:_identify(.) by extension 'ros'
[0.473s] Level 1:colcon.colcon_core.package_identification:_identify(.) by extensions ['cmake', 'python']
[0.473s] Level 1:colcon.colcon_core.package_identification:_identify(.) by extension 'cmake'
[0.473s] Level 1:colcon.colcon_core.package_identification:_identify(.) by extension 'python'
[0.473s] Level 1:colcon.colcon_core.package_identification:_identify(.) by extensions ['python_setup_py']
[0.473s] Level 1:colcon.colcon_core.package_identification:_identify(.) by extension 'python_setup_py'
[0.473s] Level 1:colcon.colcon_core.package_identification:_identify(build) by extensions ['ignore', 'ignore_ament_install']
[0.473s] Level 1:colcon.colcon_core.package_identification:_identify(build) by extension 'ignore'
[0.474s] Level 1:colcon.colcon_core.package_identification:_identify(build) ignored
[0.474s] Level 1:colcon.colcon_core.package_identification:_identify(install) by extensions ['ignore', 'ignore_ament_install']
[0.474s] Level 1:colcon.colcon_core.package_identification:_identify(install) by extension 'ignore'
[0.474s] Level 1:colcon.colcon_core.package_identification:_identify(install) ignored
[0.474s] Level 1:colcon.colcon_core.package_identification:_identify(log) by extensions ['ignore', 'ignore_ament_install']
[0.474s] Level 1:colcon.colcon_core.package_identification:_identify(log) by extension 'ignore'
[0.474s] Level 1:colcon.colcon_core.package_identification:_identify(log) ignored
[0.474s] Level 1:colcon.colcon_core.package_identification:_identify(src) by extensions ['ignore', 'ignore_ament_install']
[0.474s] Level 1:colcon.colcon_core.package_identification:_identify(src) by extension 'ignore'
[0.474s] Level 1:colcon.colcon_core.package_identification:_identify(src) by extension 'ignore_ament_install'
[0.474s] Level 1:colcon.colcon_core.package_identification:_identify(src) by extensions ['colcon_pkg']
[0.474s] Level 1:colcon.colcon_core.package_identification:_identify(src) by extension 'colcon_pkg'
[0.474s] Level 1:colcon.colcon_core.package_identification:_identify(src) by extensions ['colcon_meta']
[0.474s] Level 1:colcon.colcon_core.package_identification:_identify(src) by extension 'colcon_meta'
[0.474s] Level 1:colcon.colcon_core.package_identification:_identify(src) by extensions ['ros']
[0.474s] Level 1:colcon.colcon_core.package_identification:_identify(src) by extension 'ros'
[0.475s] Level 1:colcon.colcon_core.package_identification:_identify(src) by extensions ['cmake', 'python']
[0.475s] Level 1:colcon.colcon_core.package_identification:_identify(src) by extension 'cmake'
[0.475s] Level 1:colcon.colcon_core.package_identification:_identify(src) by extension 'python'
[0.475s] Level 1:colcon.colcon_core.package_identification:_identify(src) by extensions ['python_setup_py']
[0.475s] Level 1:colcon.colcon_core.package_identification:_identify(src) by extension 'python_setup_py'
[0.475s] Level 1:colcon.colcon_core.package_identification:_identify(src/build) by extensions ['ignore', 'ignore_ament_install']
[0.475s] Level 1:colcon.colcon_core.package_identification:_identify(src/build) by extension 'ignore'
[0.475s] Level 1:colcon.colcon_core.package_identification:_identify(src/build) ignored
[0.475s] Level 1:colcon.colcon_core.package_identification:_identify(src/install) by extensions ['ignore', 'ignore_ament_install']
[0.476s] Level 1:colcon.colcon_core.package_identification:_identify(src/install) by extension 'ignore'
[0.476s] Level 1:colcon.colcon_core.package_identification:_identify(src/install) ignored
[0.476s] Level 1:colcon.colcon_core.package_identification:_identify(src/log) by extensions ['ignore', 'ignore_ament_install']
[0.476s] Level 1:colcon.colcon_core.package_identification:_identify(src/log) by extension 'ignore'
[0.476s] Level 1:colcon.colcon_core.package_identification:_identify(src/log) ignored
[0.476s] Level 1:colcon.colcon_core.package_identification:_identify(src/my_robot2_description) by extensions ['ignore', 'ignore_ament_install']
[0.476s] Level 1:colcon.colcon_core.package_identification:_identify(src/my_robot2_description) by extension 'ignore'
[0.477s] Level 1:colcon.colcon_core.package_identification:_identify(src/my_robot2_description) by extension 'ignore_ament_install'
[0.477s] Level 1:colcon.colcon_core.package_identification:_identify(src/my_robot2_description) by extensions ['colcon_pkg']
[0.477s] Level 1:colcon.colcon_core.package_identification:_identify(src/my_robot2_description) by extension 'colcon_pkg'
[0.477s] Level 1:colcon.colcon_core.package_identification:_identify(src/my_robot2_description) by extensions ['colcon_meta']
[0.477s] Level 1:colcon.colcon_core.package_identification:_identify(src/my_robot2_description) by extension 'colcon_meta'
[0.477s] Level 1:colcon.colcon_core.package_identification:_identify(src/my_robot2_description) by extensions ['ros']
[0.477s] Level 1:colcon.colcon_core.package_identification:_identify(src/my_robot2_description) by extension 'ros'
[0.479s] DEBUG:colcon.colcon_core.package_identification:Package 'src/my_robot2_description' with type 'ros.ament_cmake' and name 'my_robot2_description'
[0.479s] Level 1:colcon.colcon_core.package_identification:_identify(src/my_robot_bringup) by extensions ['ignore', 'ignore_ament_install']
[0.479s] Level 1:colcon.colcon_core.package_identification:_identify(src/my_robot_bringup) by extension 'ignore'
[0.479s] Level 1:colcon.colcon_core.package_identification:_identify(src/my_robot_bringup) by extension 'ignore_ament_install'
[0.479s] Level 1:colcon.colcon_core.package_identification:_identify(src/my_robot_bringup) by extensions ['colcon_pkg']
[0.479s] Level 1:colcon.colcon_core.package_identification:_identify(src/my_robot_bringup) by extension 'colcon_pkg'
[0.479s] Level 1:colcon.colcon_core.package_identification:_identify(src/my_robot_bringup) by extensions ['colcon_meta']
[0.479s] Level 1:colcon.colcon_core.package_identification:_identify(src/my_robot_bringup) by extension 'colcon_meta'
[0.479s] Level 1:colcon.colcon_core.package_identification:_identify(src/my_robot_bringup) by extensions ['ros']
[0.479s] Level 1:colcon.colcon_core.package_identification:_identify(src/my_robot_bringup) by extension 'ros'
[0.480s] DEBUG:colcon.colcon_core.package_identification:Package 'src/my_robot_bringup' with type 'ros.ament_cmake' and name 'my_robot_bringup'
[0.480s] Level 1:colcon.colcon_core.package_discovery:discover_packages(recursive) using defaults
[0.480s] Level 1:colcon.colcon_core.package_discovery:discover_packages(ignore) discover
[0.480s] Level 1:colcon.colcon_core.package_discovery:discover_packages(ignore) using defaults
[0.480s] Level 1:colcon.colcon_core.package_discovery:discover_packages(path) discover
[0.480s] Level 1:colcon.colcon_core.package_discovery:discover_packages(path) using defaults
[0.507s] Level 1:colcon.colcon_core.package_discovery:discover_packages(prefix_path) check parameters
[0.507s] Level 1:colcon.colcon_core.package_discovery:discover_packages(prefix_path) discover
[0.514s] DEBUG:colcon.colcon_installed_package_information.package_discovery:Found 2 installed packages in /home/nazia/ros2_ws3/src/install
[0.515s] DEBUG:colcon.colcon_installed_package_information.package_discovery:Found 1 installed packages in /home/nazia/ros2_ws3/install
[0.516s] DEBUG:colcon.colcon_installed_package_information.package_discovery:Found 282 installed packages in /opt/ros/humble
[0.517s] Level 1:colcon.colcon_core.package_discovery:discover_packages(prefix_path) using defaults
[0.651s] Level 5:colcon.colcon_core.verb:set package 'my_robot2_description' build argument 'cmake_args' from command line to 'None'
[0.651s] Level 5:colcon.colcon_core.verb:set package 'my_robot2_description' build argument 'cmake_target' from command line to 'None'
[0.651s] Level 5:colcon.colcon_core.verb:set package 'my_robot2_description' build argument 'cmake_target_skip_unavailable' from command line to 'False'
[0.651s] Level 5:colcon.colcon_core.verb:set package 'my_robot2_description' build argument 'cmake_clean_cache' from command line to 'False'
[0.651s] Level 5:colcon.colcon_core.verb:set package 'my_robot2_description' build argument 'cmake_clean_first' from command line to 'False'
[0.651s] Level 5:colcon.colcon_core.verb:set package 'my_robot2_description' build argument 'cmake_force_configure' from command line to 'False'
[0.651s] Level 5:colcon.colcon_core.verb:set package 'my_robot2_description' build argument 'ament_cmake_args' from command line to 'None'
[0.651s] Level 5:colcon.colcon_core.verb:set package 'my_robot2_description' build argument 'catkin_cmake_args' from command line to 'None'
[0.651s] Level 5:colcon.colcon_core.verb:set package 'my_robot2_description' build argument 'catkin_skip_building_tests' from command line to 'False'
[0.651s] DEBUG:colcon.colcon_core.verb:Building package 'my_robot2_description' with the following arguments: {'ament_cmake_args': None, 'build_base': '/home/nazia/ros2_ws3/build/my_robot2_description', 'catkin_cmake_args': None, 'catkin_skip_building_tests': False, 'cmake_args': None, 'cmake_clean_cache': False, 'cmake_clean_first': False, 'cmake_force_configure': False, 'cmake_target': None, 'cmake_target_skip_unavailable': False, 'install_base': '/home/nazia/ros2_ws3/install/my_robot2_description', 'merge_install': False, 'path': '/home/nazia/ros2_ws3/src/my_robot2_description', 'symlink_install': True, 'test_result_base': None}
[0.652s] Level 5:colcon.colcon_core.verb:set package 'my_robot_bringup' build argument 'cmake_args' from command line to 'None'
[0.652s] Level 5:colcon.colcon_core.verb:set package 'my_robot_bringup' build argument 'cmake_target' from command line to 'None'
[0.652s] Level 5:colcon.colcon_core.verb:set package 'my_robot_bringup' build argument 'cmake_target_skip_unavailable' from command line to 'False'
[0.652s] Level 5:colcon.colcon_core.verb:set package 'my_robot_bringup' build argument 'cmake_clean_cache' from command line to 'False'
[0.652s] Level 5:colcon.colcon_core.verb:set package 'my_robot_bringup' build argument 'cmake_clean_first' from command line to 'False'
[0.652s] Level 5:colcon.colcon_core.verb:set package 'my_robot_bringup' build argument 'cmake_force_configure' from command line to 'False'
[0.652s] Level 5:colcon.colcon_core.verb:set package 'my_robot_bringup' build argument 'ament_cmake_args' from command line to 'None'
[0.652s] Level 5:colcon.colcon_core.verb:set package 'my_robot_bringup' build argument 'catkin_cmake_args' from command line to 'None'
[0.652s] Level 5:colcon.colcon_core.verb:set package 'my_robot_bringup' build argument 'catkin_skip_building_tests' from command line to 'False'
[0.652s] DEBUG:colcon.colcon_core.verb:Building package 'my_robot_bringup' with the following arguments: {'ament_cmake_args': None, 'build_base': '/home/nazia/ros2_ws3/build/my_robot_bringup', 'catkin_cmake_args': None, 'catkin_skip_building_tests': False, 'cmake_args': None, 'cmake_clean_cache': False, 'cmake_clean_first': False, 'cmake_force_configure': False, 'cmake_target': None, 'cmake_target_skip_unavailable': False, 'install_base': '/home/nazia/ros2_ws3/install/my_robot_bringup', 'merge_install': False, 'path': '/home/nazia/ros2_ws3/src/my_robot_bringup', 'symlink_install': True, 'test_result_base': None}
[0.652s] INFO:colcon.colcon_core.executor:Executing jobs using 'parallel' executor
[0.653s] DEBUG:colcon.colcon_parallel_executor.executor.parallel:run_until_complete
[0.654s] INFO:colcon.colcon_ros.task.ament_cmake.build:Building ROS package in '/home/nazia/ros2_ws3/src/my_robot2_description' with build type 'ament_cmake'
[0.654s] INFO:colcon.colcon_cmake.task.cmake.build:Building CMake package in '/home/nazia/ros2_ws3/src/my_robot2_description'
[0.662s] INFO:colcon.colcon_core.plugin_system:Skipping extension 'colcon_core.shell.bat': Not used on non-Windows systems
[0.662s] INFO:colcon.colcon_core.shell:Skip shell extension 'powershell' for command environment: Not usable outside of PowerShell
[0.662s] DEBUG:colcon.colcon_core.shell:Skip shell extension 'dsv' for command environment
[0.692s] DEBUG:colcon.colcon_core.event_handler.log_command:Invoking command in '/home/nazia/ros2_ws3/build/my_robot2_description': CMAKE_PREFIX_PATH=${CMAKE_PREFIX_PATH}:/opt/ros/humble /usr/bin/cmake /home/nazia/ros2_ws3/src/my_robot2_description -DAMENT_CMAKE_SYMLINK_INSTALL=1 -DCMAKE_INSTALL_PREFIX=/home/nazia/ros2_ws3/install/my_robot2_description
[1.005s] DEBUG:colcon.colcon_core.event_handler.log_command:Invoked command in '/home/nazia/ros2_ws3/build/my_robot2_description' returned '0': CMAKE_PREFIX_PATH=${CMAKE_PREFIX_PATH}:/opt/ros/humble /usr/bin/cmake /home/nazia/ros2_ws3/src/my_robot2_description -DAMENT_CMAKE_SYMLINK_INSTALL=1 -DCMAKE_INSTALL_PREFIX=/home/nazia/ros2_ws3/install/my_robot2_description
[1.006s] DEBUG:colcon.colcon_core.event_handler.log_command:Invoking command in '/home/nazia/ros2_ws3/build/my_robot2_description': CMAKE_PREFIX_PATH=${CMAKE_PREFIX_PATH}:/opt/ros/humble /usr/bin/cmake --build /home/nazia/ros2_ws3/build/my_robot2_description -- -j2 -l2
[1.052s] DEBUG:colcon.colcon_core.event_handler.log_command:Invoked command in '/home/nazia/ros2_ws3/build/my_robot2_description' returned '0': CMAKE_PREFIX_PATH=${CMAKE_PREFIX_PATH}:/opt/ros/humble /usr/bin/cmake --build /home/nazia/ros2_ws3/build/my_robot2_description -- -j2 -l2
[1.100s] DEBUG:colcon.colcon_core.event_handler.log_command:Invoking command in '/home/nazia/ros2_ws3/build/my_robot2_description': CMAKE_PREFIX_PATH=${CMAKE_PREFIX_PATH}:/opt/ros/humble /usr/bin/cmake --install /home/nazia/ros2_ws3/build/my_robot2_description
[1.147s] Level 1:colcon.colcon_core.environment:create_environment_scripts_only(my_robot2_description)
[1.148s] DEBUG:colcon.colcon_core.event_handler.log_command:Invoked command in '/home/nazia/ros2_ws3/build/my_robot2_description' returned '0': CMAKE_PREFIX_PATH=${CMAKE_PREFIX_PATH}:/opt/ros/humble /usr/bin/cmake --install /home/nazia/ros2_ws3/build/my_robot2_description
[1.155s] Level 1:colcon.colcon_core.environment:checking '/home/nazia/ros2_ws3/install/my_robot2_description' for CMake module files
[1.156s] Level 1:colcon.colcon_core.environment:checking '/home/nazia/ros2_ws3/install/my_robot2_description' for CMake config files
[1.158s] Level 1:colcon.colcon_core.shell:create_environment_hook('my_robot2_description', 'cmake_prefix_path')
[1.159s] INFO:colcon.colcon_core.shell:Creating environment hook '/home/nazia/ros2_ws3/install/my_robot2_description/share/my_robot2_description/hook/cmake_prefix_path.ps1'
[1.161s] INFO:colcon.colcon_core.shell:Creating environment descriptor '/home/nazia/ros2_ws3/install/my_robot2_description/share/my_robot2_description/hook/cmake_prefix_path.dsv'
[1.163s] INFO:colcon.colcon_core.shell:Creating environment hook '/home/nazia/ros2_ws3/install/my_robot2_description/share/my_robot2_description/hook/cmake_prefix_path.sh'
[1.164s] Level 1:colcon.colcon_core.environment:checking '/home/nazia/ros2_ws3/install/my_robot2_description/bin'
[1.165s] Level 1:colcon.colcon_core.environment:checking '/home/nazia/ros2_ws3/install/my_robot2_description/lib/pkgconfig/my_robot2_description.pc'
[1.165s] Level 1:colcon.colcon_core.environment:checking '/home/nazia/ros2_ws3/install/my_robot2_description/lib/python3.10/site-packages'
[1.165s] Level 1:colcon.colcon_core.environment:checking '/home/nazia/ros2_ws3/install/my_robot2_description/bin'
[1.165s] INFO:colcon.colcon_core.shell:Creating package script '/home/nazia/ros2_ws3/install/my_robot2_description/share/my_robot2_description/package.ps1'
[1.166s] INFO:colcon.colcon_core.shell:Creating package descriptor '/home/nazia/ros2_ws3/install/my_robot2_description/share/my_robot2_description/package.dsv'
[1.167s] INFO:colcon.colcon_core.shell:Creating package script '/home/nazia/ros2_ws3/install/my_robot2_description/share/my_robot2_description/package.sh'
[1.168s] INFO:colcon.colcon_core.shell:Creating package script '/home/nazia/ros2_ws3/install/my_robot2_description/share/my_robot2_description/package.bash'
[1.170s] INFO:colcon.colcon_core.shell:Creating package script '/home/nazia/ros2_ws3/install/my_robot2_description/share/my_robot2_description/package.zsh'
[1.171s] Level 1:colcon.colcon_core.environment:create_file_with_runtime_dependencies(/home/nazia/ros2_ws3/install/my_robot2_description/share/colcon-core/packages/my_robot2_description)
[1.211s] Level 1:colcon.colcon_core.environment:create_environment_scripts_only(my_robot2_description)
[1.211s] Level 1:colcon.colcon_core.environment:checking '/home/nazia/ros2_ws3/install/my_robot2_description' for CMake module files
[1.211s] Level 1:colcon.colcon_core.environment:checking '/home/nazia/ros2_ws3/install/my_robot2_description' for CMake config files
[1.212s] Level 1:colcon.colcon_core.shell:create_environment_hook('my_robot2_description', 'cmake_prefix_path')
[1.212s] INFO:colcon.colcon_core.shell:Creating environment hook '/home/nazia/ros2_ws3/install/my_robot2_description/share/my_robot2_description/hook/cmake_prefix_path.ps1'
[1.213s] INFO:colcon.colcon_core.shell:Creating environment descriptor '/home/nazia/ros2_ws3/install/my_robot2_description/share/my_robot2_description/hook/cmake_prefix_path.dsv'
[1.213s] INFO:colcon.colcon_core.shell:Creating environment hook '/home/nazia/ros2_ws3/install/my_robot2_description/share/my_robot2_description/hook/cmake_prefix_path.sh'
[1.214s] Level 1:colcon.colcon_core.environment:checking '/home/nazia/ros2_ws3/install/my_robot2_description/bin'
[1.214s] Level 1:colcon.colcon_core.environment:checking '/home/nazia/ros2_ws3/install/my_robot2_description/lib/pkgconfig/my_robot2_description.pc'
[1.214s] Level 1:colcon.colcon_core.environment:checking '/home/nazia/ros2_ws3/install/my_robot2_description/lib/python3.10/site-packages'
[1.214s] Level 1:colcon.colcon_core.environment:checking '/home/nazia/ros2_ws3/install/my_robot2_description/bin'
[1.214s] INFO:colcon.colcon_core.shell:Creating package script '/home/nazia/ros2_ws3/install/my_robot2_description/share/my_robot2_description/package.ps1'
[1.215s] INFO:colcon.colcon_core.shell:Creating package descriptor '/home/nazia/ros2_ws3/install/my_robot2_description/share/my_robot2_description/package.dsv'
[1.216s] INFO:colcon.colcon_core.shell:Creating package script '/home/nazia/ros2_ws3/install/my_robot2_description/share/my_robot2_description/package.sh'
[1.216s] INFO:colcon.colcon_core.shell:Creating package script '/home/nazia/ros2_ws3/install/my_robot2_description/share/my_robot2_description/package.bash'
[1.217s] INFO:colcon.colcon_core.shell:Creating package script '/home/nazia/ros2_ws3/install/my_robot2_description/share/my_robot2_description/package.zsh'
[1.217s] Level 1:colcon.colcon_core.environment:create_file_with_runtime_dependencies(/home/nazia/ros2_ws3/install/my_robot2_description/share/colcon-core/packages/my_robot2_description)
[1.217s] INFO:colcon.colcon_ros.task.ament_cmake.build:Building ROS package in '/home/nazia/ros2_ws3/src/my_robot_bringup' with build type 'ament_cmake'
[1.217s] INFO:colcon.colcon_cmake.task.cmake.build:Building CMake package in '/home/nazia/ros2_ws3/src/my_robot_bringup'
[1.218s] INFO:colcon.colcon_core.shell:Skip shell extension 'powershell' for command environment: Not usable outside of PowerShell
[1.218s] DEBUG:colcon.colcon_core.shell:Skip shell extension 'dsv' for command environment
[1.229s] DEBUG:colcon.colcon_core.event_handler.log_command:Invoking command in '/home/nazia/ros2_ws3/build/my_robot_bringup': CMAKE_PREFIX_PATH=/home/nazia/ros2_ws3/install/my_robot2_description:/home/nazia/ros2_ws3/src/install/my_robot_bringup:/home/nazia/ros2_ws3/src/install/my_robot2_description:/opt/ros/humble /usr/bin/cmake /home/nazia/ros2_ws3/src/my_robot_bringup -DAMENT_CMAKE_SYMLINK_INSTALL=1 -DCMAKE_INSTALL_PREFIX=/home/nazia/ros2_ws3/install/my_robot_bringup
[2.030s] DEBUG:colcon.colcon_core.event_handler.log_command:Invoked command in '/home/nazia/ros2_ws3/build/my_robot_bringup' returned '0': CMAKE_PREFIX_PATH=/home/nazia/ros2_ws3/install/my_robot2_description:/home/nazia/ros2_ws3/src/install/my_robot_bringup:/home/nazia/ros2_ws3/src/install/my_robot2_description:/opt/ros/humble /usr/bin/cmake /home/nazia/ros2_ws3/src/my_robot_bringup -DAMENT_CMAKE_SYMLINK_INSTALL=1 -DCMAKE_INSTALL_PREFIX=/home/nazia/ros2_ws3/install/my_robot_bringup
[2.031s] DEBUG:colcon.colcon_core.event_handler.log_command:Invoking command in '/home/nazia/ros2_ws3/build/my_robot_bringup': CMAKE_PREFIX_PATH=/home/nazia/ros2_ws3/install/my_robot2_description:/home/nazia/ros2_ws3/src/install/my_robot_bringup:/home/nazia/ros2_ws3/src/install/my_robot2_description:/opt/ros/humble /usr/bin/cmake --build /home/nazia/ros2_ws3/build/my_robot_bringup -- -j2 -l2
[2.078s] DEBUG:colcon.colcon_core.event_handler.log_command:Invoked command in '/home/nazia/ros2_ws3/build/my_robot_bringup' returned '0': CMAKE_PREFIX_PATH=/home/nazia/ros2_ws3/install/my_robot2_description:/home/nazia/ros2_ws3/src/install/my_robot_bringup:/home/nazia/ros2_ws3/src/install/my_robot2_description:/opt/ros/humble /usr/bin/cmake --build /home/nazia/ros2_ws3/build/my_robot_bringup -- -j2 -l2
[2.115s] DEBUG:colcon.colcon_core.event_handler.log_command:Invoking command in '/home/nazia/ros2_ws3/build/my_robot_bringup': CMAKE_PREFIX_PATH=/home/nazia/ros2_ws3/install/my_robot2_description:/home/nazia/ros2_ws3/src/install/my_robot_bringup:/home/nazia/ros2_ws3/src/install/my_robot2_description:/opt/ros/humble /usr/bin/cmake --install /home/nazia/ros2_ws3/build/my_robot_bringup
[2.137s] DEBUG:colcon.colcon_core.event_handler.log_command:Invoked command in '/home/nazia/ros2_ws3/build/my_robot_bringup' returned '1': CMAKE_PREFIX_PATH=/home/nazia/ros2_ws3/install/my_robot2_description:/home/nazia/ros2_ws3/src/install/my_robot_bringup:/home/nazia/ros2_ws3/src/install/my_robot2_description:/opt/ros/humble /usr/bin/cmake --install /home/nazia/ros2_ws3/build/my_robot_bringup
[2.174s] Level 1:colcon.colcon_core.environment:create_environment_scripts_only(my_robot_bringup)
[2.174s] Level 1:colcon.colcon_core.environment:checking '/home/nazia/ros2_ws3/install/my_robot_bringup' for CMake module files
[2.174s] Level 1:colcon.colcon_core.environment:checking '/home/nazia/ros2_ws3/install/my_robot_bringup' for CMake config files
[2.174s] Level 1:colcon.colcon_core.environment:checking '/home/nazia/ros2_ws3/install/my_robot_bringup/bin'
[2.175s] Level 1:colcon.colcon_core.environment:checking '/home/nazia/ros2_ws3/install/my_robot_bringup/lib/pkgconfig/my_robot_bringup.pc'
[2.175s] Level 1:colcon.colcon_core.environment:checking '/home/nazia/ros2_ws3/install/my_robot_bringup/lib/python3.10/site-packages'
[2.175s] Level 1:colcon.colcon_core.environment:checking '/home/nazia/ros2_ws3/install/my_robot_bringup/bin'
[2.175s] INFO:colcon.colcon_core.shell:Creating package script '/home/nazia/ros2_ws3/install/my_robot_bringup/share/my_robot_bringup/package.ps1'
[2.176s] INFO:colcon.colcon_core.shell:Creating package descriptor '/home/nazia/ros2_ws3/install/my_robot_bringup/share/my_robot_bringup/package.dsv'
[2.176s] INFO:colcon.colcon_core.shell:Creating package script '/home/nazia/ros2_ws3/install/my_robot_bringup/share/my_robot_bringup/package.sh'
[2.176s] INFO:colcon.colcon_core.shell:Creating package script '/home/nazia/ros2_ws3/install/my_robot_bringup/share/my_robot_bringup/package.bash'
[2.177s] INFO:colcon.colcon_core.shell:Creating package script '/home/nazia/ros2_ws3/install/my_robot_bringup/share/my_robot_bringup/package.zsh'
[2.177s] Level 1:colcon.colcon_core.environment:create_file_with_runtime_dependencies(/home/nazia/ros2_ws3/install/my_robot_bringup/share/colcon-core/packages/my_robot_bringup)
[2.188s] DEBUG:colcon.colcon_parallel_executor.executor.parallel:closing loop
[2.188s] DEBUG:colcon.colcon_parallel_executor.executor.parallel:loop closed
[2.188s] DEBUG:colcon.colcon_parallel_executor.executor.parallel:run_until_complete finished with '1'
[2.188s] DEBUG:colcon.colcon_core.event_reactor:joining thread
[2.198s] INFO:colcon.colcon_core.plugin_system:Skipping extension 'colcon_notification.desktop_notification.terminal_notifier': Not used on non-Darwin systems
[2.198s] INFO:colcon.colcon_core.plugin_system:Skipping extension 'colcon_notification.desktop_notification.win32': Not used on non-Windows systems
[2.198s] INFO:colcon.colcon_notification.desktop_notification:Sending desktop notification using 'notify2'
[2.264s] DEBUG:colcon.colcon_core.event_reactor:joined thread
[2.265s] INFO:colcon.colcon_core.shell:Creating prefix script '/home/nazia/ros2_ws3/install/local_setup.ps1'
[2.266s] INFO:colcon.colcon_core.shell:Creating prefix util module '/home/nazia/ros2_ws3/install/_local_setup_util_ps1.py'
[2.269s] INFO:colcon.colcon_core.shell:Creating prefix chain script '/home/nazia/ros2_ws3/install/setup.ps1'
[2.271s] INFO:colcon.colcon_core.shell:Creating prefix script '/home/nazia/ros2_ws3/install/local_setup.sh'
[2.272s] INFO:colcon.colcon_core.shell:Creating prefix util module '/home/nazia/ros2_ws3/install/_local_setup_util_sh.py'
[2.273s] INFO:colcon.colcon_core.shell:Creating prefix chain script '/home/nazia/ros2_ws3/install/setup.sh'
[2.276s] INFO:colcon.colcon_core.shell:Creating prefix script '/home/nazia/ros2_ws3/install/local_setup.bash'
[2.277s] INFO:colcon.colcon_core.shell:Creating prefix chain script '/home/nazia/ros2_ws3/install/setup.bash'
[2.280s] INFO:colcon.colcon_core.shell:Creating prefix script '/home/nazia/ros2_ws3/install/local_setup.zsh'
[2.281s] INFO:colcon.colcon_core.shell:Creating prefix chain script '/home/nazia/ros2_ws3/install/setup.zsh'
