[0.045s] Invoking command in '/home/nazia/ros2_ws3/build/my_robot_bringup': CMAKE_PREFIX_PATH=/home/nazia/ros2_ws3/install/my_robot2_description:/home/nazia/ros2_ws3/install/my_robot_bringup2:/home/nazia/ros2_ws3/install/my_robot_bringup:/home/nazia/ros2_ws3/src/install/my_robot_bringup2:/home/nazia/ros2_ws3/src/install/my_robot_bringup:/home/nazia/ros2_ws3/src/install/my_robot2_description:/opt/ros/humble /usr/bin/cmake --build /home/nazia/ros2_ws3/build/my_robot_bringup -- -j2 -l2
[0.182s] Invoked command in '/home/nazia/ros2_ws3/build/my_robot_bringup' returned '0': CMAKE_PREFIX_PATH=/home/nazia/ros2_ws3/install/my_robot2_description:/home/nazia/ros2_ws3/install/my_robot_bringup2:/home/nazia/ros2_ws3/install/my_robot_bringup:/home/nazia/ros2_ws3/src/install/my_robot_bringup2:/home/nazia/ros2_ws3/src/install/my_robot_bringup:/home/nazia/ros2_ws3/src/install/my_robot2_description:/opt/ros/humble /usr/bin/cmake --build /home/nazia/ros2_ws3/build/my_robot_bringup -- -j2 -l2
[0.316s] Invoking command in '/home/nazia/ros2_ws3/build/my_robot_bringup': CMAKE_PREFIX_PATH=/home/nazia/ros2_ws3/install/my_robot2_description:/home/nazia/ros2_ws3/install/my_robot_bringup2:/home/nazia/ros2_ws3/install/my_robot_bringup:/home/nazia/ros2_ws3/src/install/my_robot_bringup2:/home/nazia/ros2_ws3/src/install/my_robot_bringup:/home/nazia/ros2_ws3/src/install/my_robot2_description:/opt/ros/humble /usr/bin/cmake --install /home/nazia/ros2_ws3/build/my_robot_bringup
[0.342s] -- Install configuration: ""
[0.344s] -- Execute custom install script
[0.345s] -- Up-to-date symlink: /home/nazia/ros2_ws3/install/my_robot_bringup/share/my_robot_bringup//launch/my_robot_gazebo.launch.xml
[0.349s] -- Up-to-date symlink: /home/nazia/ros2_ws3/install/my_robot_bringup/share/my_robot_bringup//rviz/urdf_config3.rviz
[0.349s] -- Up-to-date symlink: /home/nazia/ros2_ws3/install/my_robot_bringup/share/my_robot_bringup//worlds/test_world.world
[0.349s] -- Up-to-date symlink: /home/nazia/ros2_ws3/install/my_robot_bringup/share/ament_index/resource_index/package_run_dependencies/my_robot_bringup
[0.351s] -- Up-to-date symlink: /home/nazia/ros2_ws3/install/my_robot_bringup/share/ament_index/resource_index/parent_prefix_path/my_robot_bringup
[0.351s] -- Up-to-date symlink: /home/nazia/ros2_ws3/install/my_robot_bringup/share/my_robot_bringup/environment/ament_prefix_path.sh
[0.351s] -- Up-to-date symlink: /home/nazia/ros2_ws3/install/my_robot_bringup/share/my_robot_bringup/environment/ament_prefix_path.dsv
[0.352s] -- Up-to-date symlink: /home/nazia/ros2_ws3/install/my_robot_bringup/share/my_robot_bringup/environment/path.sh
[0.353s] -- Up-to-date symlink: /home/nazia/ros2_ws3/install/my_robot_bringup/share/my_robot_bringup/environment/path.dsv
[0.354s] -- Up-to-date symlink: /home/nazia/ros2_ws3/install/my_robot_bringup/share/my_robot_bringup/local_setup.bash
[0.355s] -- Up-to-date symlink: /home/nazia/ros2_ws3/install/my_robot_bringup/share/my_robot_bringup/local_setup.sh
[0.358s] -- Up-to-date symlink: /home/nazia/ros2_ws3/install/my_robot_bringup/share/my_robot_bringup/local_setup.zsh
[0.359s] -- Up-to-date symlink: /home/nazia/ros2_ws3/install/my_robot_bringup/share/my_robot_bringup/local_setup.dsv
[0.363s] -- Symlinking: /home/nazia/ros2_ws3/install/my_robot_bringup/share/my_robot_bringup/package.dsv
[0.394s] -- Up-to-date symlink: /home/nazia/ros2_ws3/install/my_robot_bringup/share/ament_index/resource_index/packages/my_robot_bringup
[0.398s] -- Up-to-date symlink: /home/nazia/ros2_ws3/install/my_robot_bringup/share/my_robot_bringup/cmake/my_robot_bringupConfig.cmake
[0.399s] -- Up-to-date symlink: /home/nazia/ros2_ws3/install/my_robot_bringup/share/my_robot_bringup/cmake/my_robot_bringupConfig-version.cmake
[0.400s] -- Up-to-date symlink: /home/nazia/ros2_ws3/install/my_robot_bringup/share/my_robot_bringup/package.xml
[0.403s] Invoked command in '/home/nazia/ros2_ws3/build/my_robot_bringup' returned '0': CMAKE_PREFIX_PATH=/home/nazia/ros2_ws3/install/my_robot2_description:/home/nazia/ros2_ws3/install/my_robot_bringup2:/home/nazia/ros2_ws3/install/my_robot_bringup:/home/nazia/ros2_ws3/src/install/my_robot_bringup2:/home/nazia/ros2_ws3/src/install/my_robot_bringup:/home/nazia/ros2_ws3/src/install/my_robot2_description:/opt/ros/humble /usr/bin/cmake --install /home/nazia/ros2_ws3/build/my_robot_bringup
