[0.603s] DEBUG:colcon:Command line arguments: ['/usr/bin/colcon', 'build']
[0.604s] DEBUG:colcon:Parsed command line arguments: Namespace(log_base=None, log_level=None, verb_name='build', build_base='build', install_base='install', merge_install=False, symlink_install=False, test_result_base=None, continue_on_error=False, executor='parallel', parallel_workers=2, event_handlers=None, ignore_user_meta=False, metas=['./colcon.meta'], base_paths=['.'], packages_ignore=None, packages_ignore_regex=None, paths=None, packages_up_to=None, packages_up_to_regex=None, packages_above=None, packages_above_and_dependencies=None, packages_above_depth=None, packages_select_by_dep=None, packages_skip_by_dep=None, packages_skip_up_to=None, packages_select_build_failed=False, packages_skip_build_finished=False, packages_select_test_failures=False, packages_skip_test_passed=False, packages_select=None, packages_skip=None, packages_select_regex=None, packages_skip_regex=None, packages_start=None, packages_end=None, allow_overriding=[], cmake_args=None, cmake_target=None, cmake_target_skip_unavailable=False, cmake_clean_cache=False, cmake_clean_first=False, cmake_force_configure=False, ament_cmake_args=None, catkin_cmake_args=None, catkin_skip_building_tests=False, verb_parser=<colcon_defaults.argument_parser.defaults.DefaultArgumentsDecorator object at 0x7620d1183bb0>, verb_extension=<colcon_core.verb.build.BuildVerb object at 0x7620d1325630>, main=<bound method BuildVerb.main of <colcon_core.verb.build.BuildVerb object at 0x7620d1325630>>)
[1.428s] Level 1:colcon.colcon_core.package_discovery:discover_packages(colcon_meta) check parameters
[1.428s] Level 1:colcon.colcon_core.package_discovery:discover_packages(recursive) check parameters
[1.429s] Level 1:colcon.colcon_core.package_discovery:discover_packages(ignore) check parameters
[1.429s] Level 1:colcon.colcon_core.package_discovery:discover_packages(path) check parameters
[1.429s] Level 1:colcon.colcon_core.package_discovery:discover_packages(colcon_meta) discover
[1.429s] Level 1:colcon.colcon_core.package_discovery:discover_packages(recursive) discover
[1.429s] INFO:colcon.colcon_core.package_discovery:Crawling recursively for packages in '/home/nazia/ros2_ws3'
[1.429s] Level 1:colcon.colcon_core.package_identification:_identify(.) by extensions ['ignore', 'ignore_ament_install']
[1.430s] Level 1:colcon.colcon_core.package_identification:_identify(.) by extension 'ignore'
[1.430s] Level 1:colcon.colcon_core.package_identification:_identify(.) by extension 'ignore_ament_install'
[1.430s] Level 1:colcon.colcon_core.package_identification:_identify(.) by extensions ['colcon_pkg']
[1.430s] Level 1:colcon.colcon_core.package_identification:_identify(.) by extension 'colcon_pkg'
[1.430s] Level 1:colcon.colcon_core.package_identification:_identify(.) by extensions ['colcon_meta']
[1.430s] Level 1:colcon.colcon_core.package_identification:_identify(.) by extension 'colcon_meta'
[1.430s] Level 1:colcon.colcon_core.package_identification:_identify(.) by extensions ['ros']
[1.430s] Level 1:colcon.colcon_core.package_identification:_identify(.) by extension 'ros'
[1.469s] Level 1:colcon.colcon_core.package_identification:_identify(.) by extensions ['cmake', 'python']
[1.469s] Level 1:colcon.colcon_core.package_identification:_identify(.) by extension 'cmake'
[1.469s] Level 1:colcon.colcon_core.package_identification:_identify(.) by extension 'python'
[1.469s] Level 1:colcon.colcon_core.package_identification:_identify(.) by extensions ['python_setup_py']
[1.469s] Level 1:colcon.colcon_core.package_identification:_identify(.) by extension 'python_setup_py'
[1.470s] Level 1:colcon.colcon_core.package_identification:_identify(build) by extensions ['ignore', 'ignore_ament_install']
[1.470s] Level 1:colcon.colcon_core.package_identification:_identify(build) by extension 'ignore'
[1.470s] Level 1:colcon.colcon_core.package_identification:_identify(build) ignored
[1.471s] Level 1:colcon.colcon_core.package_identification:_identify(install) by extensions ['ignore', 'ignore_ament_install']
[1.472s] Level 1:colcon.colcon_core.package_identification:_identify(install) by extension 'ignore'
[1.472s] Level 1:colcon.colcon_core.package_identification:_identify(install) ignored
[1.472s] Level 1:colcon.colcon_core.package_identification:_identify(log) by extensions ['ignore', 'ignore_ament_install']
[1.472s] Level 1:colcon.colcon_core.package_identification:_identify(log) by extension 'ignore'
[1.472s] Level 1:colcon.colcon_core.package_identification:_identify(log) ignored
[1.473s] Level 1:colcon.colcon_core.package_identification:_identify(src) by extensions ['ignore', 'ignore_ament_install']
[1.473s] Level 1:colcon.colcon_core.package_identification:_identify(src) by extension 'ignore'
[1.473s] Level 1:colcon.colcon_core.package_identification:_identify(src) by extension 'ignore_ament_install'
[1.473s] Level 1:colcon.colcon_core.package_identification:_identify(src) by extensions ['colcon_pkg']
[1.473s] Level 1:colcon.colcon_core.package_identification:_identify(src) by extension 'colcon_pkg'
[1.474s] Level 1:colcon.colcon_core.package_identification:_identify(src) by extensions ['colcon_meta']
[1.474s] Level 1:colcon.colcon_core.package_identification:_identify(src) by extension 'colcon_meta'
[1.474s] Level 1:colcon.colcon_core.package_identification:_identify(src) by extensions ['ros']
[1.474s] Level 1:colcon.colcon_core.package_identification:_identify(src) by extension 'ros'
[1.474s] Level 1:colcon.colcon_core.package_identification:_identify(src) by extensions ['cmake', 'python']
[1.474s] Level 1:colcon.colcon_core.package_identification:_identify(src) by extension 'cmake'
[1.474s] Level 1:colcon.colcon_core.package_identification:_identify(src) by extension 'python'
[1.474s] Level 1:colcon.colcon_core.package_identification:_identify(src) by extensions ['python_setup_py']
[1.475s] Level 1:colcon.colcon_core.package_identification:_identify(src) by extension 'python_setup_py'
[1.476s] Level 1:colcon.colcon_core.package_identification:_identify(src/build) by extensions ['ignore', 'ignore_ament_install']
[1.476s] Level 1:colcon.colcon_core.package_identification:_identify(src/build) by extension 'ignore'
[1.476s] Level 1:colcon.colcon_core.package_identification:_identify(src/build) ignored
[1.477s] Level 1:colcon.colcon_core.package_identification:_identify(src/install) by extensions ['ignore', 'ignore_ament_install']
[1.478s] Level 1:colcon.colcon_core.package_identification:_identify(src/install) by extension 'ignore'
[1.478s] Level 1:colcon.colcon_core.package_identification:_identify(src/install) ignored
[1.479s] Level 1:colcon.colcon_core.package_identification:_identify(src/log) by extensions ['ignore', 'ignore_ament_install']
[1.480s] Level 1:colcon.colcon_core.package_identification:_identify(src/log) by extension 'ignore'
[1.480s] Level 1:colcon.colcon_core.package_identification:_identify(src/log) ignored
[1.481s] Level 1:colcon.colcon_core.package_identification:_identify(src/my_robot2_description) by extensions ['ignore', 'ignore_ament_install']
[1.481s] Level 1:colcon.colcon_core.package_identification:_identify(src/my_robot2_description) by extension 'ignore'
[1.481s] Level 1:colcon.colcon_core.package_identification:_identify(src/my_robot2_description) by extension 'ignore_ament_install'
[1.482s] Level 1:colcon.colcon_core.package_identification:_identify(src/my_robot2_description) by extensions ['colcon_pkg']
[1.482s] Level 1:colcon.colcon_core.package_identification:_identify(src/my_robot2_description) by extension 'colcon_pkg'
[1.482s] Level 1:colcon.colcon_core.package_identification:_identify(src/my_robot2_description) by extensions ['colcon_meta']
[1.482s] Level 1:colcon.colcon_core.package_identification:_identify(src/my_robot2_description) by extension 'colcon_meta'
[1.482s] Level 1:colcon.colcon_core.package_identification:_identify(src/my_robot2_description) by extensions ['ros']
[1.482s] Level 1:colcon.colcon_core.package_identification:_identify(src/my_robot2_description) by extension 'ros'
[1.491s] DEBUG:colcon.colcon_core.package_identification:Package 'src/my_robot2_description' with type 'ros.ament_cmake' and name 'my_robot2_description'
[1.493s] Level 1:colcon.colcon_core.package_identification:_identify(src/my_robot_bringup) by extensions ['ignore', 'ignore_ament_install']
[1.493s] Level 1:colcon.colcon_core.package_identification:_identify(src/my_robot_bringup) by extension 'ignore'
[1.493s] Level 1:colcon.colcon_core.package_identification:_identify(src/my_robot_bringup) by extension 'ignore_ament_install'
[1.493s] Level 1:colcon.colcon_core.package_identification:_identify(src/my_robot_bringup) by extensions ['colcon_pkg']
[1.493s] Level 1:colcon.colcon_core.package_identification:_identify(src/my_robot_bringup) by extension 'colcon_pkg'
[1.493s] Level 1:colcon.colcon_core.package_identification:_identify(src/my_robot_bringup) by extensions ['colcon_meta']
[1.494s] Level 1:colcon.colcon_core.package_identification:_identify(src/my_robot_bringup) by extension 'colcon_meta'
[1.494s] Level 1:colcon.colcon_core.package_identification:_identify(src/my_robot_bringup) by extensions ['ros']
[1.494s] Level 1:colcon.colcon_core.package_identification:_identify(src/my_robot_bringup) by extension 'ros'
[1.496s] DEBUG:colcon.colcon_core.package_identification:Package 'src/my_robot_bringup' with type 'ros.ament_cmake' and name 'my_robot_bringup'
[1.497s] Level 1:colcon.colcon_core.package_identification:_identify(src/my_robot_bringup2) by extensions ['ignore', 'ignore_ament_install']
[1.498s] Level 1:colcon.colcon_core.package_identification:_identify(src/my_robot_bringup2) by extension 'ignore'
[1.498s] Level 1:colcon.colcon_core.package_identification:_identify(src/my_robot_bringup2) by extension 'ignore_ament_install'
[1.498s] Level 1:colcon.colcon_core.package_identification:_identify(src/my_robot_bringup2) by extensions ['colcon_pkg']
[1.498s] Level 1:colcon.colcon_core.package_identification:_identify(src/my_robot_bringup2) by extension 'colcon_pkg'
[1.498s] Level 1:colcon.colcon_core.package_identification:_identify(src/my_robot_bringup2) by extensions ['colcon_meta']
[1.498s] Level 1:colcon.colcon_core.package_identification:_identify(src/my_robot_bringup2) by extension 'colcon_meta'
[1.498s] Level 1:colcon.colcon_core.package_identification:_identify(src/my_robot_bringup2) by extensions ['ros']
[1.498s] Level 1:colcon.colcon_core.package_identification:_identify(src/my_robot_bringup2) by extension 'ros'
[1.501s] DEBUG:colcon.colcon_core.package_identification:Package 'src/my_robot_bringup2' with type 'ros.ament_cmake' and name 'my_robot_bringup2'
[1.501s] Level 1:colcon.colcon_core.package_discovery:discover_packages(recursive) using defaults
[1.501s] Level 1:colcon.colcon_core.package_discovery:discover_packages(ignore) discover
[1.501s] Level 1:colcon.colcon_core.package_discovery:discover_packages(ignore) using defaults
[1.501s] Level 1:colcon.colcon_core.package_discovery:discover_packages(path) discover
[1.501s] Level 1:colcon.colcon_core.package_discovery:discover_packages(path) using defaults
[1.573s] Level 1:colcon.colcon_core.package_discovery:discover_packages(prefix_path) check parameters
[1.573s] Level 1:colcon.colcon_core.package_discovery:discover_packages(prefix_path) discover
[1.582s] DEBUG:colcon.colcon_installed_package_information.package_discovery:Found 3 installed packages in /home/nazia/ros2_ws3/install
[1.585s] DEBUG:colcon.colcon_installed_package_information.package_discovery:Found 3 installed packages in /home/nazia/ros2_ws3/src/install
[1.592s] DEBUG:colcon.colcon_installed_package_information.package_discovery:Found 282 installed packages in /opt/ros/humble
[1.596s] Level 1:colcon.colcon_core.package_discovery:discover_packages(prefix_path) using defaults
[1.871s] Level 5:colcon.colcon_core.verb:set package 'my_robot2_description' build argument 'cmake_args' from command line to 'None'
[1.871s] Level 5:colcon.colcon_core.verb:set package 'my_robot2_description' build argument 'cmake_target' from command line to 'None'
[1.871s] Level 5:colcon.colcon_core.verb:set package 'my_robot2_description' build argument 'cmake_target_skip_unavailable' from command line to 'False'
[1.871s] Level 5:colcon.colcon_core.verb:set package 'my_robot2_description' build argument 'cmake_clean_cache' from command line to 'False'
[1.871s] Level 5:colcon.colcon_core.verb:set package 'my_robot2_description' build argument 'cmake_clean_first' from command line to 'False'
[1.871s] Level 5:colcon.colcon_core.verb:set package 'my_robot2_description' build argument 'cmake_force_configure' from command line to 'False'
[1.872s] Level 5:colcon.colcon_core.verb:set package 'my_robot2_description' build argument 'ament_cmake_args' from command line to 'None'
[1.872s] Level 5:colcon.colcon_core.verb:set package 'my_robot2_description' build argument 'catkin_cmake_args' from command line to 'None'
[1.872s] Level 5:colcon.colcon_core.verb:set package 'my_robot2_description' build argument 'catkin_skip_building_tests' from command line to 'False'
[1.872s] DEBUG:colcon.colcon_core.verb:Building package 'my_robot2_description' with the following arguments: {'ament_cmake_args': None, 'build_base': '/home/nazia/ros2_ws3/build/my_robot2_description', 'catkin_cmake_args': None, 'catkin_skip_building_tests': False, 'cmake_args': None, 'cmake_clean_cache': False, 'cmake_clean_first': False, 'cmake_force_configure': False, 'cmake_target': None, 'cmake_target_skip_unavailable': False, 'install_base': '/home/nazia/ros2_ws3/install/my_robot2_description', 'merge_install': False, 'path': '/home/nazia/ros2_ws3/src/my_robot2_description', 'symlink_install': False, 'test_result_base': None}
[1.873s] Level 5:colcon.colcon_core.verb:set package 'my_robot_bringup2' build argument 'cmake_args' from command line to 'None'
[1.873s] Level 5:colcon.colcon_core.verb:set package 'my_robot_bringup2' build argument 'cmake_target' from command line to 'None'
[1.873s] Level 5:colcon.colcon_core.verb:set package 'my_robot_bringup2' build argument 'cmake_target_skip_unavailable' from command line to 'False'
[1.873s] Level 5:colcon.colcon_core.verb:set package 'my_robot_bringup2' build argument 'cmake_clean_cache' from command line to 'False'
[1.873s] Level 5:colcon.colcon_core.verb:set package 'my_robot_bringup2' build argument 'cmake_clean_first' from command line to 'False'
[1.873s] Level 5:colcon.colcon_core.verb:set package 'my_robot_bringup2' build argument 'cmake_force_configure' from command line to 'False'
[1.873s] Level 5:colcon.colcon_core.verb:set package 'my_robot_bringup2' build argument 'ament_cmake_args' from command line to 'None'
[1.873s] Level 5:colcon.colcon_core.verb:set package 'my_robot_bringup2' build argument 'catkin_cmake_args' from command line to 'None'
[1.873s] Level 5:colcon.colcon_core.verb:set package 'my_robot_bringup2' build argument 'catkin_skip_building_tests' from command line to 'False'
[1.873s] DEBUG:colcon.colcon_core.verb:Building package 'my_robot_bringup2' with the following arguments: {'ament_cmake_args': None, 'build_base': '/home/nazia/ros2_ws3/build/my_robot_bringup2', 'catkin_cmake_args': None, 'catkin_skip_building_tests': False, 'cmake_args': None, 'cmake_clean_cache': False, 'cmake_clean_first': False, 'cmake_force_configure': False, 'cmake_target': None, 'cmake_target_skip_unavailable': False, 'install_base': '/home/nazia/ros2_ws3/install/my_robot_bringup2', 'merge_install': False, 'path': '/home/nazia/ros2_ws3/src/my_robot_bringup2', 'symlink_install': False, 'test_result_base': None}
[1.874s] Level 5:colcon.colcon_core.verb:set package 'my_robot_bringup' build argument 'cmake_args' from command line to 'None'
[1.874s] Level 5:colcon.colcon_core.verb:set package 'my_robot_bringup' build argument 'cmake_target' from command line to 'None'
[1.874s] Level 5:colcon.colcon_core.verb:set package 'my_robot_bringup' build argument 'cmake_target_skip_unavailable' from command line to 'False'
[1.874s] Level 5:colcon.colcon_core.verb:set package 'my_robot_bringup' build argument 'cmake_clean_cache' from command line to 'False'
[1.874s] Level 5:colcon.colcon_core.verb:set package 'my_robot_bringup' build argument 'cmake_clean_first' from command line to 'False'
[1.875s] Level 5:colcon.colcon_core.verb:set package 'my_robot_bringup' build argument 'cmake_force_configure' from command line to 'False'
[1.875s] Level 5:colcon.colcon_core.verb:set package 'my_robot_bringup' build argument 'ament_cmake_args' from command line to 'None'
[1.875s] Level 5:colcon.colcon_core.verb:set package 'my_robot_bringup' build argument 'catkin_cmake_args' from command line to 'None'
[1.875s] Level 5:colcon.colcon_core.verb:set package 'my_robot_bringup' build argument 'catkin_skip_building_tests' from command line to 'False'
[1.875s] DEBUG:colcon.colcon_core.verb:Building package 'my_robot_bringup' with the following arguments: {'ament_cmake_args': None, 'build_base': '/home/nazia/ros2_ws3/build/my_robot_bringup', 'catkin_cmake_args': None, 'catkin_skip_building_tests': False, 'cmake_args': None, 'cmake_clean_cache': False, 'cmake_clean_first': False, 'cmake_force_configure': False, 'cmake_target': None, 'cmake_target_skip_unavailable': False, 'install_base': '/home/nazia/ros2_ws3/install/my_robot_bringup', 'merge_install': False, 'path': '/home/nazia/ros2_ws3/src/my_robot_bringup', 'symlink_install': False, 'test_result_base': None}
[1.875s] INFO:colcon.colcon_core.executor:Executing jobs using 'parallel' executor
[1.880s] DEBUG:colcon.colcon_parallel_executor.executor.parallel:run_until_complete
[1.880s] INFO:colcon.colcon_ros.task.ament_cmake.build:Building ROS package in '/home/nazia/ros2_ws3/src/my_robot2_description' with build type 'ament_cmake'
[1.881s] INFO:colcon.colcon_cmake.task.cmake.build:Building CMake package in '/home/nazia/ros2_ws3/src/my_robot2_description'
[1.889s] INFO:colcon.colcon_core.plugin_system:Skipping extension 'colcon_core.shell.bat': Not used on non-Windows systems
[1.890s] INFO:colcon.colcon_core.shell:Skip shell extension 'powershell' for command environment: Not usable outside of PowerShell
[1.890s] DEBUG:colcon.colcon_core.shell:Skip shell extension 'dsv' for command environment
[1.903s] INFO:colcon.colcon_ros.task.ament_cmake.build:Building ROS package in '/home/nazia/ros2_ws3/src/my_robot_bringup2' with build type 'ament_cmake'
[1.903s] INFO:colcon.colcon_cmake.task.cmake.build:Building CMake package in '/home/nazia/ros2_ws3/src/my_robot_bringup2'
[1.904s] INFO:colcon.colcon_core.shell:Skip shell extension 'powershell' for command environment: Not usable outside of PowerShell
[1.904s] DEBUG:colcon.colcon_core.shell:Skip shell extension 'dsv' for command environment
[1.960s] DEBUG:colcon.colcon_core.event_handler.log_command:Invoking command in '/home/nazia/ros2_ws3/build/my_robot2_description': CMAKE_PREFIX_PATH=${CMAKE_PREFIX_PATH}:/opt/ros/humble /usr/bin/cmake --build /home/nazia/ros2_ws3/build/my_robot2_description -- -j2 -l2
[1.991s] DEBUG:colcon.colcon_core.event_handler.log_command:Invoking command in '/home/nazia/ros2_ws3/build/my_robot_bringup2': CMAKE_PREFIX_PATH=${CMAKE_PREFIX_PATH}:/opt/ros/humble /usr/bin/cmake --build /home/nazia/ros2_ws3/build/my_robot_bringup2 -- -j2 -l2
[2.111s] DEBUG:colcon.colcon_core.event_handler.log_command:Invoked command in '/home/nazia/ros2_ws3/build/my_robot2_description' returned '0': CMAKE_PREFIX_PATH=${CMAKE_PREFIX_PATH}:/opt/ros/humble /usr/bin/cmake --build /home/nazia/ros2_ws3/build/my_robot2_description -- -j2 -l2
[2.175s] DEBUG:colcon.colcon_core.event_handler.log_command:Invoked command in '/home/nazia/ros2_ws3/build/my_robot_bringup2' returned '0': CMAKE_PREFIX_PATH=${CMAKE_PREFIX_PATH}:/opt/ros/humble /usr/bin/cmake --build /home/nazia/ros2_ws3/build/my_robot_bringup2 -- -j2 -l2
[2.224s] DEBUG:colcon.colcon_core.event_handler.log_command:Invoking command in '/home/nazia/ros2_ws3/build/my_robot2_description': CMAKE_PREFIX_PATH=${CMAKE_PREFIX_PATH}:/opt/ros/humble /usr/bin/cmake --install /home/nazia/ros2_ws3/build/my_robot2_description
[2.297s] DEBUG:colcon.colcon_core.event_handler.log_command:Invoking command in '/home/nazia/ros2_ws3/build/my_robot_bringup2': CMAKE_PREFIX_PATH=${CMAKE_PREFIX_PATH}:/opt/ros/humble /usr/bin/cmake --install /home/nazia/ros2_ws3/build/my_robot_bringup2
[2.347s] Level 1:colcon.colcon_core.environment:create_environment_scripts_only(my_robot2_description)
[2.352s] DEBUG:colcon.colcon_core.event_handler.log_command:Invoked command in '/home/nazia/ros2_ws3/build/my_robot2_description' returned '0': CMAKE_PREFIX_PATH=${CMAKE_PREFIX_PATH}:/opt/ros/humble /usr/bin/cmake --install /home/nazia/ros2_ws3/build/my_robot2_description
[2.365s] Level 1:colcon.colcon_core.environment:checking '/home/nazia/ros2_ws3/install/my_robot2_description' for CMake module files
[2.370s] Level 1:colcon.colcon_core.environment:checking '/home/nazia/ros2_ws3/install/my_robot2_description' for CMake config files
[2.372s] Level 1:colcon.colcon_core.shell:create_environment_hook('my_robot2_description', 'cmake_prefix_path')
[2.373s] INFO:colcon.colcon_core.shell:Creating environment hook '/home/nazia/ros2_ws3/install/my_robot2_description/share/my_robot2_description/hook/cmake_prefix_path.ps1'
[2.374s] INFO:colcon.colcon_core.shell:Creating environment descriptor '/home/nazia/ros2_ws3/install/my_robot2_description/share/my_robot2_description/hook/cmake_prefix_path.dsv'
[2.376s] INFO:colcon.colcon_core.shell:Creating environment hook '/home/nazia/ros2_ws3/install/my_robot2_description/share/my_robot2_description/hook/cmake_prefix_path.sh'
[2.378s] Level 1:colcon.colcon_core.environment:checking '/home/nazia/ros2_ws3/install/my_robot2_description/bin'
[2.379s] Level 1:colcon.colcon_core.environment:checking '/home/nazia/ros2_ws3/install/my_robot2_description/lib/pkgconfig/my_robot2_description.pc'
[2.380s] Level 1:colcon.colcon_core.environment:checking '/home/nazia/ros2_ws3/install/my_robot2_description/lib/python3.10/site-packages'
[2.381s] Level 1:colcon.colcon_core.environment:checking '/home/nazia/ros2_ws3/install/my_robot2_description/bin'
[2.382s] INFO:colcon.colcon_core.shell:Creating package script '/home/nazia/ros2_ws3/install/my_robot2_description/share/my_robot2_description/package.ps1'
[2.385s] INFO:colcon.colcon_core.shell:Creating package descriptor '/home/nazia/ros2_ws3/install/my_robot2_description/share/my_robot2_description/package.dsv'
[2.387s] INFO:colcon.colcon_core.shell:Creating package script '/home/nazia/ros2_ws3/install/my_robot2_description/share/my_robot2_description/package.sh'
[2.389s] INFO:colcon.colcon_core.shell:Creating package script '/home/nazia/ros2_ws3/install/my_robot2_description/share/my_robot2_description/package.bash'
[2.391s] INFO:colcon.colcon_core.shell:Creating package script '/home/nazia/ros2_ws3/install/my_robot2_description/share/my_robot2_description/package.zsh'
[2.393s] Level 1:colcon.colcon_core.environment:create_file_with_runtime_dependencies(/home/nazia/ros2_ws3/install/my_robot2_description/share/colcon-core/packages/my_robot2_description)
[2.411s] Level 1:colcon.colcon_core.environment:create_environment_scripts_only(my_robot_bringup2)
[2.412s] Level 1:colcon.colcon_core.environment:checking '/home/nazia/ros2_ws3/install/my_robot_bringup2' for CMake module files
[2.414s] DEBUG:colcon.colcon_core.event_handler.log_command:Invoked command in '/home/nazia/ros2_ws3/build/my_robot_bringup2' returned '0': CMAKE_PREFIX_PATH=${CMAKE_PREFIX_PATH}:/opt/ros/humble /usr/bin/cmake --install /home/nazia/ros2_ws3/build/my_robot_bringup2
[2.416s] Level 1:colcon.colcon_core.environment:checking '/home/nazia/ros2_ws3/install/my_robot_bringup2' for CMake config files
[2.419s] Level 1:colcon.colcon_core.shell:create_environment_hook('my_robot_bringup2', 'cmake_prefix_path')
[2.421s] INFO:colcon.colcon_core.shell:Creating environment hook '/home/nazia/ros2_ws3/install/my_robot_bringup2/share/my_robot_bringup2/hook/cmake_prefix_path.ps1'
[2.425s] INFO:colcon.colcon_core.shell:Creating environment descriptor '/home/nazia/ros2_ws3/install/my_robot_bringup2/share/my_robot_bringup2/hook/cmake_prefix_path.dsv'
[2.426s] INFO:colcon.colcon_core.shell:Creating environment hook '/home/nazia/ros2_ws3/install/my_robot_bringup2/share/my_robot_bringup2/hook/cmake_prefix_path.sh'
[2.431s] Level 1:colcon.colcon_core.environment:checking '/home/nazia/ros2_ws3/install/my_robot_bringup2/bin'
[2.433s] Level 1:colcon.colcon_core.environment:checking '/home/nazia/ros2_ws3/install/my_robot_bringup2/lib/pkgconfig/my_robot_bringup2.pc'
[2.435s] Level 1:colcon.colcon_core.environment:checking '/home/nazia/ros2_ws3/install/my_robot_bringup2/lib/python3.10/site-packages'
[2.436s] Level 1:colcon.colcon_core.environment:checking '/home/nazia/ros2_ws3/install/my_robot_bringup2/bin'
[2.438s] INFO:colcon.colcon_core.shell:Creating package script '/home/nazia/ros2_ws3/install/my_robot_bringup2/share/my_robot_bringup2/package.ps1'
[2.442s] INFO:colcon.colcon_core.shell:Creating package descriptor '/home/nazia/ros2_ws3/install/my_robot_bringup2/share/my_robot_bringup2/package.dsv'
[2.443s] INFO:colcon.colcon_core.shell:Creating package script '/home/nazia/ros2_ws3/install/my_robot_bringup2/share/my_robot_bringup2/package.sh'
[2.444s] INFO:colcon.colcon_core.shell:Creating package script '/home/nazia/ros2_ws3/install/my_robot_bringup2/share/my_robot_bringup2/package.bash'
[2.446s] INFO:colcon.colcon_core.shell:Creating package script '/home/nazia/ros2_ws3/install/my_robot_bringup2/share/my_robot_bringup2/package.zsh'
[2.447s] Level 1:colcon.colcon_core.environment:create_file_with_runtime_dependencies(/home/nazia/ros2_ws3/install/my_robot_bringup2/share/colcon-core/packages/my_robot_bringup2)
[2.552s] Level 1:colcon.colcon_core.environment:create_environment_scripts_only(my_robot_bringup2)
[2.554s] Level 1:colcon.colcon_core.environment:checking '/home/nazia/ros2_ws3/install/my_robot_bringup2' for CMake module files
[2.558s] Level 1:colcon.colcon_core.environment:checking '/home/nazia/ros2_ws3/install/my_robot_bringup2' for CMake config files
[2.560s] Level 1:colcon.colcon_core.shell:create_environment_hook('my_robot_bringup2', 'cmake_prefix_path')
[2.563s] INFO:colcon.colcon_core.shell:Creating environment hook '/home/nazia/ros2_ws3/install/my_robot_bringup2/share/my_robot_bringup2/hook/cmake_prefix_path.ps1'
[2.567s] INFO:colcon.colcon_core.shell:Creating environment descriptor '/home/nazia/ros2_ws3/install/my_robot_bringup2/share/my_robot_bringup2/hook/cmake_prefix_path.dsv'
[2.568s] INFO:colcon.colcon_core.shell:Creating environment hook '/home/nazia/ros2_ws3/install/my_robot_bringup2/share/my_robot_bringup2/hook/cmake_prefix_path.sh'
[2.570s] Level 1:colcon.colcon_core.environment:checking '/home/nazia/ros2_ws3/install/my_robot_bringup2/bin'
[2.570s] Level 1:colcon.colcon_core.environment:checking '/home/nazia/ros2_ws3/install/my_robot_bringup2/lib/pkgconfig/my_robot_bringup2.pc'
[2.571s] Level 1:colcon.colcon_core.environment:checking '/home/nazia/ros2_ws3/install/my_robot_bringup2/lib/python3.10/site-packages'
[2.572s] Level 1:colcon.colcon_core.environment:checking '/home/nazia/ros2_ws3/install/my_robot_bringup2/bin'
[2.574s] INFO:colcon.colcon_core.shell:Creating package script '/home/nazia/ros2_ws3/install/my_robot_bringup2/share/my_robot_bringup2/package.ps1'
[2.575s] INFO:colcon.colcon_core.shell:Creating package descriptor '/home/nazia/ros2_ws3/install/my_robot_bringup2/share/my_robot_bringup2/package.dsv'
[2.578s] INFO:colcon.colcon_core.shell:Creating package script '/home/nazia/ros2_ws3/install/my_robot_bringup2/share/my_robot_bringup2/package.sh'
[2.580s] INFO:colcon.colcon_core.shell:Creating package script '/home/nazia/ros2_ws3/install/my_robot_bringup2/share/my_robot_bringup2/package.bash'
[2.583s] INFO:colcon.colcon_core.shell:Creating package script '/home/nazia/ros2_ws3/install/my_robot_bringup2/share/my_robot_bringup2/package.zsh'
[2.585s] Level 1:colcon.colcon_core.environment:create_file_with_runtime_dependencies(/home/nazia/ros2_ws3/install/my_robot_bringup2/share/colcon-core/packages/my_robot_bringup2)
[2.594s] Level 1:colcon.colcon_core.environment:create_environment_scripts_only(my_robot2_description)
[2.594s] Level 1:colcon.colcon_core.environment:checking '/home/nazia/ros2_ws3/install/my_robot2_description' for CMake module files
[2.598s] Level 1:colcon.colcon_core.environment:checking '/home/nazia/ros2_ws3/install/my_robot2_description' for CMake config files
[2.603s] Level 1:colcon.colcon_core.shell:create_environment_hook('my_robot2_description', 'cmake_prefix_path')
[2.603s] INFO:colcon.colcon_core.shell:Creating environment hook '/home/nazia/ros2_ws3/install/my_robot2_description/share/my_robot2_description/hook/cmake_prefix_path.ps1'
[2.608s] INFO:colcon.colcon_core.shell:Creating environment descriptor '/home/nazia/ros2_ws3/install/my_robot2_description/share/my_robot2_description/hook/cmake_prefix_path.dsv'
[2.613s] INFO:colcon.colcon_core.shell:Creating environment hook '/home/nazia/ros2_ws3/install/my_robot2_description/share/my_robot2_description/hook/cmake_prefix_path.sh'
[2.616s] Level 1:colcon.colcon_core.environment:checking '/home/nazia/ros2_ws3/install/my_robot2_description/bin'
[2.617s] Level 1:colcon.colcon_core.environment:checking '/home/nazia/ros2_ws3/install/my_robot2_description/lib/pkgconfig/my_robot2_description.pc'
[2.617s] Level 1:colcon.colcon_core.environment:checking '/home/nazia/ros2_ws3/install/my_robot2_description/lib/python3.10/site-packages'
[2.618s] Level 1:colcon.colcon_core.environment:checking '/home/nazia/ros2_ws3/install/my_robot2_description/bin'
[2.619s] INFO:colcon.colcon_core.shell:Creating package script '/home/nazia/ros2_ws3/install/my_robot2_description/share/my_robot2_description/package.ps1'
[2.622s] INFO:colcon.colcon_core.shell:Creating package descriptor '/home/nazia/ros2_ws3/install/my_robot2_description/share/my_robot2_description/package.dsv'
[2.626s] INFO:colcon.colcon_core.shell:Creating package script '/home/nazia/ros2_ws3/install/my_robot2_description/share/my_robot2_description/package.sh'
[2.629s] INFO:colcon.colcon_core.shell:Creating package script '/home/nazia/ros2_ws3/install/my_robot2_description/share/my_robot2_description/package.bash'
[2.631s] INFO:colcon.colcon_core.shell:Creating package script '/home/nazia/ros2_ws3/install/my_robot2_description/share/my_robot2_description/package.zsh'
[2.633s] Level 1:colcon.colcon_core.environment:create_file_with_runtime_dependencies(/home/nazia/ros2_ws3/install/my_robot2_description/share/colcon-core/packages/my_robot2_description)
[2.634s] INFO:colcon.colcon_ros.task.ament_cmake.build:Building ROS package in '/home/nazia/ros2_ws3/src/my_robot_bringup' with build type 'ament_cmake'
[2.635s] INFO:colcon.colcon_cmake.task.cmake.build:Building CMake package in '/home/nazia/ros2_ws3/src/my_robot_bringup'
[2.635s] INFO:colcon.colcon_core.shell:Skip shell extension 'powershell' for command environment: Not usable outside of PowerShell
[2.636s] DEBUG:colcon.colcon_core.shell:Skip shell extension 'dsv' for command environment
[2.686s] DEBUG:colcon.colcon_core.event_handler.log_command:Invoking command in '/home/nazia/ros2_ws3/build/my_robot_bringup': CMAKE_PREFIX_PATH=/home/nazia/ros2_ws3/install/my_robot2_description:/home/nazia/ros2_ws3/install/my_robot_bringup2:/home/nazia/ros2_ws3/install/my_robot_bringup:/home/nazia/ros2_ws3/src/install/my_robot_bringup2:/home/nazia/ros2_ws3/src/install/my_robot_bringup:/home/nazia/ros2_ws3/src/install/my_robot2_description:/opt/ros/humble /usr/bin/cmake --build /home/nazia/ros2_ws3/build/my_robot_bringup -- -j2 -l2
[2.823s] DEBUG:colcon.colcon_core.event_handler.log_command:Invoked command in '/home/nazia/ros2_ws3/build/my_robot_bringup' returned '0': CMAKE_PREFIX_PATH=/home/nazia/ros2_ws3/install/my_robot2_description:/home/nazia/ros2_ws3/install/my_robot_bringup2:/home/nazia/ros2_ws3/install/my_robot_bringup:/home/nazia/ros2_ws3/src/install/my_robot_bringup2:/home/nazia/ros2_ws3/src/install/my_robot_bringup:/home/nazia/ros2_ws3/src/install/my_robot2_description:/opt/ros/humble /usr/bin/cmake --build /home/nazia/ros2_ws3/build/my_robot_bringup -- -j2 -l2
[2.956s] DEBUG:colcon.colcon_core.event_handler.log_command:Invoking command in '/home/nazia/ros2_ws3/build/my_robot_bringup': CMAKE_PREFIX_PATH=/home/nazia/ros2_ws3/install/my_robot2_description:/home/nazia/ros2_ws3/install/my_robot_bringup2:/home/nazia/ros2_ws3/install/my_robot_bringup:/home/nazia/ros2_ws3/src/install/my_robot_bringup2:/home/nazia/ros2_ws3/src/install/my_robot_bringup:/home/nazia/ros2_ws3/src/install/my_robot2_description:/opt/ros/humble /usr/bin/cmake --install /home/nazia/ros2_ws3/build/my_robot_bringup
[3.043s] Level 1:colcon.colcon_core.environment:create_environment_scripts_only(my_robot_bringup)
[3.043s] Level 1:colcon.colcon_core.environment:checking '/home/nazia/ros2_ws3/install/my_robot_bringup' for CMake module files
[3.044s] DEBUG:colcon.colcon_core.event_handler.log_command:Invoked command in '/home/nazia/ros2_ws3/build/my_robot_bringup' returned '0': CMAKE_PREFIX_PATH=/home/nazia/ros2_ws3/install/my_robot2_description:/home/nazia/ros2_ws3/install/my_robot_bringup2:/home/nazia/ros2_ws3/install/my_robot_bringup:/home/nazia/ros2_ws3/src/install/my_robot_bringup2:/home/nazia/ros2_ws3/src/install/my_robot_bringup:/home/nazia/ros2_ws3/src/install/my_robot2_description:/opt/ros/humble /usr/bin/cmake --install /home/nazia/ros2_ws3/build/my_robot_bringup
[3.046s] Level 1:colcon.colcon_core.environment:checking '/home/nazia/ros2_ws3/install/my_robot_bringup' for CMake config files
[3.048s] Level 1:colcon.colcon_core.shell:create_environment_hook('my_robot_bringup', 'cmake_prefix_path')
[3.048s] INFO:colcon.colcon_core.shell:Creating environment hook '/home/nazia/ros2_ws3/install/my_robot_bringup/share/my_robot_bringup/hook/cmake_prefix_path.ps1'
[3.050s] INFO:colcon.colcon_core.shell:Creating environment descriptor '/home/nazia/ros2_ws3/install/my_robot_bringup/share/my_robot_bringup/hook/cmake_prefix_path.dsv'
[3.051s] INFO:colcon.colcon_core.shell:Creating environment hook '/home/nazia/ros2_ws3/install/my_robot_bringup/share/my_robot_bringup/hook/cmake_prefix_path.sh'
[3.054s] Level 1:colcon.colcon_core.environment:checking '/home/nazia/ros2_ws3/install/my_robot_bringup/bin'
[3.054s] Level 1:colcon.colcon_core.environment:checking '/home/nazia/ros2_ws3/install/my_robot_bringup/lib/pkgconfig/my_robot_bringup.pc'
[3.055s] Level 1:colcon.colcon_core.environment:checking '/home/nazia/ros2_ws3/install/my_robot_bringup/lib/python3.10/site-packages'
[3.055s] Level 1:colcon.colcon_core.environment:checking '/home/nazia/ros2_ws3/install/my_robot_bringup/bin'
[3.056s] INFO:colcon.colcon_core.shell:Creating package script '/home/nazia/ros2_ws3/install/my_robot_bringup/share/my_robot_bringup/package.ps1'
[3.058s] INFO:colcon.colcon_core.shell:Creating package descriptor '/home/nazia/ros2_ws3/install/my_robot_bringup/share/my_robot_bringup/package.dsv'
[3.062s] INFO:colcon.colcon_core.shell:Creating package script '/home/nazia/ros2_ws3/install/my_robot_bringup/share/my_robot_bringup/package.sh'
[3.064s] INFO:colcon.colcon_core.shell:Creating package script '/home/nazia/ros2_ws3/install/my_robot_bringup/share/my_robot_bringup/package.bash'
[3.066s] INFO:colcon.colcon_core.shell:Creating package script '/home/nazia/ros2_ws3/install/my_robot_bringup/share/my_robot_bringup/package.zsh'
[3.068s] Level 1:colcon.colcon_core.environment:create_file_with_runtime_dependencies(/home/nazia/ros2_ws3/install/my_robot_bringup/share/colcon-core/packages/my_robot_bringup)
[3.180s] Level 1:colcon.colcon_core.environment:create_environment_scripts_only(my_robot_bringup)
[3.183s] Level 1:colcon.colcon_core.environment:checking '/home/nazia/ros2_ws3/install/my_robot_bringup' for CMake module files
[3.184s] Level 1:colcon.colcon_core.environment:checking '/home/nazia/ros2_ws3/install/my_robot_bringup' for CMake config files
[3.187s] Level 1:colcon.colcon_core.shell:create_environment_hook('my_robot_bringup', 'cmake_prefix_path')
[3.188s] INFO:colcon.colcon_core.shell:Creating environment hook '/home/nazia/ros2_ws3/install/my_robot_bringup/share/my_robot_bringup/hook/cmake_prefix_path.ps1'
[3.191s] INFO:colcon.colcon_core.shell:Creating environment descriptor '/home/nazia/ros2_ws3/install/my_robot_bringup/share/my_robot_bringup/hook/cmake_prefix_path.dsv'
[3.193s] INFO:colcon.colcon_core.shell:Creating environment hook '/home/nazia/ros2_ws3/install/my_robot_bringup/share/my_robot_bringup/hook/cmake_prefix_path.sh'
[3.195s] Level 1:colcon.colcon_core.environment:checking '/home/nazia/ros2_ws3/install/my_robot_bringup/bin'
[3.195s] Level 1:colcon.colcon_core.environment:checking '/home/nazia/ros2_ws3/install/my_robot_bringup/lib/pkgconfig/my_robot_bringup.pc'
[3.196s] Level 1:colcon.colcon_core.environment:checking '/home/nazia/ros2_ws3/install/my_robot_bringup/lib/python3.10/site-packages'
[3.196s] Level 1:colcon.colcon_core.environment:checking '/home/nazia/ros2_ws3/install/my_robot_bringup/bin'
[3.197s] INFO:colcon.colcon_core.shell:Creating package script '/home/nazia/ros2_ws3/install/my_robot_bringup/share/my_robot_bringup/package.ps1'
[3.199s] INFO:colcon.colcon_core.shell:Creating package descriptor '/home/nazia/ros2_ws3/install/my_robot_bringup/share/my_robot_bringup/package.dsv'
[3.201s] INFO:colcon.colcon_core.shell:Creating package script '/home/nazia/ros2_ws3/install/my_robot_bringup/share/my_robot_bringup/package.sh'
[3.203s] INFO:colcon.colcon_core.shell:Creating package script '/home/nazia/ros2_ws3/install/my_robot_bringup/share/my_robot_bringup/package.bash'
[3.205s] INFO:colcon.colcon_core.shell:Creating package script '/home/nazia/ros2_ws3/install/my_robot_bringup/share/my_robot_bringup/package.zsh'
[3.206s] Level 1:colcon.colcon_core.environment:create_file_with_runtime_dependencies(/home/nazia/ros2_ws3/install/my_robot_bringup/share/colcon-core/packages/my_robot_bringup)
[3.208s] DEBUG:colcon.colcon_parallel_executor.executor.parallel:closing loop
[3.208s] DEBUG:colcon.colcon_parallel_executor.executor.parallel:loop closed
[3.210s] DEBUG:colcon.colcon_parallel_executor.executor.parallel:run_until_complete finished with '0'
[3.210s] DEBUG:colcon.colcon_core.event_reactor:joining thread
[3.230s] INFO:colcon.colcon_core.plugin_system:Skipping extension 'colcon_notification.desktop_notification.terminal_notifier': Not used on non-Darwin systems
[3.230s] INFO:colcon.colcon_core.plugin_system:Skipping extension 'colcon_notification.desktop_notification.win32': Not used on non-Windows systems
[3.230s] INFO:colcon.colcon_notification.desktop_notification:Sending desktop notification using 'notify2'
[3.271s] DEBUG:colcon.colcon_core.event_reactor:joined thread
[3.272s] INFO:colcon.colcon_core.shell:Creating prefix script '/home/nazia/ros2_ws3/install/local_setup.ps1'
[3.277s] INFO:colcon.colcon_core.shell:Creating prefix util module '/home/nazia/ros2_ws3/install/_local_setup_util_ps1.py'
[3.283s] INFO:colcon.colcon_core.shell:Creating prefix chain script '/home/nazia/ros2_ws3/install/setup.ps1'
[3.287s] INFO:colcon.colcon_core.shell:Creating prefix script '/home/nazia/ros2_ws3/install/local_setup.sh'
[3.289s] INFO:colcon.colcon_core.shell:Creating prefix util module '/home/nazia/ros2_ws3/install/_local_setup_util_sh.py'
[3.290s] INFO:colcon.colcon_core.shell:Creating prefix chain script '/home/nazia/ros2_ws3/install/setup.sh'
[3.296s] INFO:colcon.colcon_core.shell:Creating prefix script '/home/nazia/ros2_ws3/install/local_setup.bash'
[3.298s] INFO:colcon.colcon_core.shell:Creating prefix chain script '/home/nazia/ros2_ws3/install/setup.bash'
[3.303s] INFO:colcon.colcon_core.shell:Creating prefix script '/home/nazia/ros2_ws3/install/local_setup.zsh'
[3.305s] INFO:colcon.colcon_core.shell:Creating prefix chain script '/home/nazia/ros2_ws3/install/setup.zsh'
