[0.334s] DEBUG:colcon:Command line arguments: ['/usr/bin/colcon', 'build']
[0.334s] DEBUG:colcon:Parsed command line arguments: Namespace(log_base=None, log_level=None, verb_name='build', build_base='build', install_base='install', merge_install=False, symlink_install=False, test_result_base=None, continue_on_error=False, executor='parallel', parallel_workers=2, event_handlers=None, ignore_user_meta=False, metas=['./colcon.meta'], base_paths=['.'], packages_ignore=None, packages_ignore_regex=None, paths=None, packages_up_to=None, packages_up_to_regex=None, packages_above=None, packages_above_and_dependencies=None, packages_above_depth=None, packages_select_by_dep=None, packages_skip_by_dep=None, packages_skip_up_to=None, packages_select_build_failed=False, packages_skip_build_finished=False, packages_select_test_failures=False, packages_skip_test_passed=False, packages_select=None, packages_skip=None, packages_select_regex=None, packages_skip_regex=None, packages_start=None, packages_end=None, allow_overriding=[], cmake_args=None, cmake_target=None, cmake_target_skip_unavailable=False, cmake_clean_cache=False, cmake_clean_first=False, cmake_force_configure=False, ament_cmake_args=None, catkin_cmake_args=None, catkin_skip_building_tests=False, verb_parser=<colcon_defaults.argument_parser.defaults.DefaultArgumentsDecorator object at 0x7840160fff40>, verb_extension=<colcon_core.verb.build.BuildVerb object at 0x7840160a9570>, main=<bound method BuildVerb.main of <colcon_core.verb.build.BuildVerb object at 0x7840160a9570>>)
[0.767s] Level 1:colcon.colcon_core.package_discovery:discover_packages(colcon_meta) check parameters
[0.767s] Level 1:colcon.colcon_core.package_discovery:discover_packages(recursive) check parameters
[0.767s] Level 1:colcon.colcon_core.package_discovery:discover_packages(ignore) check parameters
[0.767s] Level 1:colcon.colcon_core.package_discovery:discover_packages(path) check parameters
[0.767s] Level 1:colcon.colcon_core.package_discovery:discover_packages(colcon_meta) discover
[0.767s] Level 1:colcon.colcon_core.package_discovery:discover_packages(recursive) discover
[0.767s] INFO:colcon.colcon_core.package_discovery:Crawling recursively for packages in '/home/nazia/ros2_ws3'
[0.767s] Level 1:colcon.colcon_core.package_identification:_identify(.) by extensions ['ignore', 'ignore_ament_install']
[0.767s] Level 1:colcon.colcon_core.package_identification:_identify(.) by extension 'ignore'
[0.767s] Level 1:colcon.colcon_core.package_identification:_identify(.) by extension 'ignore_ament_install'
[0.768s] Level 1:colcon.colcon_core.package_identification:_identify(.) by extensions ['colcon_pkg']
[0.768s] Level 1:colcon.colcon_core.package_identification:_identify(.) by extension 'colcon_pkg'
[0.768s] Level 1:colcon.colcon_core.package_identification:_identify(.) by extensions ['colcon_meta']
[0.768s] Level 1:colcon.colcon_core.package_identification:_identify(.) by extension 'colcon_meta'
[0.768s] Level 1:colcon.colcon_core.package_identification:_identify(.) by extensions ['ros']
[0.768s] Level 1:colcon.colcon_core.package_identification:_identify(.) by extension 'ros'
[0.789s] Level 1:colcon.colcon_core.package_identification:_identify(.) by extensions ['cmake', 'python']
[0.791s] Level 1:colcon.colcon_core.package_identification:_identify(.) by extension 'cmake'
[0.791s] Level 1:colcon.colcon_core.package_identification:_identify(.) by extension 'python'
[0.792s] Level 1:colcon.colcon_core.package_identification:_identify(.) by extensions ['python_setup_py']
[0.792s] Level 1:colcon.colcon_core.package_identification:_identify(.) by extension 'python_setup_py'
[0.792s] Level 1:colcon.colcon_core.package_identification:_identify(build) by extensions ['ignore', 'ignore_ament_install']
[0.792s] Level 1:colcon.colcon_core.package_identification:_identify(build) by extension 'ignore'
[0.792s] Level 1:colcon.colcon_core.package_identification:_identify(build) ignored
[0.793s] Level 1:colcon.colcon_core.package_identification:_identify(install) by extensions ['ignore', 'ignore_ament_install']
[0.794s] Level 1:colcon.colcon_core.package_identification:_identify(install) by extension 'ignore'
[0.794s] Level 1:colcon.colcon_core.package_identification:_identify(install) ignored
[0.794s] Level 1:colcon.colcon_core.package_identification:_identify(log) by extensions ['ignore', 'ignore_ament_install']
[0.795s] Level 1:colcon.colcon_core.package_identification:_identify(log) by extension 'ignore'
[0.795s] Level 1:colcon.colcon_core.package_identification:_identify(log) ignored
[0.795s] Level 1:colcon.colcon_core.package_identification:_identify(src) by extensions ['ignore', 'ignore_ament_install']
[0.795s] Level 1:colcon.colcon_core.package_identification:_identify(src) by extension 'ignore'
[0.795s] Level 1:colcon.colcon_core.package_identification:_identify(src) by extension 'ignore_ament_install'
[0.796s] Level 1:colcon.colcon_core.package_identification:_identify(src) by extensions ['colcon_pkg']
[0.796s] Level 1:colcon.colcon_core.package_identification:_identify(src) by extension 'colcon_pkg'
[0.796s] Level 1:colcon.colcon_core.package_identification:_identify(src) by extensions ['colcon_meta']
[0.796s] Level 1:colcon.colcon_core.package_identification:_identify(src) by extension 'colcon_meta'
[0.796s] Level 1:colcon.colcon_core.package_identification:_identify(src) by extensions ['ros']
[0.796s] Level 1:colcon.colcon_core.package_identification:_identify(src) by extension 'ros'
[0.797s] Level 1:colcon.colcon_core.package_identification:_identify(src) by extensions ['cmake', 'python']
[0.797s] Level 1:colcon.colcon_core.package_identification:_identify(src) by extension 'cmake'
[0.797s] Level 1:colcon.colcon_core.package_identification:_identify(src) by extension 'python'
[0.797s] Level 1:colcon.colcon_core.package_identification:_identify(src) by extensions ['python_setup_py']
[0.797s] Level 1:colcon.colcon_core.package_identification:_identify(src) by extension 'python_setup_py'
[0.798s] Level 1:colcon.colcon_core.package_identification:_identify(src/build) by extensions ['ignore', 'ignore_ament_install']
[0.798s] Level 1:colcon.colcon_core.package_identification:_identify(src/build) by extension 'ignore'
[0.798s] Level 1:colcon.colcon_core.package_identification:_identify(src/build) ignored
[0.799s] Level 1:colcon.colcon_core.package_identification:_identify(src/install) by extensions ['ignore', 'ignore_ament_install']
[0.799s] Level 1:colcon.colcon_core.package_identification:_identify(src/install) by extension 'ignore'
[0.800s] Level 1:colcon.colcon_core.package_identification:_identify(src/install) ignored
[0.800s] Level 1:colcon.colcon_core.package_identification:_identify(src/log) by extensions ['ignore', 'ignore_ament_install']
[0.801s] Level 1:colcon.colcon_core.package_identification:_identify(src/log) by extension 'ignore'
[0.801s] Level 1:colcon.colcon_core.package_identification:_identify(src/log) ignored
[0.801s] Level 1:colcon.colcon_core.package_identification:_identify(src/my_robot2_description) by extensions ['ignore', 'ignore_ament_install']
[0.801s] Level 1:colcon.colcon_core.package_identification:_identify(src/my_robot2_description) by extension 'ignore'
[0.801s] Level 1:colcon.colcon_core.package_identification:_identify(src/my_robot2_description) by extension 'ignore_ament_install'
[0.801s] Level 1:colcon.colcon_core.package_identification:_identify(src/my_robot2_description) by extensions ['colcon_pkg']
[0.801s] Level 1:colcon.colcon_core.package_identification:_identify(src/my_robot2_description) by extension 'colcon_pkg'
[0.802s] Level 1:colcon.colcon_core.package_identification:_identify(src/my_robot2_description) by extensions ['colcon_meta']
[0.802s] Level 1:colcon.colcon_core.package_identification:_identify(src/my_robot2_description) by extension 'colcon_meta'
[0.802s] Level 1:colcon.colcon_core.package_identification:_identify(src/my_robot2_description) by extensions ['ros']
[0.802s] Level 1:colcon.colcon_core.package_identification:_identify(src/my_robot2_description) by extension 'ros'
[0.808s] DEBUG:colcon.colcon_core.package_identification:Package 'src/my_robot2_description' with type 'ros.ament_cmake' and name 'my_robot2_description'
[0.808s] Level 1:colcon.colcon_core.package_discovery:discover_packages(recursive) using defaults
[0.810s] Level 1:colcon.colcon_core.package_discovery:discover_packages(ignore) discover
[0.810s] Level 1:colcon.colcon_core.package_discovery:discover_packages(ignore) using defaults
[0.810s] Level 1:colcon.colcon_core.package_discovery:discover_packages(path) discover
[0.810s] Level 1:colcon.colcon_core.package_discovery:discover_packages(path) using defaults
[0.860s] Level 1:colcon.colcon_core.package_discovery:discover_packages(prefix_path) check parameters
[0.860s] Level 1:colcon.colcon_core.package_discovery:discover_packages(prefix_path) discover
[0.870s] DEBUG:colcon.colcon_installed_package_information.package_discovery:Found 1 installed packages in /home/nazia/ros2_ws3/install
[0.872s] DEBUG:colcon.colcon_installed_package_information.package_discovery:Found 1 installed packages in /home/nazia/ros2_ws3/src/install
[0.874s] DEBUG:colcon.colcon_installed_package_information.package_discovery:Found 275 installed packages in /opt/ros/humble
[0.877s] Level 1:colcon.colcon_core.package_discovery:discover_packages(prefix_path) using defaults
[1.056s] Level 5:colcon.colcon_core.verb:set package 'my_robot2_description' build argument 'cmake_args' from command line to 'None'
[1.056s] Level 5:colcon.colcon_core.verb:set package 'my_robot2_description' build argument 'cmake_target' from command line to 'None'
[1.057s] Level 5:colcon.colcon_core.verb:set package 'my_robot2_description' build argument 'cmake_target_skip_unavailable' from command line to 'False'
[1.057s] Level 5:colcon.colcon_core.verb:set package 'my_robot2_description' build argument 'cmake_clean_cache' from command line to 'False'
[1.057s] Level 5:colcon.colcon_core.verb:set package 'my_robot2_description' build argument 'cmake_clean_first' from command line to 'False'
[1.057s] Level 5:colcon.colcon_core.verb:set package 'my_robot2_description' build argument 'cmake_force_configure' from command line to 'False'
[1.057s] Level 5:colcon.colcon_core.verb:set package 'my_robot2_description' build argument 'ament_cmake_args' from command line to 'None'
[1.057s] Level 5:colcon.colcon_core.verb:set package 'my_robot2_description' build argument 'catkin_cmake_args' from command line to 'None'
[1.057s] Level 5:colcon.colcon_core.verb:set package 'my_robot2_description' build argument 'catkin_skip_building_tests' from command line to 'False'
[1.057s] DEBUG:colcon.colcon_core.verb:Building package 'my_robot2_description' with the following arguments: {'ament_cmake_args': None, 'build_base': '/home/nazia/ros2_ws3/build/my_robot2_description', 'catkin_cmake_args': None, 'catkin_skip_building_tests': False, 'cmake_args': None, 'cmake_clean_cache': False, 'cmake_clean_first': False, 'cmake_force_configure': False, 'cmake_target': None, 'cmake_target_skip_unavailable': False, 'install_base': '/home/nazia/ros2_ws3/install/my_robot2_description', 'merge_install': False, 'path': '/home/nazia/ros2_ws3/src/my_robot2_description', 'symlink_install': False, 'test_result_base': None}
[1.057s] INFO:colcon.colcon_core.executor:Executing jobs using 'parallel' executor
[1.059s] DEBUG:colcon.colcon_parallel_executor.executor.parallel:run_until_complete
[1.059s] INFO:colcon.colcon_ros.task.ament_cmake.build:Building ROS package in '/home/nazia/ros2_ws3/src/my_robot2_description' with build type 'ament_cmake'
[1.060s] INFO:colcon.colcon_cmake.task.cmake.build:Building CMake package in '/home/nazia/ros2_ws3/src/my_robot2_description'
[1.069s] INFO:colcon.colcon_core.plugin_system:Skipping extension 'colcon_core.shell.bat': Not used on non-Windows systems
[1.069s] INFO:colcon.colcon_core.shell:Skip shell extension 'powershell' for command environment: Not usable outside of PowerShell
[1.069s] DEBUG:colcon.colcon_core.shell:Skip shell extension 'dsv' for command environment
[1.095s] DEBUG:colcon.colcon_core.event_handler.log_command:Invoking command in '/home/nazia/ros2_ws3/build/my_robot2_description': CMAKE_PREFIX_PATH=${CMAKE_PREFIX_PATH}:/opt/ros/humble /usr/bin/cmake --build /home/nazia/ros2_ws3/build/my_robot2_description -- -j2 -l2
[1.219s] DEBUG:colcon.colcon_core.event_handler.log_command:Invoked command in '/home/nazia/ros2_ws3/build/my_robot2_description' returned '0': CMAKE_PREFIX_PATH=${CMAKE_PREFIX_PATH}:/opt/ros/humble /usr/bin/cmake --build /home/nazia/ros2_ws3/build/my_robot2_description -- -j2 -l2
[1.304s] DEBUG:colcon.colcon_core.event_handler.log_command:Invoking command in '/home/nazia/ros2_ws3/build/my_robot2_description': CMAKE_PREFIX_PATH=${CMAKE_PREFIX_PATH}:/opt/ros/humble /usr/bin/cmake --install /home/nazia/ros2_ws3/build/my_robot2_description
[1.361s] Level 1:colcon.colcon_core.environment:create_environment_scripts_only(my_robot2_description)
[1.363s] DEBUG:colcon.colcon_core.event_handler.log_command:Invoked command in '/home/nazia/ros2_ws3/build/my_robot2_description' returned '0': CMAKE_PREFIX_PATH=${CMAKE_PREFIX_PATH}:/opt/ros/humble /usr/bin/cmake --install /home/nazia/ros2_ws3/build/my_robot2_description
[1.373s] Level 1:colcon.colcon_core.environment:checking '/home/nazia/ros2_ws3/install/my_robot2_description' for CMake module files
[1.374s] Level 1:colcon.colcon_core.environment:checking '/home/nazia/ros2_ws3/install/my_robot2_description' for CMake config files
[1.376s] Level 1:colcon.colcon_core.shell:create_environment_hook('my_robot2_description', 'cmake_prefix_path')
[1.376s] INFO:colcon.colcon_core.shell:Creating environment hook '/home/nazia/ros2_ws3/install/my_robot2_description/share/my_robot2_description/hook/cmake_prefix_path.ps1'
[1.378s] INFO:colcon.colcon_core.shell:Creating environment descriptor '/home/nazia/ros2_ws3/install/my_robot2_description/share/my_robot2_description/hook/cmake_prefix_path.dsv'
[1.380s] INFO:colcon.colcon_core.shell:Creating environment hook '/home/nazia/ros2_ws3/install/my_robot2_description/share/my_robot2_description/hook/cmake_prefix_path.sh'
[1.382s] Level 1:colcon.colcon_core.environment:checking '/home/nazia/ros2_ws3/install/my_robot2_description/bin'
[1.382s] Level 1:colcon.colcon_core.environment:checking '/home/nazia/ros2_ws3/install/my_robot2_description/lib/pkgconfig/my_robot2_description.pc'
[1.383s] Level 1:colcon.colcon_core.environment:checking '/home/nazia/ros2_ws3/install/my_robot2_description/lib/python3.10/site-packages'
[1.383s] Level 1:colcon.colcon_core.environment:checking '/home/nazia/ros2_ws3/install/my_robot2_description/bin'
[1.384s] INFO:colcon.colcon_core.shell:Creating package script '/home/nazia/ros2_ws3/install/my_robot2_description/share/my_robot2_description/package.ps1'
[1.386s] INFO:colcon.colcon_core.shell:Creating package descriptor '/home/nazia/ros2_ws3/install/my_robot2_description/share/my_robot2_description/package.dsv'
[1.388s] INFO:colcon.colcon_core.shell:Creating package script '/home/nazia/ros2_ws3/install/my_robot2_description/share/my_robot2_description/package.sh'
[1.389s] INFO:colcon.colcon_core.shell:Creating package script '/home/nazia/ros2_ws3/install/my_robot2_description/share/my_robot2_description/package.bash'
[1.391s] INFO:colcon.colcon_core.shell:Creating package script '/home/nazia/ros2_ws3/install/my_robot2_description/share/my_robot2_description/package.zsh'
[1.394s] Level 1:colcon.colcon_core.environment:create_file_with_runtime_dependencies(/home/nazia/ros2_ws3/install/my_robot2_description/share/colcon-core/packages/my_robot2_description)
[1.463s] Level 1:colcon.colcon_core.environment:create_environment_scripts_only(my_robot2_description)
[1.464s] Level 1:colcon.colcon_core.environment:checking '/home/nazia/ros2_ws3/install/my_robot2_description' for CMake module files
[1.465s] Level 1:colcon.colcon_core.environment:checking '/home/nazia/ros2_ws3/install/my_robot2_description' for CMake config files
[1.465s] Level 1:colcon.colcon_core.shell:create_environment_hook('my_robot2_description', 'cmake_prefix_path')
[1.466s] INFO:colcon.colcon_core.shell:Creating environment hook '/home/nazia/ros2_ws3/install/my_robot2_description/share/my_robot2_description/hook/cmake_prefix_path.ps1'
[1.467s] INFO:colcon.colcon_core.shell:Creating environment descriptor '/home/nazia/ros2_ws3/install/my_robot2_description/share/my_robot2_description/hook/cmake_prefix_path.dsv'
[1.468s] INFO:colcon.colcon_core.shell:Creating environment hook '/home/nazia/ros2_ws3/install/my_robot2_description/share/my_robot2_description/hook/cmake_prefix_path.sh'
[1.469s] Level 1:colcon.colcon_core.environment:checking '/home/nazia/ros2_ws3/install/my_robot2_description/bin'
[1.469s] Level 1:colcon.colcon_core.environment:checking '/home/nazia/ros2_ws3/install/my_robot2_description/lib/pkgconfig/my_robot2_description.pc'
[1.470s] Level 1:colcon.colcon_core.environment:checking '/home/nazia/ros2_ws3/install/my_robot2_description/lib/python3.10/site-packages'
[1.470s] Level 1:colcon.colcon_core.environment:checking '/home/nazia/ros2_ws3/install/my_robot2_description/bin'
[1.471s] INFO:colcon.colcon_core.shell:Creating package script '/home/nazia/ros2_ws3/install/my_robot2_description/share/my_robot2_description/package.ps1'
[1.472s] INFO:colcon.colcon_core.shell:Creating package descriptor '/home/nazia/ros2_ws3/install/my_robot2_description/share/my_robot2_description/package.dsv'
[1.473s] INFO:colcon.colcon_core.shell:Creating package script '/home/nazia/ros2_ws3/install/my_robot2_description/share/my_robot2_description/package.sh'
[1.474s] INFO:colcon.colcon_core.shell:Creating package script '/home/nazia/ros2_ws3/install/my_robot2_description/share/my_robot2_description/package.bash'
[1.475s] INFO:colcon.colcon_core.shell:Creating package script '/home/nazia/ros2_ws3/install/my_robot2_description/share/my_robot2_description/package.zsh'
[1.475s] Level 1:colcon.colcon_core.environment:create_file_with_runtime_dependencies(/home/nazia/ros2_ws3/install/my_robot2_description/share/colcon-core/packages/my_robot2_description)
[1.476s] DEBUG:colcon.colcon_parallel_executor.executor.parallel:closing loop
[1.476s] DEBUG:colcon.colcon_parallel_executor.executor.parallel:loop closed
[1.476s] DEBUG:colcon.colcon_parallel_executor.executor.parallel:run_until_complete finished with '0'
[1.476s] DEBUG:colcon.colcon_core.event_reactor:joining thread
[1.490s] INFO:colcon.colcon_core.plugin_system:Skipping extension 'colcon_notification.desktop_notification.terminal_notifier': Not used on non-Darwin systems
[1.490s] INFO:colcon.colcon_core.plugin_system:Skipping extension 'colcon_notification.desktop_notification.win32': Not used on non-Windows systems
[1.490s] INFO:colcon.colcon_notification.desktop_notification:Sending desktop notification using 'notify2'
[1.515s] DEBUG:colcon.colcon_core.event_reactor:joined thread
[1.516s] INFO:colcon.colcon_core.shell:Creating prefix script '/home/nazia/ros2_ws3/install/local_setup.ps1'
[1.520s] INFO:colcon.colcon_core.shell:Creating prefix util module '/home/nazia/ros2_ws3/install/_local_setup_util_ps1.py'
[1.524s] INFO:colcon.colcon_core.shell:Creating prefix chain script '/home/nazia/ros2_ws3/install/setup.ps1'
[1.528s] INFO:colcon.colcon_core.shell:Creating prefix script '/home/nazia/ros2_ws3/install/local_setup.sh'
[1.530s] INFO:colcon.colcon_core.shell:Creating prefix util module '/home/nazia/ros2_ws3/install/_local_setup_util_sh.py'
[1.531s] INFO:colcon.colcon_core.shell:Creating prefix chain script '/home/nazia/ros2_ws3/install/setup.sh'
[1.535s] INFO:colcon.colcon_core.shell:Creating prefix script '/home/nazia/ros2_ws3/install/local_setup.bash'
[1.537s] INFO:colcon.colcon_core.shell:Creating prefix chain script '/home/nazia/ros2_ws3/install/setup.bash'
[1.540s] INFO:colcon.colcon_core.shell:Creating prefix script '/home/nazia/ros2_ws3/install/local_setup.zsh'
[1.542s] INFO:colcon.colcon_core.shell:Creating prefix chain script '/home/nazia/ros2_ws3/install/setup.zsh'
