[0.053s] Invoking command in '/home/nazia/ros2_ws3/build/my_robot_bringup': CMAKE_PREFIX_PATH=/home/nazia/ros2_ws3/install/my_robot2_description:/home/nazia/ros2_ws3/install/my_robot_bringup2:/home/nazia/ros2_ws3/install/my_robot_bringup:/home/nazia/ros2_ws3/src/install/my_robot_bringup:/home/nazia/ros2_ws3/src/install/my_robot2_description:/opt/ros/humble /usr/bin/cmake --build /home/nazia/ros2_ws3/build/my_robot_bringup -- -j2 -l2
[0.143s] Invoked command in '/home/nazia/ros2_ws3/build/my_robot_bringup' returned '0': CMAKE_PREFIX_PATH=/home/nazia/ros2_ws3/install/my_robot2_description:/home/nazia/ros2_ws3/install/my_robot_bringup2:/home/nazia/ros2_ws3/install/my_robot_bringup:/home/nazia/ros2_ws3/src/install/my_robot_bringup:/home/nazia/ros2_ws3/src/install/my_robot2_description:/opt/ros/humble /usr/bin/cmake --build /home/nazia/ros2_ws3/build/my_robot_bringup -- -j2 -l2
[0.219s] Invoking command in '/home/nazia/ros2_ws3/build/my_robot_bringup': CMAKE_PREFIX_PATH=/home/nazia/ros2_ws3/install/my_robot2_description:/home/nazia/ros2_ws3/install/my_robot_bringup2:/home/nazia/ros2_ws3/install/my_robot_bringup:/home/nazia/ros2_ws3/src/install/my_robot_bringup:/home/nazia/ros2_ws3/src/install/my_robot2_description:/opt/ros/humble /usr/bin/cmake --install /home/nazia/ros2_ws3/build/my_robot_bringup
[0.238s] -- Install configuration: ""
[0.238s] -- Execute custom install script
[0.241s] -- Up-to-date symlink: /home/nazia/ros2_ws3/install/my_robot_bringup/share/my_robot_bringup//launch/my_robot_gazebo.launch.xml
[0.241s] -- Up-to-date symlink: /home/nazia/ros2_ws3/install/my_robot_bringup/share/my_robot_bringup//rviz/urdf_config3.rviz
[0.243s] -- Up-to-date symlink: /home/nazia/ros2_ws3/install/my_robot_bringup/share/ament_index/resource_index/package_run_dependencies/my_robot_bringup
[0.244s] -- Up-to-date symlink: /home/nazia/ros2_ws3/install/my_robot_bringup/share/ament_index/resource_index/parent_prefix_path/my_robot_bringup
[0.245s] -- Up-to-date symlink: /home/nazia/ros2_ws3/install/my_robot_bringup/share/my_robot_bringup/environment/ament_prefix_path.sh
[0.246s] -- Up-to-date symlink: /home/nazia/ros2_ws3/install/my_robot_bringup/share/my_robot_bringup/environment/ament_prefix_path.dsv
[0.246s] -- Up-to-date symlink: /home/nazia/ros2_ws3/install/my_robot_bringup/share/my_robot_bringup/environment/path.sh
[0.246s] -- Up-to-date symlink: /home/nazia/ros2_ws3/install/my_robot_bringup/share/my_robot_bringup/environment/path.dsv
[0.247s] -- Up-to-date symlink: /home/nazia/ros2_ws3/install/my_robot_bringup/share/my_robot_bringup/local_setup.bash
[0.248s] -- Up-to-date symlink: /home/nazia/ros2_ws3/install/my_robot_bringup/share/my_robot_bringup/local_setup.sh
[0.248s] -- Up-to-date symlink: /home/nazia/ros2_ws3/install/my_robot_bringup/share/my_robot_bringup/local_setup.zsh
[0.249s] -- Up-to-date symlink: /home/nazia/ros2_ws3/install/my_robot_bringup/share/my_robot_bringup/local_setup.dsv
[0.249s] -- Symlinking: /home/nazia/ros2_ws3/install/my_robot_bringup/share/my_robot_bringup/package.dsv
[0.272s] -- Up-to-date symlink: /home/nazia/ros2_ws3/install/my_robot_bringup/share/ament_index/resource_index/packages/my_robot_bringup
[0.273s] -- Up-to-date symlink: /home/nazia/ros2_ws3/install/my_robot_bringup/share/my_robot_bringup/cmake/my_robot_bringupConfig.cmake
[0.273s] -- Up-to-date symlink: /home/nazia/ros2_ws3/install/my_robot_bringup/share/my_robot_bringup/cmake/my_robot_bringupConfig-version.cmake
[0.274s] -- Up-to-date symlink: /home/nazia/ros2_ws3/install/my_robot_bringup/share/my_robot_bringup/package.xml
[0.279s] Invoked command in '/home/nazia/ros2_ws3/build/my_robot_bringup' returned '0': CMAKE_PREFIX_PATH=/home/nazia/ros2_ws3/install/my_robot2_description:/home/nazia/ros2_ws3/install/my_robot_bringup2:/home/nazia/ros2_ws3/install/my_robot_bringup:/home/nazia/ros2_ws3/src/install/my_robot_bringup:/home/nazia/ros2_ws3/src/install/my_robot2_description:/opt/ros/humble /usr/bin/cmake --install /home/nazia/ros2_ws3/build/my_robot_bringup
