[0.032s] Invoking command in '/home/nazia/ros2_ws3/build/my_robot2_description': CMAKE_PREFIX_PATH=${CMAKE_PREFIX_PATH}:/opt/ros/humble /usr/bin/cmake --build /home/nazia/ros2_ws3/build/my_robot2_description -- -j2 -l2
[0.155s] Invoked command in '/home/nazia/ros2_ws3/build/my_robot2_description' returned '0': CMAKE_PREFIX_PATH=${CMAKE_PREFIX_PATH}:/opt/ros/humble /usr/bin/cmake --build /home/nazia/ros2_ws3/build/my_robot2_description -- -j2 -l2
[0.238s] Invoking command in '/home/nazia/ros2_ws3/build/my_robot2_description': CMAKE_PREFIX_PATH=${CMAKE_PREFIX_PATH}:/opt/ros/humble /usr/bin/cmake --install /home/nazia/ros2_ws3/build/my_robot2_description
[0.256s] -- Install configuration: ""
[0.259s] -- Execute custom install script
[0.262s] -- Up-to-date symlink: /home/nazia/ros2_ws3/install/my_robot2_description/share/my_robot2_description/urdf/my_robot.urdf.xacro
[0.263s] -- Up-to-date symlink: /home/nazia/ros2_ws3/install/my_robot2_description/share/my_robot2_description/launch/display.launch.py
[0.264s] -- Up-to-date symlink: /home/nazia/ros2_ws3/install/my_robot2_description/share/my_robot2_description/launch/display.launch.xml
[0.266s] -- Up-to-date symlink: /home/nazia/ros2_ws3/install/my_robot2_description/share/my_robot2_description/rviz/urdf_config.rviz
[0.267s] -- Up-to-date symlink: /home/nazia/ros2_ws3/install/my_robot2_description/share/my_robot2_description/rviz/urdf_config2.rviz
[0.267s] -- Up-to-date symlink: /home/nazia/ros2_ws3/install/my_robot2_description/share/ament_index/resource_index/package_run_dependencies/my_robot2_description
[0.269s] -- Up-to-date symlink: /home/nazia/ros2_ws3/install/my_robot2_description/share/ament_index/resource_index/parent_prefix_path/my_robot2_description
[0.270s] -- Up-to-date symlink: /home/nazia/ros2_ws3/install/my_robot2_description/share/my_robot2_description/environment/ament_prefix_path.sh
[0.270s] -- Up-to-date symlink: /home/nazia/ros2_ws3/install/my_robot2_description/share/my_robot2_description/environment/ament_prefix_path.dsv
[0.271s] -- Up-to-date symlink: /home/nazia/ros2_ws3/install/my_robot2_description/share/my_robot2_description/environment/path.sh
[0.272s] -- Up-to-date symlink: /home/nazia/ros2_ws3/install/my_robot2_description/share/my_robot2_description/environment/path.dsv
[0.273s] -- Up-to-date symlink: /home/nazia/ros2_ws3/install/my_robot2_description/share/my_robot2_description/local_setup.bash
[0.274s] -- Up-to-date symlink: /home/nazia/ros2_ws3/install/my_robot2_description/share/my_robot2_description/local_setup.sh
[0.275s] -- Up-to-date symlink: /home/nazia/ros2_ws3/install/my_robot2_description/share/my_robot2_description/local_setup.zsh
[0.275s] -- Up-to-date symlink: /home/nazia/ros2_ws3/install/my_robot2_description/share/my_robot2_description/local_setup.dsv
[0.275s] -- Symlinking: /home/nazia/ros2_ws3/install/my_robot2_description/share/my_robot2_description/package.dsv
[0.293s] -- Up-to-date symlink: /home/nazia/ros2_ws3/install/my_robot2_description/share/ament_index/resource_index/packages/my_robot2_description
[0.295s] -- Up-to-date symlink: /home/nazia/ros2_ws3/install/my_robot2_description/share/my_robot2_description/cmake/my_robot2_descriptionConfig.cmake
[0.296s] -- Up-to-date symlink: /home/nazia/ros2_ws3/install/my_robot2_description/share/my_robot2_description/cmake/my_robot2_descriptionConfig-version.cmake
[0.296s] -- Up-to-date symlink: /home/nazia/ros2_ws3/install/my_robot2_description/share/my_robot2_description/package.xml
[0.299s] Invoked command in '/home/nazia/ros2_ws3/build/my_robot2_description' returned '0': CMAKE_PREFIX_PATH=${CMAKE_PREFIX_PATH}:/opt/ros/humble /usr/bin/cmake --install /home/nazia/ros2_ws3/build/my_robot2_description
