[0.037s] Invoking command in '/home/nazia/ros2_ws3/build/my_robot_bringup2': CMAKE_PREFIX_PATH=${CMAKE_PREFIX_PATH}:/opt/ros/humble /usr/bin/cmake /home/nazia/ros2_ws3/src/my_robot_bringup2 -DAMENT_CMAKE_SYMLINK_INSTALL=1 -DCMAKE_INSTALL_PREFIX=/home/nazia/ros2_ws3/install/my_robot_bringup2
[0.060s] -- Found ament_cmake: 1.3.10 (/opt/ros/humble/share/ament_cmake/cmake)
[0.336s] -- Override CMake install command with custom implementation using symlinks instead of copying resources
[0.350s] -- Found ament_lint_auto: 0.12.11 (/opt/ros/humble/share/ament_lint_auto/cmake)
[0.528s] -- Added test 'lint_cmake' to check CMake code style
[0.532s] -- Added test 'xmllint' to check XML markup files
[0.533s] -- Configuring done
[0.542s] -- Generating done
[0.546s] -- Build files have been written to: /home/nazia/ros2_ws3/build/my_robot_bringup2
[0.556s] Invoked command in '/home/nazia/ros2_ws3/build/my_robot_bringup2' returned '0': CMAKE_PREFIX_PATH=${CMAKE_PREFIX_PATH}:/opt/ros/humble /usr/bin/cmake /home/nazia/ros2_ws3/src/my_robot_bringup2 -DAMENT_CMAKE_SYMLINK_INSTALL=1 -DCMAKE_INSTALL_PREFIX=/home/nazia/ros2_ws3/install/my_robot_bringup2
[0.557s] Invoking command in '/home/nazia/ros2_ws3/build/my_robot_bringup2': CMAKE_PREFIX_PATH=${CMAKE_PREFIX_PATH}:/opt/ros/humble /usr/bin/cmake --build /home/nazia/ros2_ws3/build/my_robot_bringup2 -- -j2 -l2
[0.668s] Invoked command in '/home/nazia/ros2_ws3/build/my_robot_bringup2' returned '0': CMAKE_PREFIX_PATH=${CMAKE_PREFIX_PATH}:/opt/ros/humble /usr/bin/cmake --build /home/nazia/ros2_ws3/build/my_robot_bringup2 -- -j2 -l2
[0.749s] Invoking command in '/home/nazia/ros2_ws3/build/my_robot_bringup2': CMAKE_PREFIX_PATH=${CMAKE_PREFIX_PATH}:/opt/ros/humble /usr/bin/cmake --install /home/nazia/ros2_ws3/build/my_robot_bringup2
[0.764s] -- Install configuration: ""
[0.765s] -- Execute custom install script
[0.765s] -- Up-to-date symlink: /home/nazia/ros2_ws3/install/my_robot_bringup2/share/ament_index/resource_index/package_run_dependencies/my_robot_bringup2
[0.766s] -- Up-to-date symlink: /home/nazia/ros2_ws3/install/my_robot_bringup2/share/ament_index/resource_index/parent_prefix_path/my_robot_bringup2
[0.767s] -- Up-to-date symlink: /home/nazia/ros2_ws3/install/my_robot_bringup2/share/my_robot_bringup2/environment/ament_prefix_path.sh
[0.767s] -- Up-to-date symlink: /home/nazia/ros2_ws3/install/my_robot_bringup2/share/my_robot_bringup2/environment/ament_prefix_path.dsv
[0.768s] -- Up-to-date symlink: /home/nazia/ros2_ws3/install/my_robot_bringup2/share/my_robot_bringup2/environment/path.sh
[0.768s] -- Up-to-date symlink: /home/nazia/ros2_ws3/install/my_robot_bringup2/share/my_robot_bringup2/environment/path.dsv
[0.769s] -- Up-to-date symlink: /home/nazia/ros2_ws3/install/my_robot_bringup2/share/my_robot_bringup2/local_setup.bash
[0.769s] -- Up-to-date symlink: /home/nazia/ros2_ws3/install/my_robot_bringup2/share/my_robot_bringup2/local_setup.sh
[0.770s] -- Up-to-date symlink: /home/nazia/ros2_ws3/install/my_robot_bringup2/share/my_robot_bringup2/local_setup.zsh
[0.771s] -- Up-to-date symlink: /home/nazia/ros2_ws3/install/my_robot_bringup2/share/my_robot_bringup2/local_setup.dsv
[0.771s] -- Symlinking: /home/nazia/ros2_ws3/install/my_robot_bringup2/share/my_robot_bringup2/package.dsv
[0.797s] -- Up-to-date symlink: /home/nazia/ros2_ws3/install/my_robot_bringup2/share/ament_index/resource_index/packages/my_robot_bringup2
[0.798s] -- Up-to-date symlink: /home/nazia/ros2_ws3/install/my_robot_bringup2/share/my_robot_bringup2/cmake/my_robot_bringup2Config.cmake
[0.798s] -- Up-to-date symlink: /home/nazia/ros2_ws3/install/my_robot_bringup2/share/my_robot_bringup2/cmake/my_robot_bringup2Config-version.cmake
[0.800s] -- Up-to-date symlink: /home/nazia/ros2_ws3/install/my_robot_bringup2/share/my_robot_bringup2/package.xml
[0.806s] Invoked command in '/home/nazia/ros2_ws3/build/my_robot_bringup2' returned '0': CMAKE_PREFIX_PATH=${CMAKE_PREFIX_PATH}:/opt/ros/humble /usr/bin/cmake --install /home/nazia/ros2_ws3/build/my_robot_bringup2
