[0.183s] DEBUG:colcon:Command line arguments: ['/usr/bin/colcon', 'build']
[0.183s] DEBUG:colcon:Parsed command line arguments: Namespace(log_base=None, log_level=None, verb_name='build', build_base='build', install_base='install', merge_install=False, symlink_install=False, test_result_base=None, continue_on_error=False, executor='parallel', parallel_workers=2, event_handlers=None, ignore_user_meta=False, metas=['./colcon.meta'], base_paths=['.'], packages_ignore=None, packages_ignore_regex=None, paths=None, packages_up_to=None, packages_up_to_regex=None, packages_above=None, packages_above_and_dependencies=None, packages_above_depth=None, packages_select_by_dep=None, packages_skip_by_dep=None, packages_skip_up_to=None, packages_select_build_failed=False, packages_skip_build_finished=False, packages_select_test_failures=False, packages_skip_test_passed=False, packages_select=None, packages_skip=None, packages_select_regex=None, packages_skip_regex=None, packages_start=None, packages_end=None, allow_overriding=[], cmake_args=None, cmake_target=None, cmake_target_skip_unavailable=False, cmake_clean_cache=False, cmake_clean_first=False, cmake_force_configure=False, ament_cmake_args=None, catkin_cmake_args=None, catkin_skip_building_tests=False, verb_parser=<colcon_defaults.argument_parser.defaults.DefaultArgumentsDecorator object at 0x7bafa19f7880>, verb_extension=<colcon_core.verb.build.BuildVerb object at 0x7bafa19a1660>, main=<bound method BuildVerb.main of <colcon_core.verb.build.BuildVerb object at 0x7bafa19a1660>>)
[0.434s] Level 1:colcon.colcon_core.package_discovery:discover_packages(colcon_meta) check parameters
[0.435s] Level 1:colcon.colcon_core.package_discovery:discover_packages(recursive) check parameters
[0.435s] Level 1:colcon.colcon_core.package_discovery:discover_packages(ignore) check parameters
[0.435s] Level 1:colcon.colcon_core.package_discovery:discover_packages(path) check parameters
[0.435s] Level 1:colcon.colcon_core.package_discovery:discover_packages(colcon_meta) discover
[0.435s] Level 1:colcon.colcon_core.package_discovery:discover_packages(recursive) discover
[0.435s] INFO:colcon.colcon_core.package_discovery:Crawling recursively for packages in '/home/nazia/ros2_ws3'
[0.435s] Level 1:colcon.colcon_core.package_identification:_identify(.) by extensions ['ignore', 'ignore_ament_install']
[0.435s] Level 1:colcon.colcon_core.package_identification:_identify(.) by extension 'ignore'
[0.435s] Level 1:colcon.colcon_core.package_identification:_identify(.) by extension 'ignore_ament_install'
[0.435s] Level 1:colcon.colcon_core.package_identification:_identify(.) by extensions ['colcon_pkg']
[0.436s] Level 1:colcon.colcon_core.package_identification:_identify(.) by extension 'colcon_pkg'
[0.436s] Level 1:colcon.colcon_core.package_identification:_identify(.) by extensions ['colcon_meta']
[0.436s] Level 1:colcon.colcon_core.package_identification:_identify(.) by extension 'colcon_meta'
[0.436s] Level 1:colcon.colcon_core.package_identification:_identify(.) by extensions ['ros']
[0.436s] Level 1:colcon.colcon_core.package_identification:_identify(.) by extension 'ros'
[0.455s] Level 1:colcon.colcon_core.package_identification:_identify(.) by extensions ['cmake', 'python']
[0.455s] Level 1:colcon.colcon_core.package_identification:_identify(.) by extension 'cmake'
[0.455s] Level 1:colcon.colcon_core.package_identification:_identify(.) by extension 'python'
[0.455s] Level 1:colcon.colcon_core.package_identification:_identify(.) by extensions ['python_setup_py']
[0.455s] Level 1:colcon.colcon_core.package_identification:_identify(.) by extension 'python_setup_py'
[0.455s] Level 1:colcon.colcon_core.package_identification:_identify(build) by extensions ['ignore', 'ignore_ament_install']
[0.455s] Level 1:colcon.colcon_core.package_identification:_identify(build) by extension 'ignore'
[0.455s] Level 1:colcon.colcon_core.package_identification:_identify(build) ignored
[0.456s] Level 1:colcon.colcon_core.package_identification:_identify(install) by extensions ['ignore', 'ignore_ament_install']
[0.456s] Level 1:colcon.colcon_core.package_identification:_identify(install) by extension 'ignore'
[0.456s] Level 1:colcon.colcon_core.package_identification:_identify(install) ignored
[0.456s] Level 1:colcon.colcon_core.package_identification:_identify(log) by extensions ['ignore', 'ignore_ament_install']
[0.456s] Level 1:colcon.colcon_core.package_identification:_identify(log) by extension 'ignore'
[0.456s] Level 1:colcon.colcon_core.package_identification:_identify(log) ignored
[0.457s] Level 1:colcon.colcon_core.package_identification:_identify(src) by extensions ['ignore', 'ignore_ament_install']
[0.457s] Level 1:colcon.colcon_core.package_identification:_identify(src) by extension 'ignore'
[0.457s] Level 1:colcon.colcon_core.package_identification:_identify(src) by extension 'ignore_ament_install'
[0.457s] Level 1:colcon.colcon_core.package_identification:_identify(src) by extensions ['colcon_pkg']
[0.457s] Level 1:colcon.colcon_core.package_identification:_identify(src) by extension 'colcon_pkg'
[0.457s] Level 1:colcon.colcon_core.package_identification:_identify(src) by extensions ['colcon_meta']
[0.457s] Level 1:colcon.colcon_core.package_identification:_identify(src) by extension 'colcon_meta'
[0.457s] Level 1:colcon.colcon_core.package_identification:_identify(src) by extensions ['ros']
[0.457s] Level 1:colcon.colcon_core.package_identification:_identify(src) by extension 'ros'
[0.457s] Level 1:colcon.colcon_core.package_identification:_identify(src) by extensions ['cmake', 'python']
[0.457s] Level 1:colcon.colcon_core.package_identification:_identify(src) by extension 'cmake'
[0.457s] Level 1:colcon.colcon_core.package_identification:_identify(src) by extension 'python'
[0.457s] Level 1:colcon.colcon_core.package_identification:_identify(src) by extensions ['python_setup_py']
[0.457s] Level 1:colcon.colcon_core.package_identification:_identify(src) by extension 'python_setup_py'
[0.458s] Level 1:colcon.colcon_core.package_identification:_identify(src/build) by extensions ['ignore', 'ignore_ament_install']
[0.458s] Level 1:colcon.colcon_core.package_identification:_identify(src/build) by extension 'ignore'
[0.458s] Level 1:colcon.colcon_core.package_identification:_identify(src/build) ignored
[0.458s] Level 1:colcon.colcon_core.package_identification:_identify(src/install) by extensions ['ignore', 'ignore_ament_install']
[0.458s] Level 1:colcon.colcon_core.package_identification:_identify(src/install) by extension 'ignore'
[0.458s] Level 1:colcon.colcon_core.package_identification:_identify(src/install) ignored
[0.458s] Level 1:colcon.colcon_core.package_identification:_identify(src/log) by extensions ['ignore', 'ignore_ament_install']
[0.458s] Level 1:colcon.colcon_core.package_identification:_identify(src/log) by extension 'ignore'
[0.459s] Level 1:colcon.colcon_core.package_identification:_identify(src/log) ignored
[0.459s] Level 1:colcon.colcon_core.package_identification:_identify(src/my_robot2_description) by extensions ['ignore', 'ignore_ament_install']
[0.459s] Level 1:colcon.colcon_core.package_identification:_identify(src/my_robot2_description) by extension 'ignore'
[0.459s] Level 1:colcon.colcon_core.package_identification:_identify(src/my_robot2_description) by extension 'ignore_ament_install'
[0.459s] Level 1:colcon.colcon_core.package_identification:_identify(src/my_robot2_description) by extensions ['colcon_pkg']
[0.459s] Level 1:colcon.colcon_core.package_identification:_identify(src/my_robot2_description) by extension 'colcon_pkg'
[0.459s] Level 1:colcon.colcon_core.package_identification:_identify(src/my_robot2_description) by extensions ['colcon_meta']
[0.459s] Level 1:colcon.colcon_core.package_identification:_identify(src/my_robot2_description) by extension 'colcon_meta'
[0.459s] Level 1:colcon.colcon_core.package_identification:_identify(src/my_robot2_description) by extensions ['ros']
[0.459s] Level 1:colcon.colcon_core.package_identification:_identify(src/my_robot2_description) by extension 'ros'
[0.463s] DEBUG:colcon.colcon_core.package_identification:Package 'src/my_robot2_description' with type 'ros.ament_cmake' and name 'my_robot2_description'
[0.463s] Level 1:colcon.colcon_core.package_identification:_identify(src/my_robot_bringup) by extensions ['ignore', 'ignore_ament_install']
[0.463s] Level 1:colcon.colcon_core.package_identification:_identify(src/my_robot_bringup) by extension 'ignore'
[0.463s] Level 1:colcon.colcon_core.package_identification:_identify(src/my_robot_bringup) by extension 'ignore_ament_install'
[0.463s] Level 1:colcon.colcon_core.package_identification:_identify(src/my_robot_bringup) by extensions ['colcon_pkg']
[0.463s] Level 1:colcon.colcon_core.package_identification:_identify(src/my_robot_bringup) by extension 'colcon_pkg'
[0.463s] Level 1:colcon.colcon_core.package_identification:_identify(src/my_robot_bringup) by extensions ['colcon_meta']
[0.464s] Level 1:colcon.colcon_core.package_identification:_identify(src/my_robot_bringup) by extension 'colcon_meta'
[0.464s] Level 1:colcon.colcon_core.package_identification:_identify(src/my_robot_bringup) by extensions ['ros']
[0.464s] Level 1:colcon.colcon_core.package_identification:_identify(src/my_robot_bringup) by extension 'ros'
[0.465s] DEBUG:colcon.colcon_core.package_identification:Package 'src/my_robot_bringup' with type 'ros.ament_cmake' and name 'my_robot_bringup'
[0.465s] Level 1:colcon.colcon_core.package_identification:_identify(src/my_robot_bringup2) by extensions ['ignore', 'ignore_ament_install']
[0.465s] Level 1:colcon.colcon_core.package_identification:_identify(src/my_robot_bringup2) by extension 'ignore'
[0.465s] Level 1:colcon.colcon_core.package_identification:_identify(src/my_robot_bringup2) by extension 'ignore_ament_install'
[0.465s] Level 1:colcon.colcon_core.package_identification:_identify(src/my_robot_bringup2) by extensions ['colcon_pkg']
[0.465s] Level 1:colcon.colcon_core.package_identification:_identify(src/my_robot_bringup2) by extension 'colcon_pkg'
[0.465s] Level 1:colcon.colcon_core.package_identification:_identify(src/my_robot_bringup2) by extensions ['colcon_meta']
[0.465s] Level 1:colcon.colcon_core.package_identification:_identify(src/my_robot_bringup2) by extension 'colcon_meta'
[0.465s] Level 1:colcon.colcon_core.package_identification:_identify(src/my_robot_bringup2) by extensions ['ros']
[0.466s] Level 1:colcon.colcon_core.package_identification:_identify(src/my_robot_bringup2) by extension 'ros'
[0.466s] DEBUG:colcon.colcon_core.package_identification:Package 'src/my_robot_bringup2' with type 'ros.ament_cmake' and name 'my_robot_bringup2'
[0.466s] Level 1:colcon.colcon_core.package_discovery:discover_packages(recursive) using defaults
[0.466s] Level 1:colcon.colcon_core.package_discovery:discover_packages(ignore) discover
[0.466s] Level 1:colcon.colcon_core.package_discovery:discover_packages(ignore) using defaults
[0.467s] Level 1:colcon.colcon_core.package_discovery:discover_packages(path) discover
[0.467s] Level 1:colcon.colcon_core.package_discovery:discover_packages(path) using defaults
[0.505s] Level 1:colcon.colcon_core.package_discovery:discover_packages(prefix_path) check parameters
[0.507s] Level 1:colcon.colcon_core.package_discovery:discover_packages(prefix_path) discover
[0.511s] DEBUG:colcon.colcon_installed_package_information.package_discovery:Found 3 installed packages in /home/nazia/ros2_ws3/install
[0.512s] DEBUG:colcon.colcon_installed_package_information.package_discovery:Found 3 installed packages in /home/nazia/ros2_ws3/src/install
[0.515s] DEBUG:colcon.colcon_installed_package_information.package_discovery:Found 282 installed packages in /opt/ros/humble
[0.517s] Level 1:colcon.colcon_core.package_discovery:discover_packages(prefix_path) using defaults
[0.604s] Level 5:colcon.colcon_core.verb:set package 'my_robot2_description' build argument 'cmake_args' from command line to 'None'
[0.604s] Level 5:colcon.colcon_core.verb:set package 'my_robot2_description' build argument 'cmake_target' from command line to 'None'
[0.604s] Level 5:colcon.colcon_core.verb:set package 'my_robot2_description' build argument 'cmake_target_skip_unavailable' from command line to 'False'
[0.604s] Level 5:colcon.colcon_core.verb:set package 'my_robot2_description' build argument 'cmake_clean_cache' from command line to 'False'
[0.604s] Level 5:colcon.colcon_core.verb:set package 'my_robot2_description' build argument 'cmake_clean_first' from command line to 'False'
[0.604s] Level 5:colcon.colcon_core.verb:set package 'my_robot2_description' build argument 'cmake_force_configure' from command line to 'False'
[0.604s] Level 5:colcon.colcon_core.verb:set package 'my_robot2_description' build argument 'ament_cmake_args' from command line to 'None'
[0.605s] Level 5:colcon.colcon_core.verb:set package 'my_robot2_description' build argument 'catkin_cmake_args' from command line to 'None'
[0.605s] Level 5:colcon.colcon_core.verb:set package 'my_robot2_description' build argument 'catkin_skip_building_tests' from command line to 'False'
[0.605s] DEBUG:colcon.colcon_core.verb:Building package 'my_robot2_description' with the following arguments: {'ament_cmake_args': None, 'build_base': '/home/nazia/ros2_ws3/build/my_robot2_description', 'catkin_cmake_args': None, 'catkin_skip_building_tests': False, 'cmake_args': None, 'cmake_clean_cache': False, 'cmake_clean_first': False, 'cmake_force_configure': False, 'cmake_target': None, 'cmake_target_skip_unavailable': False, 'install_base': '/home/nazia/ros2_ws3/install/my_robot2_description', 'merge_install': False, 'path': '/home/nazia/ros2_ws3/src/my_robot2_description', 'symlink_install': False, 'test_result_base': None}
[0.605s] Level 5:colcon.colcon_core.verb:set package 'my_robot_bringup2' build argument 'cmake_args' from command line to 'None'
[0.605s] Level 5:colcon.colcon_core.verb:set package 'my_robot_bringup2' build argument 'cmake_target' from command line to 'None'
[0.605s] Level 5:colcon.colcon_core.verb:set package 'my_robot_bringup2' build argument 'cmake_target_skip_unavailable' from command line to 'False'
[0.605s] Level 5:colcon.colcon_core.verb:set package 'my_robot_bringup2' build argument 'cmake_clean_cache' from command line to 'False'
[0.605s] Level 5:colcon.colcon_core.verb:set package 'my_robot_bringup2' build argument 'cmake_clean_first' from command line to 'False'
[0.605s] Level 5:colcon.colcon_core.verb:set package 'my_robot_bringup2' build argument 'cmake_force_configure' from command line to 'False'
[0.605s] Level 5:colcon.colcon_core.verb:set package 'my_robot_bringup2' build argument 'ament_cmake_args' from command line to 'None'
[0.605s] Level 5:colcon.colcon_core.verb:set package 'my_robot_bringup2' build argument 'catkin_cmake_args' from command line to 'None'
[0.606s] Level 5:colcon.colcon_core.verb:set package 'my_robot_bringup2' build argument 'catkin_skip_building_tests' from command line to 'False'
[0.606s] DEBUG:colcon.colcon_core.verb:Building package 'my_robot_bringup2' with the following arguments: {'ament_cmake_args': None, 'build_base': '/home/nazia/ros2_ws3/build/my_robot_bringup2', 'catkin_cmake_args': None, 'catkin_skip_building_tests': False, 'cmake_args': None, 'cmake_clean_cache': False, 'cmake_clean_first': False, 'cmake_force_configure': False, 'cmake_target': None, 'cmake_target_skip_unavailable': False, 'install_base': '/home/nazia/ros2_ws3/install/my_robot_bringup2', 'merge_install': False, 'path': '/home/nazia/ros2_ws3/src/my_robot_bringup2', 'symlink_install': False, 'test_result_base': None}
[0.606s] Level 5:colcon.colcon_core.verb:set package 'my_robot_bringup' build argument 'cmake_args' from command line to 'None'
[0.606s] Level 5:colcon.colcon_core.verb:set package 'my_robot_bringup' build argument 'cmake_target' from command line to 'None'
[0.606s] Level 5:colcon.colcon_core.verb:set package 'my_robot_bringup' build argument 'cmake_target_skip_unavailable' from command line to 'False'
[0.606s] Level 5:colcon.colcon_core.verb:set package 'my_robot_bringup' build argument 'cmake_clean_cache' from command line to 'False'
[0.606s] Level 5:colcon.colcon_core.verb:set package 'my_robot_bringup' build argument 'cmake_clean_first' from command line to 'False'
[0.606s] Level 5:colcon.colcon_core.verb:set package 'my_robot_bringup' build argument 'cmake_force_configure' from command line to 'False'
[0.606s] Level 5:colcon.colcon_core.verb:set package 'my_robot_bringup' build argument 'ament_cmake_args' from command line to 'None'
[0.606s] Level 5:colcon.colcon_core.verb:set package 'my_robot_bringup' build argument 'catkin_cmake_args' from command line to 'None'
[0.606s] Level 5:colcon.colcon_core.verb:set package 'my_robot_bringup' build argument 'catkin_skip_building_tests' from command line to 'False'
[0.607s] DEBUG:colcon.colcon_core.verb:Building package 'my_robot_bringup' with the following arguments: {'ament_cmake_args': None, 'build_base': '/home/nazia/ros2_ws3/build/my_robot_bringup', 'catkin_cmake_args': None, 'catkin_skip_building_tests': False, 'cmake_args': None, 'cmake_clean_cache': False, 'cmake_clean_first': False, 'cmake_force_configure': False, 'cmake_target': None, 'cmake_target_skip_unavailable': False, 'install_base': '/home/nazia/ros2_ws3/install/my_robot_bringup', 'merge_install': False, 'path': '/home/nazia/ros2_ws3/src/my_robot_bringup', 'symlink_install': False, 'test_result_base': None}
[0.607s] INFO:colcon.colcon_core.executor:Executing jobs using 'parallel' executor
[0.608s] DEBUG:colcon.colcon_parallel_executor.executor.parallel:run_until_complete
[0.609s] INFO:colcon.colcon_ros.task.ament_cmake.build:Building ROS package in '/home/nazia/ros2_ws3/src/my_robot2_description' with build type 'ament_cmake'
[0.609s] INFO:colcon.colcon_cmake.task.cmake.build:Building CMake package in '/home/nazia/ros2_ws3/src/my_robot2_description'
[0.614s] INFO:colcon.colcon_core.plugin_system:Skipping extension 'colcon_core.shell.bat': Not used on non-Windows systems
[0.615s] INFO:colcon.colcon_core.shell:Skip shell extension 'powershell' for command environment: Not usable outside of PowerShell
[0.615s] DEBUG:colcon.colcon_core.shell:Skip shell extension 'dsv' for command environment
[0.623s] INFO:colcon.colcon_ros.task.ament_cmake.build:Building ROS package in '/home/nazia/ros2_ws3/src/my_robot_bringup2' with build type 'ament_cmake'
[0.623s] INFO:colcon.colcon_cmake.task.cmake.build:Building CMake package in '/home/nazia/ros2_ws3/src/my_robot_bringup2'
[0.624s] INFO:colcon.colcon_core.shell:Skip shell extension 'powershell' for command environment: Not usable outside of PowerShell
[0.624s] DEBUG:colcon.colcon_core.shell:Skip shell extension 'dsv' for command environment
[0.649s] DEBUG:colcon.colcon_core.event_handler.log_command:Invoking command in '/home/nazia/ros2_ws3/build/my_robot2_description': CMAKE_PREFIX_PATH=${CMAKE_PREFIX_PATH}:/opt/ros/humble /usr/bin/cmake --build /home/nazia/ros2_ws3/build/my_robot2_description -- -j2 -l2
[0.663s] DEBUG:colcon.colcon_core.event_handler.log_command:Invoking command in '/home/nazia/ros2_ws3/build/my_robot_bringup2': CMAKE_PREFIX_PATH=${CMAKE_PREFIX_PATH}:/opt/ros/humble /usr/bin/cmake --build /home/nazia/ros2_ws3/build/my_robot_bringup2 -- -j2 -l2
[0.750s] DEBUG:colcon.colcon_core.event_handler.log_command:Invoked command in '/home/nazia/ros2_ws3/build/my_robot_bringup2' returned '0': CMAKE_PREFIX_PATH=${CMAKE_PREFIX_PATH}:/opt/ros/humble /usr/bin/cmake --build /home/nazia/ros2_ws3/build/my_robot_bringup2 -- -j2 -l2
[0.756s] DEBUG:colcon.colcon_core.event_handler.log_command:Invoked command in '/home/nazia/ros2_ws3/build/my_robot2_description' returned '0': CMAKE_PREFIX_PATH=${CMAKE_PREFIX_PATH}:/opt/ros/humble /usr/bin/cmake --build /home/nazia/ros2_ws3/build/my_robot2_description -- -j2 -l2
[0.866s] DEBUG:colcon.colcon_core.event_handler.log_command:Invoking command in '/home/nazia/ros2_ws3/build/my_robot_bringup2': CMAKE_PREFIX_PATH=${CMAKE_PREFIX_PATH}:/opt/ros/humble /usr/bin/cmake --install /home/nazia/ros2_ws3/build/my_robot_bringup2
[0.871s] DEBUG:colcon.colcon_core.event_handler.log_command:Invoking command in '/home/nazia/ros2_ws3/build/my_robot2_description': CMAKE_PREFIX_PATH=${CMAKE_PREFIX_PATH}:/opt/ros/humble /usr/bin/cmake --install /home/nazia/ros2_ws3/build/my_robot2_description
[0.931s] Level 1:colcon.colcon_core.environment:create_environment_scripts_only(my_robot_bringup2)
[0.932s] DEBUG:colcon.colcon_core.event_handler.log_command:Invoked command in '/home/nazia/ros2_ws3/build/my_robot_bringup2' returned '0': CMAKE_PREFIX_PATH=${CMAKE_PREFIX_PATH}:/opt/ros/humble /usr/bin/cmake --install /home/nazia/ros2_ws3/build/my_robot_bringup2
[0.941s] Level 1:colcon.colcon_core.environment:checking '/home/nazia/ros2_ws3/install/my_robot_bringup2' for CMake module files
[0.944s] Level 1:colcon.colcon_core.environment:checking '/home/nazia/ros2_ws3/install/my_robot_bringup2' for CMake config files
[0.945s] Level 1:colcon.colcon_core.shell:create_environment_hook('my_robot_bringup2', 'cmake_prefix_path')
[0.945s] INFO:colcon.colcon_core.shell:Creating environment hook '/home/nazia/ros2_ws3/install/my_robot_bringup2/share/my_robot_bringup2/hook/cmake_prefix_path.ps1'
[0.950s] INFO:colcon.colcon_core.shell:Creating environment descriptor '/home/nazia/ros2_ws3/install/my_robot_bringup2/share/my_robot_bringup2/hook/cmake_prefix_path.dsv'
[0.951s] INFO:colcon.colcon_core.shell:Creating environment hook '/home/nazia/ros2_ws3/install/my_robot_bringup2/share/my_robot_bringup2/hook/cmake_prefix_path.sh'
[0.957s] Level 1:colcon.colcon_core.environment:checking '/home/nazia/ros2_ws3/install/my_robot_bringup2/bin'
[0.957s] Level 1:colcon.colcon_core.environment:checking '/home/nazia/ros2_ws3/install/my_robot_bringup2/lib/pkgconfig/my_robot_bringup2.pc'
[0.958s] Level 1:colcon.colcon_core.environment:checking '/home/nazia/ros2_ws3/install/my_robot_bringup2/lib/python3.10/site-packages'
[0.959s] Level 1:colcon.colcon_core.environment:checking '/home/nazia/ros2_ws3/install/my_robot_bringup2/bin'
[0.960s] INFO:colcon.colcon_core.shell:Creating package script '/home/nazia/ros2_ws3/install/my_robot_bringup2/share/my_robot_bringup2/package.ps1'
[0.963s] INFO:colcon.colcon_core.shell:Creating package descriptor '/home/nazia/ros2_ws3/install/my_robot_bringup2/share/my_robot_bringup2/package.dsv'
[0.965s] INFO:colcon.colcon_core.shell:Creating package script '/home/nazia/ros2_ws3/install/my_robot_bringup2/share/my_robot_bringup2/package.sh'
[0.968s] INFO:colcon.colcon_core.shell:Creating package script '/home/nazia/ros2_ws3/install/my_robot_bringup2/share/my_robot_bringup2/package.bash'
[0.971s] INFO:colcon.colcon_core.shell:Creating package script '/home/nazia/ros2_ws3/install/my_robot_bringup2/share/my_robot_bringup2/package.zsh'
[0.974s] Level 1:colcon.colcon_core.environment:create_file_with_runtime_dependencies(/home/nazia/ros2_ws3/install/my_robot_bringup2/share/colcon-core/packages/my_robot_bringup2)
[0.978s] Level 1:colcon.colcon_core.environment:create_environment_scripts_only(my_robot2_description)
[0.979s] Level 1:colcon.colcon_core.environment:checking '/home/nazia/ros2_ws3/install/my_robot2_description' for CMake module files
[0.980s] DEBUG:colcon.colcon_core.event_handler.log_command:Invoked command in '/home/nazia/ros2_ws3/build/my_robot2_description' returned '0': CMAKE_PREFIX_PATH=${CMAKE_PREFIX_PATH}:/opt/ros/humble /usr/bin/cmake --install /home/nazia/ros2_ws3/build/my_robot2_description
[0.981s] Level 1:colcon.colcon_core.environment:checking '/home/nazia/ros2_ws3/install/my_robot2_description' for CMake config files
[0.982s] Level 1:colcon.colcon_core.shell:create_environment_hook('my_robot2_description', 'cmake_prefix_path')
[0.983s] INFO:colcon.colcon_core.shell:Creating environment hook '/home/nazia/ros2_ws3/install/my_robot2_description/share/my_robot2_description/hook/cmake_prefix_path.ps1'
[0.984s] INFO:colcon.colcon_core.shell:Creating environment descriptor '/home/nazia/ros2_ws3/install/my_robot2_description/share/my_robot2_description/hook/cmake_prefix_path.dsv'
[0.985s] INFO:colcon.colcon_core.shell:Creating environment hook '/home/nazia/ros2_ws3/install/my_robot2_description/share/my_robot2_description/hook/cmake_prefix_path.sh'
[0.987s] Level 1:colcon.colcon_core.environment:checking '/home/nazia/ros2_ws3/install/my_robot2_description/bin'
[0.987s] Level 1:colcon.colcon_core.environment:checking '/home/nazia/ros2_ws3/install/my_robot2_description/lib/pkgconfig/my_robot2_description.pc'
[0.988s] Level 1:colcon.colcon_core.environment:checking '/home/nazia/ros2_ws3/install/my_robot2_description/lib/python3.10/site-packages'
[0.988s] Level 1:colcon.colcon_core.environment:checking '/home/nazia/ros2_ws3/install/my_robot2_description/bin'
[0.988s] INFO:colcon.colcon_core.shell:Creating package script '/home/nazia/ros2_ws3/install/my_robot2_description/share/my_robot2_description/package.ps1'
[0.990s] INFO:colcon.colcon_core.shell:Creating package descriptor '/home/nazia/ros2_ws3/install/my_robot2_description/share/my_robot2_description/package.dsv'
[0.990s] INFO:colcon.colcon_core.shell:Creating package script '/home/nazia/ros2_ws3/install/my_robot2_description/share/my_robot2_description/package.sh'
[0.991s] INFO:colcon.colcon_core.shell:Creating package script '/home/nazia/ros2_ws3/install/my_robot2_description/share/my_robot2_description/package.bash'
[0.992s] INFO:colcon.colcon_core.shell:Creating package script '/home/nazia/ros2_ws3/install/my_robot2_description/share/my_robot2_description/package.zsh'
[0.993s] Level 1:colcon.colcon_core.environment:create_file_with_runtime_dependencies(/home/nazia/ros2_ws3/install/my_robot2_description/share/colcon-core/packages/my_robot2_description)
[1.050s] Level 1:colcon.colcon_core.environment:create_environment_scripts_only(my_robot_bringup2)
[1.053s] Level 1:colcon.colcon_core.environment:checking '/home/nazia/ros2_ws3/install/my_robot_bringup2' for CMake module files
[1.054s] Level 1:colcon.colcon_core.environment:checking '/home/nazia/ros2_ws3/install/my_robot_bringup2' for CMake config files
[1.055s] Level 1:colcon.colcon_core.shell:create_environment_hook('my_robot_bringup2', 'cmake_prefix_path')
[1.057s] INFO:colcon.colcon_core.shell:Creating environment hook '/home/nazia/ros2_ws3/install/my_robot_bringup2/share/my_robot_bringup2/hook/cmake_prefix_path.ps1'
[1.060s] INFO:colcon.colcon_core.shell:Creating environment descriptor '/home/nazia/ros2_ws3/install/my_robot_bringup2/share/my_robot_bringup2/hook/cmake_prefix_path.dsv'
[1.062s] INFO:colcon.colcon_core.shell:Creating environment hook '/home/nazia/ros2_ws3/install/my_robot_bringup2/share/my_robot_bringup2/hook/cmake_prefix_path.sh'
[1.064s] Level 1:colcon.colcon_core.environment:checking '/home/nazia/ros2_ws3/install/my_robot_bringup2/bin'
[1.064s] Level 1:colcon.colcon_core.environment:checking '/home/nazia/ros2_ws3/install/my_robot_bringup2/lib/pkgconfig/my_robot_bringup2.pc'
[1.065s] Level 1:colcon.colcon_core.environment:checking '/home/nazia/ros2_ws3/install/my_robot_bringup2/lib/python3.10/site-packages'
[1.066s] Level 1:colcon.colcon_core.environment:checking '/home/nazia/ros2_ws3/install/my_robot_bringup2/bin'
[1.067s] INFO:colcon.colcon_core.shell:Creating package script '/home/nazia/ros2_ws3/install/my_robot_bringup2/share/my_robot_bringup2/package.ps1'
[1.069s] INFO:colcon.colcon_core.shell:Creating package descriptor '/home/nazia/ros2_ws3/install/my_robot_bringup2/share/my_robot_bringup2/package.dsv'
[1.071s] INFO:colcon.colcon_core.shell:Creating package script '/home/nazia/ros2_ws3/install/my_robot_bringup2/share/my_robot_bringup2/package.sh'
[1.072s] INFO:colcon.colcon_core.shell:Creating package script '/home/nazia/ros2_ws3/install/my_robot_bringup2/share/my_robot_bringup2/package.bash'
[1.074s] INFO:colcon.colcon_core.shell:Creating package script '/home/nazia/ros2_ws3/install/my_robot_bringup2/share/my_robot_bringup2/package.zsh'
[1.075s] Level 1:colcon.colcon_core.environment:create_file_with_runtime_dependencies(/home/nazia/ros2_ws3/install/my_robot_bringup2/share/colcon-core/packages/my_robot_bringup2)
[1.079s] Level 1:colcon.colcon_core.environment:create_environment_scripts_only(my_robot2_description)
[1.080s] Level 1:colcon.colcon_core.environment:checking '/home/nazia/ros2_ws3/install/my_robot2_description' for CMake module files
[1.080s] Level 1:colcon.colcon_core.environment:checking '/home/nazia/ros2_ws3/install/my_robot2_description' for CMake config files
[1.081s] Level 1:colcon.colcon_core.shell:create_environment_hook('my_robot2_description', 'cmake_prefix_path')
[1.082s] INFO:colcon.colcon_core.shell:Creating environment hook '/home/nazia/ros2_ws3/install/my_robot2_description/share/my_robot2_description/hook/cmake_prefix_path.ps1'
[1.083s] INFO:colcon.colcon_core.shell:Creating environment descriptor '/home/nazia/ros2_ws3/install/my_robot2_description/share/my_robot2_description/hook/cmake_prefix_path.dsv'
[1.084s] INFO:colcon.colcon_core.shell:Creating environment hook '/home/nazia/ros2_ws3/install/my_robot2_description/share/my_robot2_description/hook/cmake_prefix_path.sh'
[1.085s] Level 1:colcon.colcon_core.environment:checking '/home/nazia/ros2_ws3/install/my_robot2_description/bin'
[1.085s] Level 1:colcon.colcon_core.environment:checking '/home/nazia/ros2_ws3/install/my_robot2_description/lib/pkgconfig/my_robot2_description.pc'
[1.086s] Level 1:colcon.colcon_core.environment:checking '/home/nazia/ros2_ws3/install/my_robot2_description/lib/python3.10/site-packages'
[1.086s] Level 1:colcon.colcon_core.environment:checking '/home/nazia/ros2_ws3/install/my_robot2_description/bin'
[1.088s] INFO:colcon.colcon_core.shell:Creating package script '/home/nazia/ros2_ws3/install/my_robot2_description/share/my_robot2_description/package.ps1'
[1.089s] INFO:colcon.colcon_core.shell:Creating package descriptor '/home/nazia/ros2_ws3/install/my_robot2_description/share/my_robot2_description/package.dsv'
[1.090s] INFO:colcon.colcon_core.shell:Creating package script '/home/nazia/ros2_ws3/install/my_robot2_description/share/my_robot2_description/package.sh'
[1.091s] INFO:colcon.colcon_core.shell:Creating package script '/home/nazia/ros2_ws3/install/my_robot2_description/share/my_robot2_description/package.bash'
[1.093s] INFO:colcon.colcon_core.shell:Creating package script '/home/nazia/ros2_ws3/install/my_robot2_description/share/my_robot2_description/package.zsh'
[1.094s] Level 1:colcon.colcon_core.environment:create_file_with_runtime_dependencies(/home/nazia/ros2_ws3/install/my_robot2_description/share/colcon-core/packages/my_robot2_description)
[1.095s] INFO:colcon.colcon_ros.task.ament_cmake.build:Building ROS package in '/home/nazia/ros2_ws3/src/my_robot_bringup' with build type 'ament_cmake'
[1.095s] INFO:colcon.colcon_cmake.task.cmake.build:Building CMake package in '/home/nazia/ros2_ws3/src/my_robot_bringup'
[1.096s] INFO:colcon.colcon_core.shell:Skip shell extension 'powershell' for command environment: Not usable outside of PowerShell
[1.096s] DEBUG:colcon.colcon_core.shell:Skip shell extension 'dsv' for command environment
[1.124s] DEBUG:colcon.colcon_core.event_handler.log_command:Invoking command in '/home/nazia/ros2_ws3/build/my_robot_bringup': CMAKE_PREFIX_PATH=/home/nazia/ros2_ws3/install/my_robot2_description:/home/nazia/ros2_ws3/install/my_robot_bringup2:/home/nazia/ros2_ws3/install/my_robot_bringup:/home/nazia/ros2_ws3/src/install/my_robot_bringup2:/home/nazia/ros2_ws3/src/install/my_robot_bringup:/home/nazia/ros2_ws3/src/install/my_robot2_description:/opt/ros/humble /usr/bin/cmake --build /home/nazia/ros2_ws3/build/my_robot_bringup -- -j2 -l2
[1.221s] DEBUG:colcon.colcon_core.event_handler.log_command:Invoked command in '/home/nazia/ros2_ws3/build/my_robot_bringup' returned '0': CMAKE_PREFIX_PATH=/home/nazia/ros2_ws3/install/my_robot2_description:/home/nazia/ros2_ws3/install/my_robot_bringup2:/home/nazia/ros2_ws3/install/my_robot_bringup:/home/nazia/ros2_ws3/src/install/my_robot_bringup2:/home/nazia/ros2_ws3/src/install/my_robot_bringup:/home/nazia/ros2_ws3/src/install/my_robot2_description:/opt/ros/humble /usr/bin/cmake --build /home/nazia/ros2_ws3/build/my_robot_bringup -- -j2 -l2
[1.299s] DEBUG:colcon.colcon_core.event_handler.log_command:Invoking command in '/home/nazia/ros2_ws3/build/my_robot_bringup': CMAKE_PREFIX_PATH=/home/nazia/ros2_ws3/install/my_robot2_description:/home/nazia/ros2_ws3/install/my_robot_bringup2:/home/nazia/ros2_ws3/install/my_robot_bringup:/home/nazia/ros2_ws3/src/install/my_robot_bringup2:/home/nazia/ros2_ws3/src/install/my_robot_bringup:/home/nazia/ros2_ws3/src/install/my_robot2_description:/opt/ros/humble /usr/bin/cmake --install /home/nazia/ros2_ws3/build/my_robot_bringup
[1.354s] Level 1:colcon.colcon_core.environment:create_environment_scripts_only(my_robot_bringup)
[1.355s] Level 1:colcon.colcon_core.environment:checking '/home/nazia/ros2_ws3/install/my_robot_bringup' for CMake module files
[1.355s] Level 1:colcon.colcon_core.environment:checking '/home/nazia/ros2_ws3/install/my_robot_bringup' for CMake config files
[1.356s] DEBUG:colcon.colcon_core.event_handler.log_command:Invoked command in '/home/nazia/ros2_ws3/build/my_robot_bringup' returned '0': CMAKE_PREFIX_PATH=/home/nazia/ros2_ws3/install/my_robot2_description:/home/nazia/ros2_ws3/install/my_robot_bringup2:/home/nazia/ros2_ws3/install/my_robot_bringup:/home/nazia/ros2_ws3/src/install/my_robot_bringup2:/home/nazia/ros2_ws3/src/install/my_robot_bringup:/home/nazia/ros2_ws3/src/install/my_robot2_description:/opt/ros/humble /usr/bin/cmake --install /home/nazia/ros2_ws3/build/my_robot_bringup
[1.357s] Level 1:colcon.colcon_core.shell:create_environment_hook('my_robot_bringup', 'cmake_prefix_path')
[1.357s] INFO:colcon.colcon_core.shell:Creating environment hook '/home/nazia/ros2_ws3/install/my_robot_bringup/share/my_robot_bringup/hook/cmake_prefix_path.ps1'
[1.358s] INFO:colcon.colcon_core.shell:Creating environment descriptor '/home/nazia/ros2_ws3/install/my_robot_bringup/share/my_robot_bringup/hook/cmake_prefix_path.dsv'
[1.359s] INFO:colcon.colcon_core.shell:Creating environment hook '/home/nazia/ros2_ws3/install/my_robot_bringup/share/my_robot_bringup/hook/cmake_prefix_path.sh'
[1.361s] Level 1:colcon.colcon_core.environment:checking '/home/nazia/ros2_ws3/install/my_robot_bringup/bin'
[1.361s] Level 1:colcon.colcon_core.environment:checking '/home/nazia/ros2_ws3/install/my_robot_bringup/lib/pkgconfig/my_robot_bringup.pc'
[1.361s] Level 1:colcon.colcon_core.environment:checking '/home/nazia/ros2_ws3/install/my_robot_bringup/lib/python3.10/site-packages'
[1.361s] Level 1:colcon.colcon_core.environment:checking '/home/nazia/ros2_ws3/install/my_robot_bringup/bin'
[1.362s] INFO:colcon.colcon_core.shell:Creating package script '/home/nazia/ros2_ws3/install/my_robot_bringup/share/my_robot_bringup/package.ps1'
[1.363s] INFO:colcon.colcon_core.shell:Creating package descriptor '/home/nazia/ros2_ws3/install/my_robot_bringup/share/my_robot_bringup/package.dsv'
[1.364s] INFO:colcon.colcon_core.shell:Creating package script '/home/nazia/ros2_ws3/install/my_robot_bringup/share/my_robot_bringup/package.sh'
[1.365s] INFO:colcon.colcon_core.shell:Creating package script '/home/nazia/ros2_ws3/install/my_robot_bringup/share/my_robot_bringup/package.bash'
[1.366s] INFO:colcon.colcon_core.shell:Creating package script '/home/nazia/ros2_ws3/install/my_robot_bringup/share/my_robot_bringup/package.zsh'
[1.367s] Level 1:colcon.colcon_core.environment:create_file_with_runtime_dependencies(/home/nazia/ros2_ws3/install/my_robot_bringup/share/colcon-core/packages/my_robot_bringup)
[1.435s] Level 1:colcon.colcon_core.environment:create_environment_scripts_only(my_robot_bringup)
[1.435s] Level 1:colcon.colcon_core.environment:checking '/home/nazia/ros2_ws3/install/my_robot_bringup' for CMake module files
[1.436s] Level 1:colcon.colcon_core.environment:checking '/home/nazia/ros2_ws3/install/my_robot_bringup' for CMake config files
[1.437s] Level 1:colcon.colcon_core.shell:create_environment_hook('my_robot_bringup', 'cmake_prefix_path')
[1.437s] INFO:colcon.colcon_core.shell:Creating environment hook '/home/nazia/ros2_ws3/install/my_robot_bringup/share/my_robot_bringup/hook/cmake_prefix_path.ps1'
[1.438s] INFO:colcon.colcon_core.shell:Creating environment descriptor '/home/nazia/ros2_ws3/install/my_robot_bringup/share/my_robot_bringup/hook/cmake_prefix_path.dsv'
[1.439s] INFO:colcon.colcon_core.shell:Creating environment hook '/home/nazia/ros2_ws3/install/my_robot_bringup/share/my_robot_bringup/hook/cmake_prefix_path.sh'
[1.440s] Level 1:colcon.colcon_core.environment:checking '/home/nazia/ros2_ws3/install/my_robot_bringup/bin'
[1.441s] Level 1:colcon.colcon_core.environment:checking '/home/nazia/ros2_ws3/install/my_robot_bringup/lib/pkgconfig/my_robot_bringup.pc'
[1.441s] Level 1:colcon.colcon_core.environment:checking '/home/nazia/ros2_ws3/install/my_robot_bringup/lib/python3.10/site-packages'
[1.442s] Level 1:colcon.colcon_core.environment:checking '/home/nazia/ros2_ws3/install/my_robot_bringup/bin'
[1.443s] INFO:colcon.colcon_core.shell:Creating package script '/home/nazia/ros2_ws3/install/my_robot_bringup/share/my_robot_bringup/package.ps1'
[1.445s] INFO:colcon.colcon_core.shell:Creating package descriptor '/home/nazia/ros2_ws3/install/my_robot_bringup/share/my_robot_bringup/package.dsv'
[1.446s] INFO:colcon.colcon_core.shell:Creating package script '/home/nazia/ros2_ws3/install/my_robot_bringup/share/my_robot_bringup/package.sh'
[1.447s] INFO:colcon.colcon_core.shell:Creating package script '/home/nazia/ros2_ws3/install/my_robot_bringup/share/my_robot_bringup/package.bash'
[1.448s] INFO:colcon.colcon_core.shell:Creating package script '/home/nazia/ros2_ws3/install/my_robot_bringup/share/my_robot_bringup/package.zsh'
[1.449s] Level 1:colcon.colcon_core.environment:create_file_with_runtime_dependencies(/home/nazia/ros2_ws3/install/my_robot_bringup/share/colcon-core/packages/my_robot_bringup)
[1.450s] DEBUG:colcon.colcon_parallel_executor.executor.parallel:closing loop
[1.451s] DEBUG:colcon.colcon_parallel_executor.executor.parallel:loop closed
[1.451s] DEBUG:colcon.colcon_parallel_executor.executor.parallel:run_until_complete finished with '0'
[1.451s] DEBUG:colcon.colcon_core.event_reactor:joining thread
[1.464s] INFO:colcon.colcon_core.plugin_system:Skipping extension 'colcon_notification.desktop_notification.terminal_notifier': Not used on non-Darwin systems
[1.465s] INFO:colcon.colcon_core.plugin_system:Skipping extension 'colcon_notification.desktop_notification.win32': Not used on non-Windows systems
[1.465s] INFO:colcon.colcon_notification.desktop_notification:Sending desktop notification using 'notify2'
[1.494s] DEBUG:colcon.colcon_core.event_reactor:joined thread
[1.495s] INFO:colcon.colcon_core.shell:Creating prefix script '/home/nazia/ros2_ws3/install/local_setup.ps1'
[1.498s] INFO:colcon.colcon_core.shell:Creating prefix util module '/home/nazia/ros2_ws3/install/_local_setup_util_ps1.py'
[1.502s] INFO:colcon.colcon_core.shell:Creating prefix chain script '/home/nazia/ros2_ws3/install/setup.ps1'
[1.506s] INFO:colcon.colcon_core.shell:Creating prefix script '/home/nazia/ros2_ws3/install/local_setup.sh'
[1.508s] INFO:colcon.colcon_core.shell:Creating prefix util module '/home/nazia/ros2_ws3/install/_local_setup_util_sh.py'
[1.510s] INFO:colcon.colcon_core.shell:Creating prefix chain script '/home/nazia/ros2_ws3/install/setup.sh'
[1.514s] INFO:colcon.colcon_core.shell:Creating prefix script '/home/nazia/ros2_ws3/install/local_setup.bash'
[1.515s] INFO:colcon.colcon_core.shell:Creating prefix chain script '/home/nazia/ros2_ws3/install/setup.bash'
[1.519s] INFO:colcon.colcon_core.shell:Creating prefix script '/home/nazia/ros2_ws3/install/local_setup.zsh'
[1.521s] INFO:colcon.colcon_core.shell:Creating prefix chain script '/home/nazia/ros2_ws3/install/setup.zsh'
